[ 2016-08-27T16:35:13+08:00 ] 127.0.0.1 /api/json
INFO: [ app_init ] --START--
INFO: Run Behavior\BuildLiteBehavior [ RunTime:0.000041s ]
INFO: [ app_init ] --END-- [ RunTime:0.000245s ]
INFO: [ app_begin ] --START--
INFO: Run Behavior\ReadHtmlCacheBehavior [ RunTime:0.000656s ]
INFO: [ app_begin ] --END-- [ RunTime:0.000880s ]
ERR: SQLSTATE[HY000] [1045] Accès refusé pour l'utilisateur: 'root'@'@localhost' (mot de passe: OUI)

[ 2016-08-27T16:35:27+08:00 ] 127.0.0.1 /api/json
INFO: [ app_init ] --START--
INFO: Run Behavior\BuildLiteBehavior [ RunTime:0.000041s ]
INFO: [ app_init ] --END-- [ RunTime:0.000245s ]
INFO: [ app_begin ] --START--
INFO: Run Behavior\ReadHtmlCacheBehavior [ RunTime:0.000675s ]
INFO: [ app_begin ] --END-- [ RunTime:0.000927s ]
ERR: SQLSTATE[HY000] [1045] Accès refusé pour l'utilisateur: 'root'@'@localhost' (mot de passe: OUI)

[ 2016-08-27T16:35:40+08:00 ] 127.0.0.1 /api/json
INFO: [ app_init ] --START--
INFO: Run Behavior\BuildLiteBehavior [ RunTime:0.000041s ]
INFO: [ app_init ] --END-- [ RunTime:0.000244s ]
INFO: [ app_begin ] --START--
INFO: Run Behavior\ReadHtmlCacheBehavior [ RunTime:0.001440s ]
INFO: [ app_begin ] --END-- [ RunTime:0.001928s ]
ERR: SQLSTATE[HY000] [1045] Accès refusé pour l'utilisateur: 'root'@'@localhost' (mot de passe: OUI)

[ 2016-08-27T16:35:53+08:00 ] 127.0.0.1 /api/json
INFO: [ app_init ] --START--
INFO: Run Behavior\BuildLiteBehavior [ RunTime:0.000040s ]
INFO: [ app_init ] --END-- [ RunTime:0.000244s ]
INFO: [ app_begin ] --START--
INFO: Run Behavior\ReadHtmlCacheBehavior [ RunTime:0.000661s ]
INFO: [ app_begin ] --END-- [ RunTime:0.000872s ]
ERR: SQLSTATE[HY000] [1045] Accès refusé pour l'utilisateur: 'root'@'@localhost' (mot de passe: OUI)

[ 2016-08-27T16:36:15+08:00 ] 127.0.0.1 /api/json
INFO: [ app_init ] --START--
INFO: Run Behavior\BuildLiteBehavior [ RunTime:0.000040s ]
INFO: [ app_init ] --END-- [ RunTime:0.000244s ]
INFO: [ app_begin ] --START--
INFO: Run Behavior\ReadHtmlCacheBehavior [ RunTime:0.000809s ]
INFO: [ app_begin ] --END-- [ RunTime:0.001020s ]
SQL: SHOW COLUMNS FROM `api_logs` [ RunTime:0.0059s ]
SQL: INSERT INTO `api_logs` (`ip`,`type`,`returns`,`time_cost`,`created`) VALUES ('127.0.0.1','json','{\"00001\":\"\\u9519\\u8bef\\u7684\\u8c03\\u7528\\u65b9\\u5f0f\"}','0.012','2016-08-27 16:36:15') [ RunTime:0.0128s ]

[ 2016-08-27T16:36:16+08:00 ] 127.0.0.1 /api/json
INFO: [ app_init ] --START--
INFO: Run Behavior\BuildLiteBehavior [ RunTime:0.000080s ]
INFO: [ app_init ] --END-- [ RunTime:0.000511s ]
INFO: [ app_begin ] --START--
INFO: Run Behavior\ReadHtmlCacheBehavior [ RunTime:0.001087s ]
INFO: [ app_begin ] --END-- [ RunTime:0.001518s ]
SQL: SHOW COLUMNS FROM `api_logs` [ RunTime:0.0063s ]
SQL: INSERT INTO `api_logs` (`ip`,`type`,`returns`,`time_cost`,`created`) VALUES ('127.0.0.1','json','{\"00001\":\"\\u9519\\u8bef\\u7684\\u8c03\\u7528\\u65b9\\u5f0f\"}','0.011','2016-08-27 16:36:16') [ RunTime:0.0032s ]

[ 2016-08-27T16:36:21+08:00 ] 127.0.0.1 /api/json
INFO: [ app_init ] --START--
INFO: Run Behavior\BuildLiteBehavior [ RunTime:0.000079s ]
INFO: [ app_init ] --END-- [ RunTime:0.000505s ]
INFO: [ app_begin ] --START--
INFO: Run Behavior\ReadHtmlCacheBehavior [ RunTime:0.000961s ]
INFO: [ app_begin ] --END-- [ RunTime:0.001327s ]
SQL: SHOW COLUMNS FROM `api_logs` [ RunTime:0.0053s ]
NOTIC: [8] Use of undefined constant ture - assumed 'ture' C:\wamp\www\thinkphp\mysite\Api\Controller\JsonController.class.php 第 25 行.
SQL: SHOW COLUMNS FROM `cnblogs` [ RunTime:0.0096s ]
SQL: SELECT * FROM `cnblogs` WHERE ( 1=1 AND (title like '%linux%' OR detail_content like '%linux%') ) ORDER BY id desc LIMIT 0,10   [ RunTime:0.0030s ]
SQL: SELECT * FROM `cnblogs` WHERE ( 1=1 ) ORDER BY hit desc,id desc LIMIT 10   [ RunTime:0.0023s ]
SQL: SELECT COUNT(1=1 AND (title like '%linux%' OR detail_content like '%linux%')) AS tp_count FROM `cnblogs` WHERE ( 1=1 AND (title like '%linux%' OR detail_content like '%linux%') ) LIMIT 1   [ RunTime:0.0043s ]
SQL: INSERT INTO `api_logs` (`ip`,`type`,`incomes`,`returns`,`time_cost`,`created`) VALUES ('127.0.0.1','json','{\"Code\":\"loweringye\",\"Passwd\":\"888888\",\"QueryType\":\"GetPost\",\"tag\":\"linux\",\"page\":1}','{\"message\":true,\"content\":\"{\\\"post\\\":[{\\\"id\\\":\\\"22\\\",\\\"title\\\":\\\"linux\\\\u91cd\\\\u65b0\\\\u589e\\\\u52a0\\\\u786c\\\\u76d8\\\\u5bb9\\\\u91cf\\\",\\\"date\\\":\\\"2015\\\\u5e748\\\\u670829\\\\u65e5  \\\",\\\"content\\\":\\\"1\\\\u3001\\\\u5148\\\\u7528df -h\\\\u67e5\\\\u770b\\\\u786c\\\\u76d8\\\\u4f7f\\\\u7528\\\\u60c5\\\\u51b52\\\\u3001fdisk -l\\\\u67e5\\\\u770b\\\\u5206\\\\u533a\\\\u60c5\\\\u51b5\\\\u8868\\\\u793a\\\\u8fd8\\\\u6ca1\\\\u6709\\\\u6302\\\\u8f7d3\\\\u3001fdisk \\\\\\/dev\\\\\\/vdb\\\\u8fdb\\\\u884c\\\\u5206\\\\u533a4\\\\u3001mkfs...\\\"},{\\\"id\\\":\\\"20\\\",\\\"title\\\":\\\"linux\\\\u7cfb\\\\u7edf\\\\u6587\\\\u4ef6\\\\u7684\\\\u989c\\\\u8272\\\\u4ee3\\\\u8868\\\\u7684\\\\u610f\\\\u601d\\\",\\\"date\\\":\\\"2015\\\\u5e749\\\\u670811\\\\u65e5  \\\",\\\"content\\\":\\\"1\\\\u3001\\\\u84dd\\\\u8272\\\\u4ee3\\\\u8868\\\\u76ee\\\\u5f552\\\\u3001\\\\u7eff\\\\u8272\\\\u4ee3\\\\u8868\\\\u53ef\\\\u6267\\\\u884c\\\\u6587\\\\u4ef63\\\\u3001\\\\u7ea2\\\\u8272\\\\u4ee3\\\\u8868\\\\u53ef\\\\u538b\\\\u7f29\\\\u6587\\\\u4ef64\\\\u3001\\\\u767d\\\\u8272\\\\u4ee3\\\\u8868\\\\u5176\\\\u4ed6\\\\u6587\\\\u4ef65\\\\u3001\\\\u6d45\\\\u84dd\\\\u8272\\\\u4ee3\\\\u8868\\\\u94fe\\\\u63a5\\\\u6587\\\\u4ef6...\\\"},{\\\"id\\\":\\\"16\\\",\\\"title\\\":\\\"linux \\\\u547d\\\\u4ee4 \\\\u6539\\\\u53d8\\\\u6307\\\\u5b9a\\\\u76ee\\\\u5f55\\\\u4ee5\\\\u53ca\\\\u5176\\\\u5b50\\\\u76ee\\\\u5f55\\\\u4e0b\\\\u7684\\\\u6240\\\\u6709\\\\u6587\\\\u4ef6\\\\u7684\\\\u62e5\\\\u6709\\\\u8005\\\\u548c\\\\u7fa4\\\\u7ec4\\\",\\\"date\\\":\\\"2015\\\\u5e749\\\\u670823\\\\u65e5  \\\",\\\"content\\\":\\\"chown&nbsp;-R&nbsp;-v \\\\u7ec4:\\\\u7528\\\\u6237 XXX\\\\u76ee\\\\u5f55\\\"},{\\\"id\\\":\\\"14\\\",\\\"title\\\":\\\"linux\\\\u538b\\\\u7f29\\\\u4e0e\\\\u89e3\\\\u538b\\\\u7f29 tar\\\\u547d\\\\u4ee4\\\",\\\"date\\\":\\\"2015\\\\u5e7410\\\\u670815\\\\u65e5  \\\",\\\"content\\\":\\\"#\\\\u538b\\\\u7f29tar&nbsp;-czvf&nbsp;***.tar.gz &nbsp;filetar&nbsp;-cjvf&nbsp;***.tar.bz2&nbsp;file#\\\\u89e3\\\\u538b\\\\u7f29tar...\\\"},{\\\"id\\\":\\\"11\\\",\\\"title\\\":\\\"linux\\\\u91cc\\\\u67e5\\\\u770b\\\\u6587\\\\u4ef6\\\\u5927\\\\u5c0f\\\",\\\"date\\\":\\\"2015\\\\u5e7412\\\\u670818\\\\u65e5  \\\",\\\"content\\\":\\\"du -sh *\\\"},{\\\"id\\\":\\\"10\\\",\\\"title\\\":\\\"Linux\\\\u547d\\\\u4ee4 &amp;\\\\u4e0e&amp;&amp;\\\\u7684\\\\u4f5c\\\\u7528\\\",\\\"date\\\":\\\"2015\\\\u5e7412\\\\u670824\\\\u65e5  \\\",\\\"content\\\":\\\"1\\\\u3001ls &amp;\\\\u8868\\\\u793a\\\\u540e\\\\u53f0\\\\u670d\\\\u52a12\\\\u3001ls &amp;&amp; ll&nbsp;\\\\u8868\\\\u793a\\\\u524d\\\\u8005\\\\u6267\\\\u884c\\\\u6210\\\\u529f\\\\uff0c\\\\u6267\\\\u884c\\\\u540e\\\\u53f0\\\\u547d\\\\u4ee4\\\"},{\\\"id\\\":\\\"3\\\",\\\"title\\\":\\\"\\\\u5237\\\\u65b0dns\\\",\\\"date\\\":\\\"2016\\\\u5e748\\\\u67087\\\\u65e5  \\\",\\\"content\\\":\\\"1\\\\u3001window:ipconfig \\\\\\/flushdns2\\\\u3001linux&nbsp;sudo rcnscd restart\\\"}],\\\"hit\\\":[{\\\"id\\\":\\\"23\\\",\\\"title\\\":\\\"\\\\u5b66\\\\u4e60php\\\\u7f16\\\\u7a0b\\\"},{\\\"id\\\":\\\"22\\\",\\\"title\\\":\\\"linux\\\\u91cd\\\\u65b0\\\\u589e\\\\u52a0\\\\u786c\\\\u76d8\\\\u5bb9\\\\u91cf\\\"},{\\\"id\\\":\\\"21\\\",\\\"title\\\":\\\"a\\\\u6807\\\\u7b7e\\\\u62e8\\\\u6253\\\\u7535\\\\u8bdd\\\\u3001\\\\u53d1\\\\u77ed\\\\u4fe1\\\\u3001\\\\u53d1\\\\u90ae\\\\u4ef6\\\"},{\\\"id\\\":\\\"20\\\",\\\"title\\\":\\\"linux\\\\u7cfb\\\\u7edf\\\\u6587\\\\u4ef6\\\\u7684\\\\u989c\\\\u8272\\\\u4ee3\\\\u8868\\\\u7684\\\\u610f\\\\u601d\\\"},{\\\"id\\\":\\\"19\\\",\\\"title\\\":\\\"VMware Workstation 10.0 \\\\u4e0b\\\\u8f7d \\\\u2013 \\\\u6b63\\\\u7248\\\\u5e8f\\\\u5217\\\\u53f7 \\\\u7b80\\\\u4f53\\\\u4e2d\\\\u6587\\\\u5b98\\\\u65b9\\\\u539f\\\\u7248\\\"},{\\\"id\\\":\\\"18\\\",\\\"title\\\":\\\"\\\\u67e5\\\\u770b MySQL \\\\u6570\\\\u636e\\\\u5e93\\\\u4e2d\\\\u6bcf\\\\u4e2a\\\\u8868\\\\u5360\\\\u7528\\\\u7684\\\\u7a7a\\\\u95f4\\\\u5927\\\\u5c0f\\\"},{\\\"id\\\":\\\"17\\\",\\\"title\\\":\\\"html5 API\\\"},{\\\"id\\\":\\\"16\\\",\\\"title\\\":\\\"linux \\\\u547d\\\\u4ee4 \\\\u6539\\\\u53d8\\\\u6307\\\\u5b9a\\\\u76ee\\\\u5f55\\\\u4ee5\\\\u53ca\\\\u5176\\\\u5b50\\\\u76ee\\\\u5f55\\\\u4e0b\\\\u7684\\\\u6240\\\\u6709\\\\u6587\\\\u4ef6\\\\u7684\\\\u62e5\\\\u6709\\\\u8005\\\\u548c\\\\u7fa4\\\\u7ec4\\\"},{\\\"id\\\":\\\"15\\\",\\\"title\\\":\\\"nginx\\\\u91cd\\\\u65b0\\\\u52a0\\\\u8f7d\\\\u914d\\\\u7f6e\\\"},{\\\"id\\\":\\\"14\\\",\\\"title\\\":\\\"linux\\\\u538b\\\\u7f29\\\\u4e0e\\\\u89e3\\\\u538b\\\\u7f29 tar\\\\u547d\\\\u4ee4\\\"}],\\\"tag\\\":[\\\"linux\\\",\\\"nginx\\\",\\\"apache\\\",\\\"php\\\",\\\"mysql\\\",\\\"mongodb\\\",\\\"nodejs\\\",\\\"jquery\\\",\\\"html5\\\",\\\"html\\\",\\\"css\\\",\\\"css3\\\",\\\"ajax\\\",\\\"bootstrap\\\",\\\"AngularJS\\\",\\\"vue.js\\\",\\\"python\\\",\\\"xml\\\",\\\"json\\\",\\\"svn\\\",\\\"git\\\",\\\"http\\\",\\\"Redis\\\",\\\"Memcached\\\",\\\"preg\\\",\\\"React\\\",\\\"Foundation\\\",\\\"jQuery UI\\\",\\\"jQuery EasyUI\\\",\\\"jQuery Mobile\\\",\\\"ionic\\\",\\\"hybrid HTML5\\\",\\\"phonegap100\\\"]}\",\"page\":1,\"page_count\":1}','27.709','2016-08-27 16:36:21') [ RunTime:0.0060s ]

[ 2016-08-27T16:37:36+08:00 ] 127.0.0.1 /api/json
INFO: [ app_init ] --START--
INFO: Run Behavior\BuildLiteBehavior [ RunTime:0.000041s ]
INFO: [ app_init ] --END-- [ RunTime:0.000246s ]
INFO: [ app_begin ] --START--
INFO: Run Behavior\ReadHtmlCacheBehavior [ RunTime:0.000891s ]
INFO: [ app_begin ] --END-- [ RunTime:0.001139s ]
SQL: SHOW COLUMNS FROM `api_logs` [ RunTime:0.0041s ]
NOTIC: [8] Use of undefined constant ture - assumed 'ture' C:\wamp\www\thinkphp\mysite\Api\Controller\JsonController.class.php 第 25 行.
SQL: SHOW COLUMNS FROM `cnblogs` [ RunTime:0.0042s ]
SQL: SELECT * FROM `cnblogs` WHERE ( 1=1 AND (title like '%linux%' OR detail_content like '%linux%') ) ORDER BY id desc LIMIT 0,10   [ RunTime:0.0008s ]
SQL: SELECT * FROM `cnblogs` WHERE ( 1=1 ) ORDER BY hit desc,id desc LIMIT 10   [ RunTime:0.0005s ]
SQL: SELECT COUNT(1=1 AND (title like '%linux%' OR detail_content like '%linux%')) AS tp_count FROM `cnblogs` WHERE ( 1=1 AND (title like '%linux%' OR detail_content like '%linux%') ) LIMIT 1   [ RunTime:0.0005s ]
SQL: INSERT INTO `api_logs` (`ip`,`type`,`incomes`,`returns`,`time_cost`,`created`) VALUES ('127.0.0.1','json','{\"Code\":\"loweringye\",\"Passwd\":\"888888\",\"QueryType\":\"GetPost\",\"tag\":\"linux\",\"page\":1}','{\"message\":true,\"content\":\"{\\\"post\\\":[{\\\"id\\\":\\\"22\\\",\\\"title\\\":\\\"linux\\\\u91cd\\\\u65b0\\\\u589e\\\\u52a0\\\\u786c\\\\u76d8\\\\u5bb9\\\\u91cf\\\",\\\"date\\\":\\\"2015\\\\u5e748\\\\u670829\\\\u65e5  \\\",\\\"content\\\":\\\"1\\\\u3001\\\\u5148\\\\u7528df -h\\\\u67e5\\\\u770b\\\\u786c\\\\u76d8\\\\u4f7f\\\\u7528\\\\u60c5\\\\u51b52\\\\u3001fdisk -l\\\\u67e5\\\\u770b\\\\u5206\\\\u533a\\\\u60c5\\\\u51b5\\\\u8868\\\\u793a\\\\u8fd8\\\\u6ca1\\\\u6709\\\\u6302\\\\u8f7d3\\\\u3001fdisk \\\\\\/dev\\\\\\/vdb\\\\u8fdb\\\\u884c\\\\u5206\\\\u533a4\\\\u3001mkfs...\\\"},{\\\"id\\\":\\\"20\\\",\\\"title\\\":\\\"linux\\\\u7cfb\\\\u7edf\\\\u6587\\\\u4ef6\\\\u7684\\\\u989c\\\\u8272\\\\u4ee3\\\\u8868\\\\u7684\\\\u610f\\\\u601d\\\",\\\"date\\\":\\\"2015\\\\u5e749\\\\u670811\\\\u65e5  \\\",\\\"content\\\":\\\"1\\\\u3001\\\\u84dd\\\\u8272\\\\u4ee3\\\\u8868\\\\u76ee\\\\u5f552\\\\u3001\\\\u7eff\\\\u8272\\\\u4ee3\\\\u8868\\\\u53ef\\\\u6267\\\\u884c\\\\u6587\\\\u4ef63\\\\u3001\\\\u7ea2\\\\u8272\\\\u4ee3\\\\u8868\\\\u53ef\\\\u538b\\\\u7f29\\\\u6587\\\\u4ef64\\\\u3001\\\\u767d\\\\u8272\\\\u4ee3\\\\u8868\\\\u5176\\\\u4ed6\\\\u6587\\\\u4ef65\\\\u3001\\\\u6d45\\\\u84dd\\\\u8272\\\\u4ee3\\\\u8868\\\\u94fe\\\\u63a5\\\\u6587\\\\u4ef6...\\\"},{\\\"id\\\":\\\"16\\\",\\\"title\\\":\\\"linux \\\\u547d\\\\u4ee4 \\\\u6539\\\\u53d8\\\\u6307\\\\u5b9a\\\\u76ee\\\\u5f55\\\\u4ee5\\\\u53ca\\\\u5176\\\\u5b50\\\\u76ee\\\\u5f55\\\\u4e0b\\\\u7684\\\\u6240\\\\u6709\\\\u6587\\\\u4ef6\\\\u7684\\\\u62e5\\\\u6709\\\\u8005\\\\u548c\\\\u7fa4\\\\u7ec4\\\",\\\"date\\\":\\\"2015\\\\u5e749\\\\u670823\\\\u65e5  \\\",\\\"content\\\":\\\"chown&nbsp;-R&nbsp;-v \\\\u7ec4:\\\\u7528\\\\u6237 XXX\\\\u76ee\\\\u5f55\\\"},{\\\"id\\\":\\\"14\\\",\\\"title\\\":\\\"linux\\\\u538b\\\\u7f29\\\\u4e0e\\\\u89e3\\\\u538b\\\\u7f29 tar\\\\u547d\\\\u4ee4\\\",\\\"date\\\":\\\"2015\\\\u5e7410\\\\u670815\\\\u65e5  \\\",\\\"content\\\":\\\"#\\\\u538b\\\\u7f29tar&nbsp;-czvf&nbsp;***.tar.gz &nbsp;filetar&nbsp;-cjvf&nbsp;***.tar.bz2&nbsp;file#\\\\u89e3\\\\u538b\\\\u7f29tar...\\\"},{\\\"id\\\":\\\"11\\\",\\\"title\\\":\\\"linux\\\\u91cc\\\\u67e5\\\\u770b\\\\u6587\\\\u4ef6\\\\u5927\\\\u5c0f\\\",\\\"date\\\":\\\"2015\\\\u5e7412\\\\u670818\\\\u65e5  \\\",\\\"content\\\":\\\"du -sh *\\\"},{\\\"id\\\":\\\"10\\\",\\\"title\\\":\\\"Linux\\\\u547d\\\\u4ee4 &amp;\\\\u4e0e&amp;&amp;\\\\u7684\\\\u4f5c\\\\u7528\\\",\\\"date\\\":\\\"2015\\\\u5e7412\\\\u670824\\\\u65e5  \\\",\\\"content\\\":\\\"1\\\\u3001ls &amp;\\\\u8868\\\\u793a\\\\u540e\\\\u53f0\\\\u670d\\\\u52a12\\\\u3001ls &amp;&amp; ll&nbsp;\\\\u8868\\\\u793a\\\\u524d\\\\u8005\\\\u6267\\\\u884c\\\\u6210\\\\u529f\\\\uff0c\\\\u6267\\\\u884c\\\\u540e\\\\u53f0\\\\u547d\\\\u4ee4\\\"},{\\\"id\\\":\\\"3\\\",\\\"title\\\":\\\"\\\\u5237\\\\u65b0dns\\\",\\\"date\\\":\\\"2016\\\\u5e748\\\\u67087\\\\u65e5  \\\",\\\"content\\\":\\\"1\\\\u3001window:ipconfig \\\\\\/flushdns2\\\\u3001linux&nbsp;sudo rcnscd restart\\\"}],\\\"hit\\\":[{\\\"id\\\":\\\"23\\\",\\\"title\\\":\\\"\\\\u5b66\\\\u4e60php\\\\u7f16\\\\u7a0b\\\"},{\\\"id\\\":\\\"22\\\",\\\"title\\\":\\\"linux\\\\u91cd\\\\u65b0\\\\u589e\\\\u52a0\\\\u786c\\\\u76d8\\\\u5bb9\\\\u91cf\\\"},{\\\"id\\\":\\\"21\\\",\\\"title\\\":\\\"a\\\\u6807\\\\u7b7e\\\\u62e8\\\\u6253\\\\u7535\\\\u8bdd\\\\u3001\\\\u53d1\\\\u77ed\\\\u4fe1\\\\u3001\\\\u53d1\\\\u90ae\\\\u4ef6\\\"},{\\\"id\\\":\\\"20\\\",\\\"title\\\":\\\"linux\\\\u7cfb\\\\u7edf\\\\u6587\\\\u4ef6\\\\u7684\\\\u989c\\\\u8272\\\\u4ee3\\\\u8868\\\\u7684\\\\u610f\\\\u601d\\\"},{\\\"id\\\":\\\"19\\\",\\\"title\\\":\\\"VMware Workstation 10.0 \\\\u4e0b\\\\u8f7d \\\\u2013 \\\\u6b63\\\\u7248\\\\u5e8f\\\\u5217\\\\u53f7 \\\\u7b80\\\\u4f53\\\\u4e2d\\\\u6587\\\\u5b98\\\\u65b9\\\\u539f\\\\u7248\\\"},{\\\"id\\\":\\\"18\\\",\\\"title\\\":\\\"\\\\u67e5\\\\u770b MySQL \\\\u6570\\\\u636e\\\\u5e93\\\\u4e2d\\\\u6bcf\\\\u4e2a\\\\u8868\\\\u5360\\\\u7528\\\\u7684\\\\u7a7a\\\\u95f4\\\\u5927\\\\u5c0f\\\"},{\\\"id\\\":\\\"17\\\",\\\"title\\\":\\\"html5 API\\\"},{\\\"id\\\":\\\"16\\\",\\\"title\\\":\\\"linux \\\\u547d\\\\u4ee4 \\\\u6539\\\\u53d8\\\\u6307\\\\u5b9a\\\\u76ee\\\\u5f55\\\\u4ee5\\\\u53ca\\\\u5176\\\\u5b50\\\\u76ee\\\\u5f55\\\\u4e0b\\\\u7684\\\\u6240\\\\u6709\\\\u6587\\\\u4ef6\\\\u7684\\\\u62e5\\\\u6709\\\\u8005\\\\u548c\\\\u7fa4\\\\u7ec4\\\"},{\\\"id\\\":\\\"15\\\",\\\"title\\\":\\\"nginx\\\\u91cd\\\\u65b0\\\\u52a0\\\\u8f7d\\\\u914d\\\\u7f6e\\\"},{\\\"id\\\":\\\"14\\\",\\\"title\\\":\\\"linux\\\\u538b\\\\u7f29\\\\u4e0e\\\\u89e3\\\\u538b\\\\u7f29 tar\\\\u547d\\\\u4ee4\\\"}],\\\"tag\\\":[\\\"linux\\\",\\\"nginx\\\",\\\"apache\\\",\\\"php\\\",\\\"mysql\\\",\\\"mongodb\\\",\\\"nodejs\\\",\\\"jquery\\\",\\\"html5\\\",\\\"html\\\",\\\"css\\\",\\\"css3\\\",\\\"ajax\\\",\\\"bootstrap\\\",\\\"AngularJS\\\",\\\"vue.js\\\",\\\"python\\\",\\\"xml\\\",\\\"json\\\",\\\"svn\\\",\\\"git\\\",\\\"http\\\",\\\"Redis\\\",\\\"Memcached\\\",\\\"preg\\\",\\\"React\\\",\\\"Foundation\\\",\\\"jQuery UI\\\",\\\"jQuery EasyUI\\\",\\\"jQuery Mobile\\\",\\\"ionic\\\",\\\"hybrid HTML5\\\",\\\"phonegap100\\\"]}\",\"page\":1,\"page_count\":1}','9.377','2016-08-27 16:37:36') [ RunTime:0.0092s ]

[ 2016-08-27T16:38:03+08:00 ] 127.0.0.1 /api/json
INFO: [ app_init ] --START--
INFO: Run Behavior\BuildLiteBehavior [ RunTime:0.000039s ]
INFO: [ app_init ] --END-- [ RunTime:0.000244s ]
INFO: [ app_begin ] --START--
INFO: Run Behavior\ReadHtmlCacheBehavior [ RunTime:0.000904s ]
INFO: [ app_begin ] --END-- [ RunTime:0.001131s ]
SQL: SHOW COLUMNS FROM `api_logs` [ RunTime:0.0046s ]
NOTIC: [8] Use of undefined constant ture - assumed 'ture' C:\wamp\www\thinkphp\mysite\Api\Controller\JsonController.class.php 第 25 行.
SQL: SHOW COLUMNS FROM `cnblogs` [ RunTime:0.0049s ]
SQL: SELECT * FROM `cnblogs` WHERE ( 1=1 AND (title like '%linux%' OR detail_content like '%linux%') ) ORDER BY id desc LIMIT 0,10   [ RunTime:0.0008s ]
SQL: SELECT * FROM `cnblogs` WHERE ( 1=1 ) ORDER BY hit desc,id desc LIMIT 10   [ RunTime:0.0007s ]
SQL: SELECT COUNT(1=1 AND (title like '%linux%' OR detail_content like '%linux%')) AS tp_count FROM `cnblogs` WHERE ( 1=1 AND (title like '%linux%' OR detail_content like '%linux%') ) LIMIT 1   [ RunTime:0.0006s ]
SQL: INSERT INTO `api_logs` (`ip`,`type`,`incomes`,`returns`,`time_cost`,`created`) VALUES ('127.0.0.1','json','{\"Code\":\"loweringye\",\"Passwd\":\"888888\",\"QueryType\":\"GetPost\",\"tag\":\"linux\",\"page\":1}','{\"message\":true,\"content\":\"{\\\"post\\\":[{\\\"id\\\":\\\"22\\\",\\\"title\\\":\\\"linux\\\\u91cd\\\\u65b0\\\\u589e\\\\u52a0\\\\u786c\\\\u76d8\\\\u5bb9\\\\u91cf\\\",\\\"date\\\":\\\"2015\\\\u5e748\\\\u670829\\\\u65e5  \\\",\\\"content\\\":\\\"1\\\\u3001\\\\u5148\\\\u7528df -h\\\\u67e5\\\\u770b\\\\u786c\\\\u76d8\\\\u4f7f\\\\u7528\\\\u60c5\\\\u51b52\\\\u3001fdisk -l\\\\u67e5\\\\u770b\\\\u5206\\\\u533a\\\\u60c5\\\\u51b5\\\\u8868\\\\u793a\\\\u8fd8\\\\u6ca1\\\\u6709\\\\u6302\\\\u8f7d3\\\\u3001fdisk \\\\\\/dev\\\\\\/vdb\\\\u8fdb\\\\u884c\\\\u5206\\\\u533a4\\\\u3001mkfs...\\\"},{\\\"id\\\":\\\"20\\\",\\\"title\\\":\\\"linux\\\\u7cfb\\\\u7edf\\\\u6587\\\\u4ef6\\\\u7684\\\\u989c\\\\u8272\\\\u4ee3\\\\u8868\\\\u7684\\\\u610f\\\\u601d\\\",\\\"date\\\":\\\"2015\\\\u5e749\\\\u670811\\\\u65e5  \\\",\\\"content\\\":\\\"1\\\\u3001\\\\u84dd\\\\u8272\\\\u4ee3\\\\u8868\\\\u76ee\\\\u5f552\\\\u3001\\\\u7eff\\\\u8272\\\\u4ee3\\\\u8868\\\\u53ef\\\\u6267\\\\u884c\\\\u6587\\\\u4ef63\\\\u3001\\\\u7ea2\\\\u8272\\\\u4ee3\\\\u8868\\\\u53ef\\\\u538b\\\\u7f29\\\\u6587\\\\u4ef64\\\\u3001\\\\u767d\\\\u8272\\\\u4ee3\\\\u8868\\\\u5176\\\\u4ed6\\\\u6587\\\\u4ef65\\\\u3001\\\\u6d45\\\\u84dd\\\\u8272\\\\u4ee3\\\\u8868\\\\u94fe\\\\u63a5\\\\u6587\\\\u4ef6...\\\"},{\\\"id\\\":\\\"16\\\",\\\"title\\\":\\\"linux \\\\u547d\\\\u4ee4 \\\\u6539\\\\u53d8\\\\u6307\\\\u5b9a\\\\u76ee\\\\u5f55\\\\u4ee5\\\\u53ca\\\\u5176\\\\u5b50\\\\u76ee\\\\u5f55\\\\u4e0b\\\\u7684\\\\u6240\\\\u6709\\\\u6587\\\\u4ef6\\\\u7684\\\\u62e5\\\\u6709\\\\u8005\\\\u548c\\\\u7fa4\\\\u7ec4\\\",\\\"date\\\":\\\"2015\\\\u5e749\\\\u670823\\\\u65e5  \\\",\\\"content\\\":\\\"chown&nbsp;-R&nbsp;-v \\\\u7ec4:\\\\u7528\\\\u6237 XXX\\\\u76ee\\\\u5f55\\\"},{\\\"id\\\":\\\"14\\\",\\\"title\\\":\\\"linux\\\\u538b\\\\u7f29\\\\u4e0e\\\\u89e3\\\\u538b\\\\u7f29 tar\\\\u547d\\\\u4ee4\\\",\\\"date\\\":\\\"2015\\\\u5e7410\\\\u670815\\\\u65e5  \\\",\\\"content\\\":\\\"#\\\\u538b\\\\u7f29tar&nbsp;-czvf&nbsp;***.tar.gz &nbsp;filetar&nbsp;-cjvf&nbsp;***.tar.bz2&nbsp;file#\\\\u89e3\\\\u538b\\\\u7f29tar...\\\"},{\\\"id\\\":\\\"11\\\",\\\"title\\\":\\\"linux\\\\u91cc\\\\u67e5\\\\u770b\\\\u6587\\\\u4ef6\\\\u5927\\\\u5c0f\\\",\\\"date\\\":\\\"2015\\\\u5e7412\\\\u670818\\\\u65e5  \\\",\\\"content\\\":\\\"du -sh *\\\"},{\\\"id\\\":\\\"10\\\",\\\"title\\\":\\\"Linux\\\\u547d\\\\u4ee4 &amp;\\\\u4e0e&amp;&amp;\\\\u7684\\\\u4f5c\\\\u7528\\\",\\\"date\\\":\\\"2015\\\\u5e7412\\\\u670824\\\\u65e5  \\\",\\\"content\\\":\\\"1\\\\u3001ls &amp;\\\\u8868\\\\u793a\\\\u540e\\\\u53f0\\\\u670d\\\\u52a12\\\\u3001ls &amp;&amp; ll&nbsp;\\\\u8868\\\\u793a\\\\u524d\\\\u8005\\\\u6267\\\\u884c\\\\u6210\\\\u529f\\\\uff0c\\\\u6267\\\\u884c\\\\u540e\\\\u53f0\\\\u547d\\\\u4ee4\\\"},{\\\"id\\\":\\\"3\\\",\\\"title\\\":\\\"\\\\u5237\\\\u65b0dns\\\",\\\"date\\\":\\\"2016\\\\u5e748\\\\u67087\\\\u65e5  \\\",\\\"content\\\":\\\"1\\\\u3001window:ipconfig \\\\\\/flushdns2\\\\u3001linux&nbsp;sudo rcnscd restart\\\"}],\\\"hit\\\":[{\\\"id\\\":\\\"23\\\",\\\"title\\\":\\\"\\\\u5b66\\\\u4e60php\\\\u7f16\\\\u7a0b\\\"},{\\\"id\\\":\\\"22\\\",\\\"title\\\":\\\"linux\\\\u91cd\\\\u65b0\\\\u589e\\\\u52a0\\\\u786c\\\\u76d8\\\\u5bb9\\\\u91cf\\\"},{\\\"id\\\":\\\"21\\\",\\\"title\\\":\\\"a\\\\u6807\\\\u7b7e\\\\u62e8\\\\u6253\\\\u7535\\\\u8bdd\\\\u3001\\\\u53d1\\\\u77ed\\\\u4fe1\\\\u3001\\\\u53d1\\\\u90ae\\\\u4ef6\\\"},{\\\"id\\\":\\\"20\\\",\\\"title\\\":\\\"linux\\\\u7cfb\\\\u7edf\\\\u6587\\\\u4ef6\\\\u7684\\\\u989c\\\\u8272\\\\u4ee3\\\\u8868\\\\u7684\\\\u610f\\\\u601d\\\"},{\\\"id\\\":\\\"19\\\",\\\"title\\\":\\\"VMware Workstation 10.0 \\\\u4e0b\\\\u8f7d \\\\u2013 \\\\u6b63\\\\u7248\\\\u5e8f\\\\u5217\\\\u53f7 \\\\u7b80\\\\u4f53\\\\u4e2d\\\\u6587\\\\u5b98\\\\u65b9\\\\u539f\\\\u7248\\\"},{\\\"id\\\":\\\"18\\\",\\\"title\\\":\\\"\\\\u67e5\\\\u770b MySQL \\\\u6570\\\\u636e\\\\u5e93\\\\u4e2d\\\\u6bcf\\\\u4e2a\\\\u8868\\\\u5360\\\\u7528\\\\u7684\\\\u7a7a\\\\u95f4\\\\u5927\\\\u5c0f\\\"},{\\\"id\\\":\\\"17\\\",\\\"title\\\":\\\"html5 API\\\"},{\\\"id\\\":\\\"16\\\",\\\"title\\\":\\\"linux \\\\u547d\\\\u4ee4 \\\\u6539\\\\u53d8\\\\u6307\\\\u5b9a\\\\u76ee\\\\u5f55\\\\u4ee5\\\\u53ca\\\\u5176\\\\u5b50\\\\u76ee\\\\u5f55\\\\u4e0b\\\\u7684\\\\u6240\\\\u6709\\\\u6587\\\\u4ef6\\\\u7684\\\\u62e5\\\\u6709\\\\u8005\\\\u548c\\\\u7fa4\\\\u7ec4\\\"},{\\\"id\\\":\\\"15\\\",\\\"title\\\":\\\"nginx\\\\u91cd\\\\u65b0\\\\u52a0\\\\u8f7d\\\\u914d\\\\u7f6e\\\"},{\\\"id\\\":\\\"14\\\",\\\"title\\\":\\\"linux\\\\u538b\\\\u7f29\\\\u4e0e\\\\u89e3\\\\u538b\\\\u7f29 tar\\\\u547d\\\\u4ee4\\\"}],\\\"tag\\\":[\\\"linux\\\",\\\"nginx\\\",\\\"apache\\\",\\\"php\\\",\\\"mysql\\\",\\\"mongodb\\\",\\\"nodejs\\\",\\\"jquery\\\",\\\"html5\\\",\\\"html\\\",\\\"css\\\",\\\"css3\\\",\\\"ajax\\\",\\\"bootstrap\\\",\\\"AngularJS\\\",\\\"vue.js\\\",\\\"python\\\",\\\"xml\\\",\\\"json\\\",\\\"svn\\\",\\\"git\\\",\\\"http\\\",\\\"Redis\\\",\\\"Memcached\\\",\\\"preg\\\",\\\"React\\\",\\\"Foundation\\\",\\\"jQuery UI\\\",\\\"jQuery EasyUI\\\",\\\"jQuery Mobile\\\",\\\"ionic\\\",\\\"hybrid HTML5\\\",\\\"phonegap100\\\"]}\",\"page\":1,\"page_count\":1}','12.225','2016-08-27 16:38:03') [ RunTime:0.0042s ]

[ 2016-08-27T16:39:40+08:00 ] 127.0.0.1 /api/json
INFO: [ app_init ] --START--
INFO: Run Behavior\BuildLiteBehavior [ RunTime:0.000043s ]
INFO: [ app_init ] --END-- [ RunTime:0.000257s ]
INFO: [ app_begin ] --START--
INFO: Run Behavior\ReadHtmlCacheBehavior [ RunTime:0.000932s ]
INFO: [ app_begin ] --END-- [ RunTime:0.001157s ]
SQL: SHOW COLUMNS FROM `api_logs` [ RunTime:0.0039s ]
NOTIC: [8] Use of undefined constant ture - assumed 'ture' C:\wamp\www\thinkphp\mysite\Api\Controller\JsonController.class.php 第 25 行.
SQL: SHOW COLUMNS FROM `cnblogs` [ RunTime:0.0045s ]
SQL: SELECT * FROM `cnblogs` WHERE ( 1=1 AND (title like '%linux%' OR detail_content like '%linux%') ) ORDER BY id desc LIMIT 0,10   [ RunTime:0.0007s ]
SQL: SELECT * FROM `cnblogs` WHERE ( 1=1 ) ORDER BY hit desc,id desc LIMIT 10   [ RunTime:0.0008s ]
SQL: SELECT COUNT(1=1 AND (title like '%linux%' OR detail_content like '%linux%')) AS tp_count FROM `cnblogs` WHERE ( 1=1 AND (title like '%linux%' OR detail_content like '%linux%') ) LIMIT 1   [ RunTime:0.0005s ]
SQL: INSERT INTO `api_logs` (`ip`,`type`,`incomes`,`returns`,`time_cost`,`created`) VALUES ('127.0.0.1','json','{\"Code\":\"loweringye\",\"Passwd\":\"888888\",\"QueryType\":\"GetPost\",\"tag\":\"linux\",\"page\":1}','{\"message\":true,\"content\":\"{\\\"post\\\":[{\\\"id\\\":\\\"22\\\",\\\"title\\\":\\\"linux\\\\u91cd\\\\u65b0\\\\u589e\\\\u52a0\\\\u786c\\\\u76d8\\\\u5bb9\\\\u91cf\\\",\\\"date\\\":\\\"2015\\\\u5e748\\\\u670829\\\\u65e5  \\\",\\\"content\\\":\\\"1\\\\u3001\\\\u5148\\\\u7528df -h\\\\u67e5\\\\u770b\\\\u786c\\\\u76d8\\\\u4f7f\\\\u7528\\\\u60c5\\\\u51b52\\\\u3001fdisk -l\\\\u67e5\\\\u770b\\\\u5206\\\\u533a\\\\u60c5\\\\u51b5\\\\u8868\\\\u793a\\\\u8fd8\\\\u6ca1\\\\u6709\\\\u6302\\\\u8f7d3\\\\u3001fdisk \\\\\\/dev\\\\\\/vdb\\\\u8fdb\\\\u884c\\\\u5206\\\\u533a4\\\\u3001mkfs...\\\"},{\\\"id\\\":\\\"20\\\",\\\"title\\\":\\\"linux\\\\u7cfb\\\\u7edf\\\\u6587\\\\u4ef6\\\\u7684\\\\u989c\\\\u8272\\\\u4ee3\\\\u8868\\\\u7684\\\\u610f\\\\u601d\\\",\\\"date\\\":\\\"2015\\\\u5e749\\\\u670811\\\\u65e5  \\\",\\\"content\\\":\\\"1\\\\u3001\\\\u84dd\\\\u8272\\\\u4ee3\\\\u8868\\\\u76ee\\\\u5f552\\\\u3001\\\\u7eff\\\\u8272\\\\u4ee3\\\\u8868\\\\u53ef\\\\u6267\\\\u884c\\\\u6587\\\\u4ef63\\\\u3001\\\\u7ea2\\\\u8272\\\\u4ee3\\\\u8868\\\\u53ef\\\\u538b\\\\u7f29\\\\u6587\\\\u4ef64\\\\u3001\\\\u767d\\\\u8272\\\\u4ee3\\\\u8868\\\\u5176\\\\u4ed6\\\\u6587\\\\u4ef65\\\\u3001\\\\u6d45\\\\u84dd\\\\u8272\\\\u4ee3\\\\u8868\\\\u94fe\\\\u63a5\\\\u6587\\\\u4ef6...\\\"},{\\\"id\\\":\\\"16\\\",\\\"title\\\":\\\"linux \\\\u547d\\\\u4ee4 \\\\u6539\\\\u53d8\\\\u6307\\\\u5b9a\\\\u76ee\\\\u5f55\\\\u4ee5\\\\u53ca\\\\u5176\\\\u5b50\\\\u76ee\\\\u5f55\\\\u4e0b\\\\u7684\\\\u6240\\\\u6709\\\\u6587\\\\u4ef6\\\\u7684\\\\u62e5\\\\u6709\\\\u8005\\\\u548c\\\\u7fa4\\\\u7ec4\\\",\\\"date\\\":\\\"2015\\\\u5e749\\\\u670823\\\\u65e5  \\\",\\\"content\\\":\\\"chown&nbsp;-R&nbsp;-v \\\\u7ec4:\\\\u7528\\\\u6237 XXX\\\\u76ee\\\\u5f55\\\"},{\\\"id\\\":\\\"14\\\",\\\"title\\\":\\\"linux\\\\u538b\\\\u7f29\\\\u4e0e\\\\u89e3\\\\u538b\\\\u7f29 tar\\\\u547d\\\\u4ee4\\\",\\\"date\\\":\\\"2015\\\\u5e7410\\\\u670815\\\\u65e5  \\\",\\\"content\\\":\\\"#\\\\u538b\\\\u7f29tar&nbsp;-czvf&nbsp;***.tar.gz &nbsp;filetar&nbsp;-cjvf&nbsp;***.tar.bz2&nbsp;file#\\\\u89e3\\\\u538b\\\\u7f29tar...\\\"},{\\\"id\\\":\\\"11\\\",\\\"title\\\":\\\"linux\\\\u91cc\\\\u67e5\\\\u770b\\\\u6587\\\\u4ef6\\\\u5927\\\\u5c0f\\\",\\\"date\\\":\\\"2015\\\\u5e7412\\\\u670818\\\\u65e5  \\\",\\\"content\\\":\\\"du -sh *\\\"},{\\\"id\\\":\\\"10\\\",\\\"title\\\":\\\"Linux\\\\u547d\\\\u4ee4 &amp;\\\\u4e0e&amp;&amp;\\\\u7684\\\\u4f5c\\\\u7528\\\",\\\"date\\\":\\\"2015\\\\u5e7412\\\\u670824\\\\u65e5  \\\",\\\"content\\\":\\\"1\\\\u3001ls &amp;\\\\u8868\\\\u793a\\\\u540e\\\\u53f0\\\\u670d\\\\u52a12\\\\u3001ls &amp;&amp; ll&nbsp;\\\\u8868\\\\u793a\\\\u524d\\\\u8005\\\\u6267\\\\u884c\\\\u6210\\\\u529f\\\\uff0c\\\\u6267\\\\u884c\\\\u540e\\\\u53f0\\\\u547d\\\\u4ee4\\\"},{\\\"id\\\":\\\"3\\\",\\\"title\\\":\\\"\\\\u5237\\\\u65b0dns\\\",\\\"date\\\":\\\"2016\\\\u5e748\\\\u67087\\\\u65e5  \\\",\\\"content\\\":\\\"1\\\\u3001window:ipconfig \\\\\\/flushdns2\\\\u3001linux&nbsp;sudo rcnscd restart\\\"}],\\\"hit\\\":[{\\\"id\\\":\\\"23\\\",\\\"title\\\":\\\"\\\\u5b66\\\\u4e60php\\\\u7f16\\\\u7a0b\\\"},{\\\"id\\\":\\\"22\\\",\\\"title\\\":\\\"linux\\\\u91cd\\\\u65b0\\\\u589e\\\\u52a0\\\\u786c\\\\u76d8\\\\u5bb9\\\\u91cf\\\"},{\\\"id\\\":\\\"21\\\",\\\"title\\\":\\\"a\\\\u6807\\\\u7b7e\\\\u62e8\\\\u6253\\\\u7535\\\\u8bdd\\\\u3001\\\\u53d1\\\\u77ed\\\\u4fe1\\\\u3001\\\\u53d1\\\\u90ae\\\\u4ef6\\\"},{\\\"id\\\":\\\"20\\\",\\\"title\\\":\\\"linux\\\\u7cfb\\\\u7edf\\\\u6587\\\\u4ef6\\\\u7684\\\\u989c\\\\u8272\\\\u4ee3\\\\u8868\\\\u7684\\\\u610f\\\\u601d\\\"},{\\\"id\\\":\\\"19\\\",\\\"title\\\":\\\"VMware Workstation 10.0 \\\\u4e0b\\\\u8f7d \\\\u2013 \\\\u6b63\\\\u7248\\\\u5e8f\\\\u5217\\\\u53f7 \\\\u7b80\\\\u4f53\\\\u4e2d\\\\u6587\\\\u5b98\\\\u65b9\\\\u539f\\\\u7248\\\"},{\\\"id\\\":\\\"18\\\",\\\"title\\\":\\\"\\\\u67e5\\\\u770b MySQL \\\\u6570\\\\u636e\\\\u5e93\\\\u4e2d\\\\u6bcf\\\\u4e2a\\\\u8868\\\\u5360\\\\u7528\\\\u7684\\\\u7a7a\\\\u95f4\\\\u5927\\\\u5c0f\\\"},{\\\"id\\\":\\\"17\\\",\\\"title\\\":\\\"html5 API\\\"},{\\\"id\\\":\\\"16\\\",\\\"title\\\":\\\"linux \\\\u547d\\\\u4ee4 \\\\u6539\\\\u53d8\\\\u6307\\\\u5b9a\\\\u76ee\\\\u5f55\\\\u4ee5\\\\u53ca\\\\u5176\\\\u5b50\\\\u76ee\\\\u5f55\\\\u4e0b\\\\u7684\\\\u6240\\\\u6709\\\\u6587\\\\u4ef6\\\\u7684\\\\u62e5\\\\u6709\\\\u8005\\\\u548c\\\\u7fa4\\\\u7ec4\\\"},{\\\"id\\\":\\\"15\\\",\\\"title\\\":\\\"nginx\\\\u91cd\\\\u65b0\\\\u52a0\\\\u8f7d\\\\u914d\\\\u7f6e\\\"},{\\\"id\\\":\\\"14\\\",\\\"title\\\":\\\"linux\\\\u538b\\\\u7f29\\\\u4e0e\\\\u89e3\\\\u538b\\\\u7f29 tar\\\\u547d\\\\u4ee4\\\"}],\\\"tag\\\":[\\\"linux\\\",\\\"nginx\\\",\\\"apache\\\",\\\"php\\\",\\\"mysql\\\",\\\"mongodb\\\",\\\"nodejs\\\",\\\"jquery\\\",\\\"html5\\\",\\\"html\\\",\\\"css\\\",\\\"css3\\\",\\\"ajax\\\",\\\"bootstrap\\\",\\\"AngularJS\\\",\\\"vue.js\\\",\\\"python\\\",\\\"xml\\\",\\\"json\\\",\\\"svn\\\",\\\"git\\\",\\\"http\\\",\\\"Redis\\\",\\\"Memcached\\\",\\\"preg\\\",\\\"React\\\",\\\"Foundation\\\",\\\"jQuery UI\\\",\\\"jQuery EasyUI\\\",\\\"jQuery Mobile\\\",\\\"ionic\\\",\\\"hybrid HTML5\\\",\\\"phonegap100\\\"]}\",\"page\":1,\"page_count\":1}','10.647','2016-08-27 16:39:40') [ RunTime:0.0078s ]

[ 2016-08-27T16:40:05+08:00 ] 127.0.0.1 /api/json
INFO: [ app_init ] --START--
INFO: Run Behavior\BuildLiteBehavior [ RunTime:0.000040s ]
INFO: [ app_init ] --END-- [ RunTime:0.000244s ]
INFO: [ app_begin ] --START--
INFO: Run Behavior\ReadHtmlCacheBehavior [ RunTime:0.000724s ]
INFO: [ app_begin ] --END-- [ RunTime:0.000947s ]
SQL: SHOW COLUMNS FROM `api_logs` [ RunTime:0.0047s ]
SQL: INSERT INTO `api_logs` (`ip`,`type`,`returns`,`time_cost`,`created`) VALUES ('127.0.0.1','json','{\"00001\":\"\\u9519\\u8bef\\u7684\\u8c03\\u7528\\u65b9\\u5f0f\"}','0.011','2016-08-27 16:40:05') [ RunTime:0.0038s ]

[ 2016-08-27T16:40:05+08:00 ] 127.0.0.1 /api/json
INFO: [ app_init ] --START--
INFO: Run Behavior\BuildLiteBehavior [ RunTime:0.000057s ]
INFO: [ app_init ] --END-- [ RunTime:0.000383s ]
INFO: [ app_begin ] --START--
INFO: Run Behavior\ReadHtmlCacheBehavior [ RunTime:0.001072s ]
INFO: [ app_begin ] --END-- [ RunTime:0.001487s ]
SQL: SHOW COLUMNS FROM `api_logs` [ RunTime:0.0042s ]
SQL: INSERT INTO `api_logs` (`ip`,`type`,`returns`,`time_cost`,`created`) VALUES ('127.0.0.1','json','{\"00001\":\"\\u9519\\u8bef\\u7684\\u8c03\\u7528\\u65b9\\u5f0f\"}','0.012','2016-08-27 16:40:05') [ RunTime:0.0023s ]

[ 2016-08-27T16:40:45+08:00 ] 127.0.0.1 /api/json
INFO: [ app_init ] --START--
INFO: Run Behavior\BuildLiteBehavior [ RunTime:0.000042s ]
INFO: [ app_init ] --END-- [ RunTime:0.000249s ]
INFO: [ app_begin ] --START--
INFO: Run Behavior\ReadHtmlCacheBehavior [ RunTime:0.000826s ]
INFO: [ app_begin ] --END-- [ RunTime:0.001043s ]
SQL: SHOW COLUMNS FROM `api_logs` [ RunTime:0.0043s ]
NOTIC: [8] Use of undefined constant ture - assumed 'ture' C:\wamp\www\thinkphp\mysite\Api\Controller\JsonController.class.php 第 25 行.
SQL: SHOW COLUMNS FROM `cnblogs` [ RunTime:0.0041s ]
SQL: SELECT * FROM `cnblogs` WHERE ( 1=1 AND (title like '%linux%' OR detail_content like '%linux%') ) ORDER BY id desc LIMIT 0,10   [ RunTime:0.0011s ]
SQL: SELECT * FROM `cnblogs` WHERE ( 1=1 ) ORDER BY hit desc,id desc LIMIT 10   [ RunTime:0.0007s ]
SQL: SELECT COUNT(1=1 AND (title like '%linux%' OR detail_content like '%linux%')) AS tp_count FROM `cnblogs` WHERE ( 1=1 AND (title like '%linux%' OR detail_content like '%linux%') ) LIMIT 1   [ RunTime:0.0005s ]
SQL: INSERT INTO `api_logs` (`ip`,`type`,`incomes`,`returns`,`time_cost`,`created`) VALUES ('127.0.0.1','json','{\"Code\":\"loweringye\",\"Passwd\":\"888888\",\"QueryType\":\"GetPost\",\"tag\":\"linux\",\"page\":1}','{\"message\":true,\"content\":\"{\\\"post\\\":[{\\\"id\\\":\\\"22\\\",\\\"title\\\":\\\"linux\\\\u91cd\\\\u65b0\\\\u589e\\\\u52a0\\\\u786c\\\\u76d8\\\\u5bb9\\\\u91cf\\\",\\\"date\\\":\\\"2015\\\\u5e748\\\\u670829\\\\u65e5  \\\",\\\"content\\\":\\\"1\\\\u3001\\\\u5148\\\\u7528df -h\\\\u67e5\\\\u770b\\\\u786c\\\\u76d8\\\\u4f7f\\\\u7528\\\\u60c5\\\\u51b52\\\\u3001fdisk -l\\\\u67e5\\\\u770b\\\\u5206\\\\u533a\\\\u60c5\\\\u51b5\\\\u8868\\\\u793a\\\\u8fd8\\\\u6ca1\\\\u6709\\\\u6302\\\\u8f7d3\\\\u3001fdisk \\\\\\/dev\\\\\\/vdb\\\\u8fdb\\\\u884c\\\\u5206\\\\u533a4\\\\u3001mkfs...\\\"},{\\\"id\\\":\\\"20\\\",\\\"title\\\":\\\"linux\\\\u7cfb\\\\u7edf\\\\u6587\\\\u4ef6\\\\u7684\\\\u989c\\\\u8272\\\\u4ee3\\\\u8868\\\\u7684\\\\u610f\\\\u601d\\\",\\\"date\\\":\\\"2015\\\\u5e749\\\\u670811\\\\u65e5  \\\",\\\"content\\\":\\\"1\\\\u3001\\\\u84dd\\\\u8272\\\\u4ee3\\\\u8868\\\\u76ee\\\\u5f552\\\\u3001\\\\u7eff\\\\u8272\\\\u4ee3\\\\u8868\\\\u53ef\\\\u6267\\\\u884c\\\\u6587\\\\u4ef63\\\\u3001\\\\u7ea2\\\\u8272\\\\u4ee3\\\\u8868\\\\u53ef\\\\u538b\\\\u7f29\\\\u6587\\\\u4ef64\\\\u3001\\\\u767d\\\\u8272\\\\u4ee3\\\\u8868\\\\u5176\\\\u4ed6\\\\u6587\\\\u4ef65\\\\u3001\\\\u6d45\\\\u84dd\\\\u8272\\\\u4ee3\\\\u8868\\\\u94fe\\\\u63a5\\\\u6587\\\\u4ef6...\\\"},{\\\"id\\\":\\\"16\\\",\\\"title\\\":\\\"linux \\\\u547d\\\\u4ee4 \\\\u6539\\\\u53d8\\\\u6307\\\\u5b9a\\\\u76ee\\\\u5f55\\\\u4ee5\\\\u53ca\\\\u5176\\\\u5b50\\\\u76ee\\\\u5f55\\\\u4e0b\\\\u7684\\\\u6240\\\\u6709\\\\u6587\\\\u4ef6\\\\u7684\\\\u62e5\\\\u6709\\\\u8005\\\\u548c\\\\u7fa4\\\\u7ec4\\\",\\\"date\\\":\\\"2015\\\\u5e749\\\\u670823\\\\u65e5  \\\",\\\"content\\\":\\\"chown&nbsp;-R&nbsp;-v \\\\u7ec4:\\\\u7528\\\\u6237 XXX\\\\u76ee\\\\u5f55\\\"},{\\\"id\\\":\\\"14\\\",\\\"title\\\":\\\"linux\\\\u538b\\\\u7f29\\\\u4e0e\\\\u89e3\\\\u538b\\\\u7f29 tar\\\\u547d\\\\u4ee4\\\",\\\"date\\\":\\\"2015\\\\u5e7410\\\\u670815\\\\u65e5  \\\",\\\"content\\\":\\\"#\\\\u538b\\\\u7f29tar&nbsp;-czvf&nbsp;***.tar.gz &nbsp;filetar&nbsp;-cjvf&nbsp;***.tar.bz2&nbsp;file#\\\\u89e3\\\\u538b\\\\u7f29tar...\\\"},{\\\"id\\\":\\\"11\\\",\\\"title\\\":\\\"linux\\\\u91cc\\\\u67e5\\\\u770b\\\\u6587\\\\u4ef6\\\\u5927\\\\u5c0f\\\",\\\"date\\\":\\\"2015\\\\u5e7412\\\\u670818\\\\u65e5  \\\",\\\"content\\\":\\\"du -sh *\\\"},{\\\"id\\\":\\\"10\\\",\\\"title\\\":\\\"Linux\\\\u547d\\\\u4ee4 &amp;\\\\u4e0e&amp;&amp;\\\\u7684\\\\u4f5c\\\\u7528\\\",\\\"date\\\":\\\"2015\\\\u5e7412\\\\u670824\\\\u65e5  \\\",\\\"content\\\":\\\"1\\\\u3001ls &amp;\\\\u8868\\\\u793a\\\\u540e\\\\u53f0\\\\u670d\\\\u52a12\\\\u3001ls &amp;&amp; ll&nbsp;\\\\u8868\\\\u793a\\\\u524d\\\\u8005\\\\u6267\\\\u884c\\\\u6210\\\\u529f\\\\uff0c\\\\u6267\\\\u884c\\\\u540e\\\\u53f0\\\\u547d\\\\u4ee4\\\"},{\\\"id\\\":\\\"3\\\",\\\"title\\\":\\\"\\\\u5237\\\\u65b0dns\\\",\\\"date\\\":\\\"2016\\\\u5e748\\\\u67087\\\\u65e5  \\\",\\\"content\\\":\\\"1\\\\u3001window:ipconfig \\\\\\/flushdns2\\\\u3001linux&nbsp;sudo rcnscd restart\\\"}],\\\"hit\\\":[{\\\"id\\\":\\\"23\\\",\\\"title\\\":\\\"\\\\u5b66\\\\u4e60php\\\\u7f16\\\\u7a0b\\\"},{\\\"id\\\":\\\"22\\\",\\\"title\\\":\\\"linux\\\\u91cd\\\\u65b0\\\\u589e\\\\u52a0\\\\u786c\\\\u76d8\\\\u5bb9\\\\u91cf\\\"},{\\\"id\\\":\\\"21\\\",\\\"title\\\":\\\"a\\\\u6807\\\\u7b7e\\\\u62e8\\\\u6253\\\\u7535\\\\u8bdd\\\\u3001\\\\u53d1\\\\u77ed\\\\u4fe1\\\\u3001\\\\u53d1\\\\u90ae\\\\u4ef6\\\"},{\\\"id\\\":\\\"20\\\",\\\"title\\\":\\\"linux\\\\u7cfb\\\\u7edf\\\\u6587\\\\u4ef6\\\\u7684\\\\u989c\\\\u8272\\\\u4ee3\\\\u8868\\\\u7684\\\\u610f\\\\u601d\\\"},{\\\"id\\\":\\\"19\\\",\\\"title\\\":\\\"VMware Workstation 10.0 \\\\u4e0b\\\\u8f7d \\\\u2013 \\\\u6b63\\\\u7248\\\\u5e8f\\\\u5217\\\\u53f7 \\\\u7b80\\\\u4f53\\\\u4e2d\\\\u6587\\\\u5b98\\\\u65b9\\\\u539f\\\\u7248\\\"},{\\\"id\\\":\\\"18\\\",\\\"title\\\":\\\"\\\\u67e5\\\\u770b MySQL \\\\u6570\\\\u636e\\\\u5e93\\\\u4e2d\\\\u6bcf\\\\u4e2a\\\\u8868\\\\u5360\\\\u7528\\\\u7684\\\\u7a7a\\\\u95f4\\\\u5927\\\\u5c0f\\\"},{\\\"id\\\":\\\"17\\\",\\\"title\\\":\\\"html5 API\\\"},{\\\"id\\\":\\\"16\\\",\\\"title\\\":\\\"linux \\\\u547d\\\\u4ee4 \\\\u6539\\\\u53d8\\\\u6307\\\\u5b9a\\\\u76ee\\\\u5f55\\\\u4ee5\\\\u53ca\\\\u5176\\\\u5b50\\\\u76ee\\\\u5f55\\\\u4e0b\\\\u7684\\\\u6240\\\\u6709\\\\u6587\\\\u4ef6\\\\u7684\\\\u62e5\\\\u6709\\\\u8005\\\\u548c\\\\u7fa4\\\\u7ec4\\\"},{\\\"id\\\":\\\"15\\\",\\\"title\\\":\\\"nginx\\\\u91cd\\\\u65b0\\\\u52a0\\\\u8f7d\\\\u914d\\\\u7f6e\\\"},{\\\"id\\\":\\\"14\\\",\\\"title\\\":\\\"linux\\\\u538b\\\\u7f29\\\\u4e0e\\\\u89e3\\\\u538b\\\\u7f29 tar\\\\u547d\\\\u4ee4\\\"}],\\\"tag\\\":[\\\"linux\\\",\\\"nginx\\\",\\\"apache\\\",\\\"php\\\",\\\"mysql\\\",\\\"mongodb\\\",\\\"nodejs\\\",\\\"jquery\\\",\\\"html5\\\",\\\"html\\\",\\\"css\\\",\\\"css3\\\",\\\"ajax\\\",\\\"bootstrap\\\",\\\"AngularJS\\\",\\\"vue.js\\\",\\\"python\\\",\\\"xml\\\",\\\"json\\\",\\\"svn\\\",\\\"git\\\",\\\"http\\\",\\\"Redis\\\",\\\"Memcached\\\",\\\"preg\\\",\\\"React\\\",\\\"Foundation\\\",\\\"jQuery UI\\\",\\\"jQuery EasyUI\\\",\\\"jQuery Mobile\\\",\\\"ionic\\\",\\\"hybrid HTML5\\\",\\\"phonegap100\\\"]}\",\"page\":1,\"page_count\":1}','10.718','2016-08-27 16:40:45') [ RunTime:0.0081s ]

[ 2016-08-27T16:40:48+08:00 ] 127.0.0.1 /api/json
INFO: [ app_init ] --START--
INFO: Run Behavior\BuildLiteBehavior [ RunTime:0.000040s ]
INFO: [ app_init ] --END-- [ RunTime:0.000241s ]
INFO: [ app_begin ] --START--
INFO: Run Behavior\ReadHtmlCacheBehavior [ RunTime:0.000622s ]
INFO: [ app_begin ] --END-- [ RunTime:0.000834s ]
SQL: SHOW COLUMNS FROM `api_logs` [ RunTime:0.0042s ]
NOTIC: [8] Use of undefined constant ture - assumed 'ture' C:\wamp\www\thinkphp\mysite\Api\Controller\JsonController.class.php 第 25 行.
SQL: SHOW COLUMNS FROM `cnblogs` [ RunTime:0.0042s ]
SQL: SELECT * FROM `cnblogs` WHERE ( 1=1 ) ORDER BY id desc LIMIT 0,10   [ RunTime:0.0006s ]
SQL: SELECT * FROM `cnblogs` WHERE ( 1=1 ) ORDER BY hit desc,id desc LIMIT 10   [ RunTime:0.0005s ]
SQL: SELECT COUNT(1=1) AS tp_count FROM `cnblogs` WHERE ( 1=1 ) LIMIT 1   [ RunTime:0.0003s ]
SQL: INSERT INTO `api_logs` (`ip`,`type`,`incomes`,`returns`,`time_cost`,`created`) VALUES ('127.0.0.1','json','{\"Code\":\"loweringye\",\"Passwd\":\"888888\",\"QueryType\":\"GetPost\",\"tag\":\"\",\"page\":1}','{\"message\":true,\"content\":\"{\\\"post\\\":[{\\\"id\\\":\\\"23\\\",\\\"title\\\":\\\"\\\\u5b66\\\\u4e60php\\\\u7f16\\\\u7a0b\\\",\\\"date\\\":\\\"2014\\\\u5e742\\\\u670818\\\\u65e5  \\\",\\\"content\\\":\\\"\\\\u7a81\\\\u7136\\\\u611f\\\\u89c9\\\\uff0c\\\\u539f\\\\u6765\\\\u5b66\\\\u4e60php\\\\u8bed\\\\u8a00\\\\u6700\\\\u96be\\\\u662f\\\\uff0c\\\\u8981\\\\u7262\\\\u8bb0\\\\u4e00\\\\u5927\\\\u5806\\\\u51fd\\\\u6570\\\\u8bed\\\\u6cd5\\\\uff0c\\\\u7075\\\\u6d3b\\\\u5229\\\\u7528\\\\u51fd\\\\u6570\\\\uff1b\\\\u8bf7\\\\u95ee\\\\uff1a\\\\u6709\\\\u4ec0\\\\u4e48\\\\u6280\\\\u5de7\\\\u65b9\\\\u6cd5\\\\u561b\\\\uff1f\\\"},{\\\"id\\\":\\\"22\\\",\\\"title\\\":\\\"linux\\\\u91cd\\\\u65b0\\\\u589e\\\\u52a0\\\\u786c\\\\u76d8\\\\u5bb9\\\\u91cf\\\",\\\"date\\\":\\\"2015\\\\u5e748\\\\u670829\\\\u65e5  \\\",\\\"content\\\":\\\"1\\\\u3001\\\\u5148\\\\u7528df -h\\\\u67e5\\\\u770b\\\\u786c\\\\u76d8\\\\u4f7f\\\\u7528\\\\u60c5\\\\u51b52\\\\u3001fdisk -l\\\\u67e5\\\\u770b\\\\u5206\\\\u533a\\\\u60c5\\\\u51b5\\\\u8868\\\\u793a\\\\u8fd8\\\\u6ca1\\\\u6709\\\\u6302\\\\u8f7d3\\\\u3001fdisk \\\\\\/dev\\\\\\/vdb\\\\u8fdb\\\\u884c\\\\u5206\\\\u533a4\\\\u3001mkfs...\\\"},{\\\"id\\\":\\\"21\\\",\\\"title\\\":\\\"a\\\\u6807\\\\u7b7e\\\\u62e8\\\\u6253\\\\u7535\\\\u8bdd\\\\u3001\\\\u53d1\\\\u77ed\\\\u4fe1\\\\u3001\\\\u53d1\\\\u90ae\\\\u4ef6\\\",\\\"date\\\":\\\"2015\\\\u5e748\\\\u670831\\\\u65e5  \\\",\\\"content\\\":\\\"1\\\\u3001&lt;a href=&rdquo;tel:xxxx&rdquo;&gt;\\\\u62e8\\\\u6253\\\\u7535\\\\u8bdd&lt;\\\\\\/a&gt;2\\\\u3001&lt;a href=&rdquo;sms:xxxx&rdquo;&gt...\\\"},{\\\"id\\\":\\\"20\\\",\\\"title\\\":\\\"linux\\\\u7cfb\\\\u7edf\\\\u6587\\\\u4ef6\\\\u7684\\\\u989c\\\\u8272\\\\u4ee3\\\\u8868\\\\u7684\\\\u610f\\\\u601d\\\",\\\"date\\\":\\\"2015\\\\u5e749\\\\u670811\\\\u65e5  \\\",\\\"content\\\":\\\"1\\\\u3001\\\\u84dd\\\\u8272\\\\u4ee3\\\\u8868\\\\u76ee\\\\u5f552\\\\u3001\\\\u7eff\\\\u8272\\\\u4ee3\\\\u8868\\\\u53ef\\\\u6267\\\\u884c\\\\u6587\\\\u4ef63\\\\u3001\\\\u7ea2\\\\u8272\\\\u4ee3\\\\u8868\\\\u53ef\\\\u538b\\\\u7f29\\\\u6587\\\\u4ef64\\\\u3001\\\\u767d\\\\u8272\\\\u4ee3\\\\u8868\\\\u5176\\\\u4ed6\\\\u6587\\\\u4ef65\\\\u3001\\\\u6d45\\\\u84dd\\\\u8272\\\\u4ee3\\\\u8868\\\\u94fe\\\\u63a5\\\\u6587\\\\u4ef6...\\\"},{\\\"id\\\":\\\"19\\\",\\\"title\\\":\\\"VMware Workstation 10.0 \\\\u4e0b\\\\u8f7d \\\\u2013 \\\\u6b63\\\\u7248\\\\u5e8f\\\\u5217\\\\u53f7 \\\\u7b80\\\\u4f53\\\\u4e2d\\\\u6587\\\\u5b98\\\\u65b9\\\\u539f\\\\u7248\\\",\\\"date\\\":\\\"2015\\\\u5e749\\\\u670812\\\\u65e5  \\\",\\\"content\\\":\\\"1\\\\u3001https:\\\\\\/\\\\\\/download3.vmware.com\\\\\\/software\\\\\\/wkst\\\\\\/file\\\\\\/VMware-workstation-full-10.0.0-1295980.exe2\\\\u3001h...\\\"},{\\\"id\\\":\\\"18\\\",\\\"title\\\":\\\"\\\\u67e5\\\\u770b MySQL \\\\u6570\\\\u636e\\\\u5e93\\\\u4e2d\\\\u6bcf\\\\u4e2a\\\\u8868\\\\u5360\\\\u7528\\\\u7684\\\\u7a7a\\\\u95f4\\\\u5927\\\\u5c0f\\\",\\\"date\\\":\\\"2015\\\\u5e749\\\\u670818\\\\u65e5  \\\",\\\"content\\\":\\\"TABLE_SCHEMA : \\\\u6570\\\\u636e\\\\u5e93\\\\u540dTABLE_NAME\\\\uff1a\\\\u8868\\\\u540dENGINE\\\\uff1a\\\\u6240\\\\u4f7f\\\\u7528\\\\u7684\\\\u5b58\\\\u50a8\\\\u5f15\\\\u64ceTABLES_ROWS\\\\uff1a\\\\u8bb0\\\\u5f55\\\\u6570DATA_LENGTH\\\\uff1a\\\\u6570...\\\"},{\\\"id\\\":\\\"17\\\",\\\"title\\\":\\\"html5 API\\\",\\\"date\\\":\\\"2015\\\\u5e749\\\\u670820\\\\u65e5  \\\",\\\"content\\\":\\\"1\\\\u3001Canvas\\\\u7ed8\\\\u56fe2\\\\u3001postMessage\\\\u8de8\\\\u57df\\\\u3001\\\\u591a\\\\u7a97\\\\u53e3\\\\u4f20\\\\u8f933\\\\u3001requestAnimationFrame\\\\u52a8\\\\u753b4\\\\u3001PageVisibility API\\\\u9875\\\\u9762...\\\"},{\\\"id\\\":\\\"16\\\",\\\"title\\\":\\\"linux \\\\u547d\\\\u4ee4 \\\\u6539\\\\u53d8\\\\u6307\\\\u5b9a\\\\u76ee\\\\u5f55\\\\u4ee5\\\\u53ca\\\\u5176\\\\u5b50\\\\u76ee\\\\u5f55\\\\u4e0b\\\\u7684\\\\u6240\\\\u6709\\\\u6587\\\\u4ef6\\\\u7684\\\\u62e5\\\\u6709\\\\u8005\\\\u548c\\\\u7fa4\\\\u7ec4\\\",\\\"date\\\":\\\"2015\\\\u5e749\\\\u670823\\\\u65e5  \\\",\\\"content\\\":\\\"chown&nbsp;-R&nbsp;-v \\\\u7ec4:\\\\u7528\\\\u6237 XXX\\\\u76ee\\\\u5f55\\\"},{\\\"id\\\":\\\"15\\\",\\\"title\\\":\\\"nginx\\\\u91cd\\\\u65b0\\\\u52a0\\\\u8f7d\\\\u914d\\\\u7f6e\\\",\\\"date\\\":\\\"2015\\\\u5e7410\\\\u67088\\\\u65e5  \\\",\\\"content\\\":\\\"1\\\\u3001kill -HUP `cat \\\\\\/usr\\\\\\/local\\\\\\/nginx\\\\\\/logs\\\\\\/nginx.pid`2\\\\u3001\\\\\\/usr\\\\\\/local\\\\\\/nginx\\\\\\/sbin\\\\\\/nginx -s reload\\\"},{\\\"id\\\":\\\"14\\\",\\\"title\\\":\\\"linux\\\\u538b\\\\u7f29\\\\u4e0e\\\\u89e3\\\\u538b\\\\u7f29 tar\\\\u547d\\\\u4ee4\\\",\\\"date\\\":\\\"2015\\\\u5e7410\\\\u670815\\\\u65e5  \\\",\\\"content\\\":\\\"#\\\\u538b\\\\u7f29tar&nbsp;-czvf&nbsp;***.tar.gz &nbsp;filetar&nbsp;-cjvf&nbsp;***.tar.bz2&nbsp;file#\\\\u89e3\\\\u538b\\\\u7f29tar...\\\"}],\\\"hit\\\":[{\\\"id\\\":\\\"23\\\",\\\"title\\\":\\\"\\\\u5b66\\\\u4e60php\\\\u7f16\\\\u7a0b\\\"},{\\\"id\\\":\\\"22\\\",\\\"title\\\":\\\"linux\\\\u91cd\\\\u65b0\\\\u589e\\\\u52a0\\\\u786c\\\\u76d8\\\\u5bb9\\\\u91cf\\\"},{\\\"id\\\":\\\"21\\\",\\\"title\\\":\\\"a\\\\u6807\\\\u7b7e\\\\u62e8\\\\u6253\\\\u7535\\\\u8bdd\\\\u3001\\\\u53d1\\\\u77ed\\\\u4fe1\\\\u3001\\\\u53d1\\\\u90ae\\\\u4ef6\\\"},{\\\"id\\\":\\\"20\\\",\\\"title\\\":\\\"linux\\\\u7cfb\\\\u7edf\\\\u6587\\\\u4ef6\\\\u7684\\\\u989c\\\\u8272\\\\u4ee3\\\\u8868\\\\u7684\\\\u610f\\\\u601d\\\"},{\\\"id\\\":\\\"19\\\",\\\"title\\\":\\\"VMware Workstation 10.0 \\\\u4e0b\\\\u8f7d \\\\u2013 \\\\u6b63\\\\u7248\\\\u5e8f\\\\u5217\\\\u53f7 \\\\u7b80\\\\u4f53\\\\u4e2d\\\\u6587\\\\u5b98\\\\u65b9\\\\u539f\\\\u7248\\\"},{\\\"id\\\":\\\"18\\\",\\\"title\\\":\\\"\\\\u67e5\\\\u770b MySQL \\\\u6570\\\\u636e\\\\u5e93\\\\u4e2d\\\\u6bcf\\\\u4e2a\\\\u8868\\\\u5360\\\\u7528\\\\u7684\\\\u7a7a\\\\u95f4\\\\u5927\\\\u5c0f\\\"},{\\\"id\\\":\\\"17\\\",\\\"title\\\":\\\"html5 API\\\"},{\\\"id\\\":\\\"16\\\",\\\"title\\\":\\\"linux \\\\u547d\\\\u4ee4 \\\\u6539\\\\u53d8\\\\u6307\\\\u5b9a\\\\u76ee\\\\u5f55\\\\u4ee5\\\\u53ca\\\\u5176\\\\u5b50\\\\u76ee\\\\u5f55\\\\u4e0b\\\\u7684\\\\u6240\\\\u6709\\\\u6587\\\\u4ef6\\\\u7684\\\\u62e5\\\\u6709\\\\u8005\\\\u548c\\\\u7fa4\\\\u7ec4\\\"},{\\\"id\\\":\\\"15\\\",\\\"title\\\":\\\"nginx\\\\u91cd\\\\u65b0\\\\u52a0\\\\u8f7d\\\\u914d\\\\u7f6e\\\"},{\\\"id\\\":\\\"14\\\",\\\"title\\\":\\\"linux\\\\u538b\\\\u7f29\\\\u4e0e\\\\u89e3\\\\u538b\\\\u7f29 tar\\\\u547d\\\\u4ee4\\\"}],\\\"tag\\\":[\\\"linux\\\",\\\"nginx\\\",\\\"apache\\\",\\\"php\\\",\\\"mysql\\\",\\\"mongodb\\\",\\\"nodejs\\\",\\\"jquery\\\",\\\"html5\\\",\\\"html\\\",\\\"css\\\",\\\"css3\\\",\\\"ajax\\\",\\\"bootstrap\\\",\\\"AngularJS\\\",\\\"vue.js\\\",\\\"python\\\",\\\"xml\\\",\\\"json\\\",\\\"svn\\\",\\\"git\\\",\\\"http\\\",\\\"Redis\\\",\\\"Memcached\\\",\\\"preg\\\",\\\"React\\\",\\\"Foundation\\\",\\\"jQuery UI\\\",\\\"jQuery EasyUI\\\",\\\"jQuery Mobile\\\",\\\"ionic\\\",\\\"hybrid HTML5\\\",\\\"phonegap100\\\"]}\",\"page\":1,\"page_count\":3}','9.779','2016-08-27 16:40:48') [ RunTime:0.0058s ]

[ 2016-08-27T16:40:52+08:00 ] 127.0.0.1 /api/json
INFO: [ app_init ] --START--
INFO: Run Behavior\BuildLiteBehavior [ RunTime:0.000040s ]
INFO: [ app_init ] --END-- [ RunTime:0.000242s ]
INFO: [ app_begin ] --START--
INFO: Run Behavior\ReadHtmlCacheBehavior [ RunTime:0.000819s ]
INFO: [ app_begin ] --END-- [ RunTime:0.001112s ]
SQL: SHOW COLUMNS FROM `api_logs` [ RunTime:0.0039s ]
NOTIC: [8] Use of undefined constant ture - assumed 'ture' C:\wamp\www\thinkphp\mysite\Api\Controller\JsonController.class.php 第 25 行.
SQL: SHOW COLUMNS FROM `cnblogs` [ RunTime:0.0045s ]
SQL: SELECT * FROM `cnblogs` WHERE ( 1=1 ) ORDER BY id desc LIMIT 20,10   [ RunTime:0.0006s ]
SQL: SELECT * FROM `cnblogs` WHERE ( 1=1 ) ORDER BY hit desc,id desc LIMIT 10   [ RunTime:0.0005s ]
SQL: SELECT COUNT(1=1) AS tp_count FROM `cnblogs` WHERE ( 1=1 ) LIMIT 1   [ RunTime:0.0003s ]
SQL: INSERT INTO `api_logs` (`ip`,`type`,`incomes`,`returns`,`time_cost`,`created`) VALUES ('127.0.0.1','json','{\"Code\":\"loweringye\",\"Passwd\":\"888888\",\"QueryType\":\"GetPost\",\"tag\":\"\",\"page\":\"3\"}','{\"message\":true,\"content\":\"{\\\"post\\\":[{\\\"id\\\":\\\"3\\\",\\\"title\\\":\\\"\\\\u5237\\\\u65b0dns\\\",\\\"date\\\":\\\"2016\\\\u5e748\\\\u67087\\\\u65e5  \\\",\\\"content\\\":\\\"1\\\\u3001window:ipconfig \\\\\\/flushdns2\\\\u3001linux&nbsp;sudo rcnscd restart\\\"},{\\\"id\\\":\\\"2\\\",\\\"title\\\":\\\"PHP\\\\u5b57\\\\u7b26\\\\u4e32\\\\u2014\\\\u2014\\\\u7f16\\\\u7801\\\\u4e0e\\\\u8f6c\\\\u4e49\\\",\\\"date\\\":\\\"2016\\\\u5e748\\\\u67088\\\\u65e5  \\\",\\\"content\\\":\\\"\\\\u51fd\\\\u6570htmlentities()\\\\u5c06HTML\\\\u5b57\\\\u7b26\\\\u8f6c\\\\u6362\\\\u4e3a\\\\u5bf9\\\\u5e94\\\\u7684\\\\u5b9e\\\\u4f53(\\\\u9664\\\\u4e86\\\\u7a7a\\\\u683c\\\\u7b26)\\\\u3002\\\\u5305\\\\u62ec\\\\u5c0f\\\\u4e8e\\\\u7b26\\\\u53f7(&lt;)\\\\u3001\\\\u5927\\\\u4e8e\\\\u7b26\\\\u53f7(&gt;)\\\\u3001\\\\u4e0e...\\\"},{\\\"id\\\":\\\"1\\\",\\\"title\\\":\\\"11\\\",\\\"date\\\":\\\"2016\\\\u5e748\\\\u670816\\\\u65e5  \\\",\\\"content\\\":\\\"111\\\"}],\\\"hit\\\":[{\\\"id\\\":\\\"23\\\",\\\"title\\\":\\\"\\\\u5b66\\\\u4e60php\\\\u7f16\\\\u7a0b\\\"},{\\\"id\\\":\\\"22\\\",\\\"title\\\":\\\"linux\\\\u91cd\\\\u65b0\\\\u589e\\\\u52a0\\\\u786c\\\\u76d8\\\\u5bb9\\\\u91cf\\\"},{\\\"id\\\":\\\"21\\\",\\\"title\\\":\\\"a\\\\u6807\\\\u7b7e\\\\u62e8\\\\u6253\\\\u7535\\\\u8bdd\\\\u3001\\\\u53d1\\\\u77ed\\\\u4fe1\\\\u3001\\\\u53d1\\\\u90ae\\\\u4ef6\\\"},{\\\"id\\\":\\\"20\\\",\\\"title\\\":\\\"linux\\\\u7cfb\\\\u7edf\\\\u6587\\\\u4ef6\\\\u7684\\\\u989c\\\\u8272\\\\u4ee3\\\\u8868\\\\u7684\\\\u610f\\\\u601d\\\"},{\\\"id\\\":\\\"19\\\",\\\"title\\\":\\\"VMware Workstation 10.0 \\\\u4e0b\\\\u8f7d \\\\u2013 \\\\u6b63\\\\u7248\\\\u5e8f\\\\u5217\\\\u53f7 \\\\u7b80\\\\u4f53\\\\u4e2d\\\\u6587\\\\u5b98\\\\u65b9\\\\u539f\\\\u7248\\\"},{\\\"id\\\":\\\"18\\\",\\\"title\\\":\\\"\\\\u67e5\\\\u770b MySQL \\\\u6570\\\\u636e\\\\u5e93\\\\u4e2d\\\\u6bcf\\\\u4e2a\\\\u8868\\\\u5360\\\\u7528\\\\u7684\\\\u7a7a\\\\u95f4\\\\u5927\\\\u5c0f\\\"},{\\\"id\\\":\\\"17\\\",\\\"title\\\":\\\"html5 API\\\"},{\\\"id\\\":\\\"16\\\",\\\"title\\\":\\\"linux \\\\u547d\\\\u4ee4 \\\\u6539\\\\u53d8\\\\u6307\\\\u5b9a\\\\u76ee\\\\u5f55\\\\u4ee5\\\\u53ca\\\\u5176\\\\u5b50\\\\u76ee\\\\u5f55\\\\u4e0b\\\\u7684\\\\u6240\\\\u6709\\\\u6587\\\\u4ef6\\\\u7684\\\\u62e5\\\\u6709\\\\u8005\\\\u548c\\\\u7fa4\\\\u7ec4\\\"},{\\\"id\\\":\\\"15\\\",\\\"title\\\":\\\"nginx\\\\u91cd\\\\u65b0\\\\u52a0\\\\u8f7d\\\\u914d\\\\u7f6e\\\"},{\\\"id\\\":\\\"14\\\",\\\"title\\\":\\\"linux\\\\u538b\\\\u7f29\\\\u4e0e\\\\u89e3\\\\u538b\\\\u7f29 tar\\\\u547d\\\\u4ee4\\\"}],\\\"tag\\\":[\\\"linux\\\",\\\"nginx\\\",\\\"apache\\\",\\\"php\\\",\\\"mysql\\\",\\\"mongodb\\\",\\\"nodejs\\\",\\\"jquery\\\",\\\"html5\\\",\\\"html\\\",\\\"css\\\",\\\"css3\\\",\\\"ajax\\\",\\\"bootstrap\\\",\\\"AngularJS\\\",\\\"vue.js\\\",\\\"python\\\",\\\"xml\\\",\\\"json\\\",\\\"svn\\\",\\\"git\\\",\\\"http\\\",\\\"Redis\\\",\\\"Memcached\\\",\\\"preg\\\",\\\"React\\\",\\\"Foundation\\\",\\\"jQuery UI\\\",\\\"jQuery EasyUI\\\",\\\"jQuery Mobile\\\",\\\"ionic\\\",\\\"hybrid HTML5\\\",\\\"phonegap100\\\"]}\",\"page\":\"3\",\"page_count\":3}','9.511','2016-08-27 16:40:52') [ RunTime:0.0034s ]

[ 2016-08-27T16:45:30+08:00 ] 127.0.0.1 /api/json
INFO: [ app_init ] --START--
INFO: Run Behavior\BuildLiteBehavior [ RunTime:0.000041s ]
INFO: [ app_init ] --END-- [ RunTime:0.000247s ]
INFO: [ app_begin ] --START--
INFO: Run Behavior\ReadHtmlCacheBehavior [ RunTime:0.000783s ]
INFO: [ app_begin ] --END-- [ RunTime:0.000998s ]
SQL: SHOW COLUMNS FROM `api_logs` [ RunTime:0.0039s ]
NOTIC: [8] Use of undefined constant ture - assumed 'ture' C:\wamp\www\thinkphp\mysite\Api\Controller\JsonController.class.php 第 25 行.
SQL: SHOW COLUMNS FROM `cnblogs` [ RunTime:0.0037s ]
SQL: SELECT * FROM `cnblogs` WHERE ( 1=1 ) ORDER BY id desc LIMIT 20,10   [ RunTime:0.0007s ]
SQL: SELECT * FROM `cnblogs` WHERE ( 1=1 ) ORDER BY hit desc,id desc LIMIT 10   [ RunTime:0.0005s ]
SQL: SELECT COUNT(1=1) AS tp_count FROM `cnblogs` WHERE ( 1=1 ) LIMIT 1   [ RunTime:0.0003s ]
SQL: INSERT INTO `api_logs` (`ip`,`type`,`incomes`,`returns`,`time_cost`,`created`) VALUES ('127.0.0.1','json','{\"Code\":\"loweringye\",\"Passwd\":\"888888\",\"QueryType\":\"GetPost\",\"tag\":\"\",\"page\":\"3\"}','{\"message\":true,\"content\":\"{\\\"post\\\":[{\\\"id\\\":\\\"3\\\",\\\"title\\\":\\\"\\\\u5237\\\\u65b0dns\\\",\\\"date\\\":\\\"2016\\\\u5e748\\\\u67087\\\\u65e5  \\\",\\\"content\\\":\\\"1\\\\u3001window:ipconfig \\\\\\/flushdns2\\\\u3001linux&nbsp;sudo rcnscd restart\\\"},{\\\"id\\\":\\\"2\\\",\\\"title\\\":\\\"PHP\\\\u5b57\\\\u7b26\\\\u4e32\\\\u2014\\\\u2014\\\\u7f16\\\\u7801\\\\u4e0e\\\\u8f6c\\\\u4e49\\\",\\\"date\\\":\\\"2016\\\\u5e748\\\\u67088\\\\u65e5  \\\",\\\"content\\\":\\\"\\\\u51fd\\\\u6570htmlentities()\\\\u5c06HTML\\\\u5b57\\\\u7b26\\\\u8f6c\\\\u6362\\\\u4e3a\\\\u5bf9\\\\u5e94\\\\u7684\\\\u5b9e\\\\u4f53(\\\\u9664\\\\u4e86\\\\u7a7a\\\\u683c\\\\u7b26)\\\\u3002\\\\u5305\\\\u62ec\\\\u5c0f\\\\u4e8e\\\\u7b26\\\\u53f7(&lt;)\\\\u3001\\\\u5927\\\\u4e8e\\\\u7b26\\\\u53f7(&gt;)\\\\u3001\\\\u4e0e...\\\"},{\\\"id\\\":\\\"1\\\",\\\"title\\\":\\\"11\\\",\\\"date\\\":\\\"2016\\\\u5e748\\\\u670816\\\\u65e5  \\\",\\\"content\\\":\\\"111\\\"}],\\\"hit\\\":[{\\\"id\\\":\\\"23\\\",\\\"title\\\":\\\"\\\\u5b66\\\\u4e60php\\\\u7f16\\\\u7a0b\\\"},{\\\"id\\\":\\\"22\\\",\\\"title\\\":\\\"linux\\\\u91cd\\\\u65b0\\\\u589e\\\\u52a0\\\\u786c\\\\u76d8\\\\u5bb9\\\\u91cf\\\"},{\\\"id\\\":\\\"21\\\",\\\"title\\\":\\\"a\\\\u6807\\\\u7b7e\\\\u62e8\\\\u6253\\\\u7535\\\\u8bdd\\\\u3001\\\\u53d1\\\\u77ed\\\\u4fe1\\\\u3001\\\\u53d1\\\\u90ae\\\\u4ef6\\\"},{\\\"id\\\":\\\"20\\\",\\\"title\\\":\\\"linux\\\\u7cfb\\\\u7edf\\\\u6587\\\\u4ef6\\\\u7684\\\\u989c\\\\u8272\\\\u4ee3\\\\u8868\\\\u7684\\\\u610f\\\\u601d\\\"},{\\\"id\\\":\\\"19\\\",\\\"title\\\":\\\"VMware Workstation 10.0 \\\\u4e0b\\\\u8f7d \\\\u2013 \\\\u6b63\\\\u7248\\\\u5e8f\\\\u5217\\\\u53f7 \\\\u7b80\\\\u4f53\\\\u4e2d\\\\u6587\\\\u5b98\\\\u65b9\\\\u539f\\\\u7248\\\"},{\\\"id\\\":\\\"18\\\",\\\"title\\\":\\\"\\\\u67e5\\\\u770b MySQL \\\\u6570\\\\u636e\\\\u5e93\\\\u4e2d\\\\u6bcf\\\\u4e2a\\\\u8868\\\\u5360\\\\u7528\\\\u7684\\\\u7a7a\\\\u95f4\\\\u5927\\\\u5c0f\\\"},{\\\"id\\\":\\\"17\\\",\\\"title\\\":\\\"html5 API\\\"},{\\\"id\\\":\\\"16\\\",\\\"title\\\":\\\"linux \\\\u547d\\\\u4ee4 \\\\u6539\\\\u53d8\\\\u6307\\\\u5b9a\\\\u76ee\\\\u5f55\\\\u4ee5\\\\u53ca\\\\u5176\\\\u5b50\\\\u76ee\\\\u5f55\\\\u4e0b\\\\u7684\\\\u6240\\\\u6709\\\\u6587\\\\u4ef6\\\\u7684\\\\u62e5\\\\u6709\\\\u8005\\\\u548c\\\\u7fa4\\\\u7ec4\\\"},{\\\"id\\\":\\\"15\\\",\\\"title\\\":\\\"nginx\\\\u91cd\\\\u65b0\\\\u52a0\\\\u8f7d\\\\u914d\\\\u7f6e\\\"},{\\\"id\\\":\\\"14\\\",\\\"title\\\":\\\"linux\\\\u538b\\\\u7f29\\\\u4e0e\\\\u89e3\\\\u538b\\\\u7f29 tar\\\\u547d\\\\u4ee4\\\"}],\\\"tag\\\":[\\\"linux\\\",\\\"nginx\\\",\\\"apache\\\",\\\"php\\\",\\\"mysql\\\",\\\"mongodb\\\",\\\"nodejs\\\",\\\"jquery\\\",\\\"html5\\\",\\\"html\\\",\\\"css\\\",\\\"css3\\\",\\\"ajax\\\",\\\"bootstrap\\\",\\\"AngularJS\\\",\\\"vue.js\\\",\\\"python\\\",\\\"xml\\\",\\\"json\\\",\\\"svn\\\",\\\"git\\\",\\\"http\\\",\\\"Redis\\\",\\\"Memcached\\\",\\\"preg\\\",\\\"React\\\",\\\"Foundation\\\",\\\"jQuery UI\\\",\\\"jQuery EasyUI\\\",\\\"jQuery Mobile\\\",\\\"ionic\\\",\\\"hybrid HTML5\\\",\\\"phonegap100\\\"]}\",\"page\":\"3\",\"page_count\":3}','9.232','2016-08-27 16:45:30') [ RunTime:0.0056s ]

[ 2016-08-27T16:45:57+08:00 ] 127.0.0.1 /api/json
INFO: [ app_init ] --START--
INFO: Run Behavior\BuildLiteBehavior [ RunTime:0.000061s ]
INFO: [ app_init ] --END-- [ RunTime:0.000271s ]
INFO: [ app_begin ] --START--
INFO: Run Behavior\ReadHtmlCacheBehavior [ RunTime:0.000965s ]
INFO: [ app_begin ] --END-- [ RunTime:0.001193s ]
SQL: SHOW COLUMNS FROM `api_logs` [ RunTime:0.0066s ]
NOTIC: [8] Use of undefined constant ture - assumed 'ture' C:\wamp\www\thinkphp\mysite\Api\Controller\JsonController.class.php 第 25 行.
SQL: SHOW COLUMNS FROM `cnblogs` [ RunTime:0.0038s ]
SQL: SELECT * FROM `cnblogs` WHERE ( 1=1 ) ORDER BY id desc LIMIT 20,10   [ RunTime:0.0006s ]
SQL: SELECT * FROM `cnblogs` WHERE ( 1=1 ) ORDER BY hit desc,id desc LIMIT 10   [ RunTime:0.0006s ]
SQL: SELECT COUNT(1=1) AS tp_count FROM `cnblogs` WHERE ( 1=1 ) LIMIT 1   [ RunTime:0.0003s ]
SQL: INSERT INTO `api_logs` (`ip`,`type`,`incomes`,`returns`,`time_cost`,`created`) VALUES ('127.0.0.1','json','{\"Code\":\"loweringye\",\"Passwd\":\"888888\",\"QueryType\":\"GetPost\",\"tag\":\"\",\"page\":\"3\"}','{\"message\":true,\"content\":\"{\\\"post\\\":[{\\\"id\\\":\\\"3\\\",\\\"title\\\":\\\"\\\\u5237\\\\u65b0dns\\\",\\\"date\\\":\\\"2016\\\\u5e748\\\\u67087\\\\u65e5  \\\",\\\"content\\\":\\\"1\\\\u3001window:ipconfig \\\\\\/flushdns2\\\\u3001linux&nbsp;sudo rcnscd restart\\\"},{\\\"id\\\":\\\"2\\\",\\\"title\\\":\\\"PHP\\\\u5b57\\\\u7b26\\\\u4e32\\\\u2014\\\\u2014\\\\u7f16\\\\u7801\\\\u4e0e\\\\u8f6c\\\\u4e49\\\",\\\"date\\\":\\\"2016\\\\u5e748\\\\u67088\\\\u65e5  \\\",\\\"content\\\":\\\"\\\\u51fd\\\\u6570htmlentities()\\\\u5c06HTML\\\\u5b57\\\\u7b26\\\\u8f6c\\\\u6362\\\\u4e3a\\\\u5bf9\\\\u5e94\\\\u7684\\\\u5b9e\\\\u4f53(\\\\u9664\\\\u4e86\\\\u7a7a\\\\u683c\\\\u7b26)\\\\u3002\\\\u5305\\\\u62ec\\\\u5c0f\\\\u4e8e\\\\u7b26\\\\u53f7(&lt;)\\\\u3001\\\\u5927\\\\u4e8e\\\\u7b26\\\\u53f7(&gt;)\\\\u3001\\\\u4e0e...\\\"},{\\\"id\\\":\\\"1\\\",\\\"title\\\":\\\"11\\\",\\\"date\\\":\\\"2016\\\\u5e748\\\\u670816\\\\u65e5  \\\",\\\"content\\\":\\\"111\\\"}],\\\"hit\\\":[{\\\"id\\\":\\\"23\\\",\\\"title\\\":\\\"\\\\u5b66\\\\u4e60php\\\\u7f16\\\\u7a0b\\\"},{\\\"id\\\":\\\"22\\\",\\\"title\\\":\\\"linux\\\\u91cd\\\\u65b0\\\\u589e\\\\u52a0\\\\u786c\\\\u76d8\\\\u5bb9\\\\u91cf\\\"},{\\\"id\\\":\\\"21\\\",\\\"title\\\":\\\"a\\\\u6807\\\\u7b7e\\\\u62e8\\\\u6253\\\\u7535\\\\u8bdd\\\\u3001\\\\u53d1\\\\u77ed\\\\u4fe1\\\\u3001\\\\u53d1\\\\u90ae\\\\u4ef6\\\"},{\\\"id\\\":\\\"20\\\",\\\"title\\\":\\\"linux\\\\u7cfb\\\\u7edf\\\\u6587\\\\u4ef6\\\\u7684\\\\u989c\\\\u8272\\\\u4ee3\\\\u8868\\\\u7684\\\\u610f\\\\u601d\\\"},{\\\"id\\\":\\\"19\\\",\\\"title\\\":\\\"VMware Workstation 10.0 \\\\u4e0b\\\\u8f7d \\\\u2013 \\\\u6b63\\\\u7248\\\\u5e8f\\\\u5217\\\\u53f7 \\\\u7b80\\\\u4f53\\\\u4e2d\\\\u6587\\\\u5b98\\\\u65b9\\\\u539f\\\\u7248\\\"},{\\\"id\\\":\\\"18\\\",\\\"title\\\":\\\"\\\\u67e5\\\\u770b MySQL \\\\u6570\\\\u636e\\\\u5e93\\\\u4e2d\\\\u6bcf\\\\u4e2a\\\\u8868\\\\u5360\\\\u7528\\\\u7684\\\\u7a7a\\\\u95f4\\\\u5927\\\\u5c0f\\\"},{\\\"id\\\":\\\"17\\\",\\\"title\\\":\\\"html5 API\\\"},{\\\"id\\\":\\\"16\\\",\\\"title\\\":\\\"linux \\\\u547d\\\\u4ee4 \\\\u6539\\\\u53d8\\\\u6307\\\\u5b9a\\\\u76ee\\\\u5f55\\\\u4ee5\\\\u53ca\\\\u5176\\\\u5b50\\\\u76ee\\\\u5f55\\\\u4e0b\\\\u7684\\\\u6240\\\\u6709\\\\u6587\\\\u4ef6\\\\u7684\\\\u62e5\\\\u6709\\\\u8005\\\\u548c\\\\u7fa4\\\\u7ec4\\\"},{\\\"id\\\":\\\"15\\\",\\\"title\\\":\\\"nginx\\\\u91cd\\\\u65b0\\\\u52a0\\\\u8f7d\\\\u914d\\\\u7f6e\\\"},{\\\"id\\\":\\\"14\\\",\\\"title\\\":\\\"linux\\\\u538b\\\\u7f29\\\\u4e0e\\\\u89e3\\\\u538b\\\\u7f29 tar\\\\u547d\\\\u4ee4\\\"}],\\\"tag\\\":[\\\"linux\\\",\\\"nginx\\\",\\\"apache\\\",\\\"php\\\",\\\"mysql\\\",\\\"mongodb\\\",\\\"nodejs\\\",\\\"jquery\\\",\\\"html5\\\",\\\"html\\\",\\\"css\\\",\\\"css3\\\",\\\"ajax\\\",\\\"bootstrap\\\",\\\"AngularJS\\\",\\\"vue.js\\\",\\\"python\\\",\\\"xml\\\",\\\"json\\\",\\\"svn\\\",\\\"git\\\",\\\"http\\\",\\\"Redis\\\",\\\"Memcached\\\",\\\"preg\\\",\\\"React\\\",\\\"Foundation\\\",\\\"jQuery UI\\\",\\\"jQuery EasyUI\\\",\\\"jQuery Mobile\\\",\\\"ionic\\\",\\\"hybrid HTML5\\\",\\\"phonegap100\\\"]}\",\"page\":\"3\",\"page_count\":3}','9.177','2016-08-27 16:45:57') [ RunTime:0.0064s ]

[ 2016-08-27T16:46:25+08:00 ] 127.0.0.1 /api/json
INFO: [ app_init ] --START--
INFO: Run Behavior\BuildLiteBehavior [ RunTime:0.000040s ]
INFO: [ app_init ] --END-- [ RunTime:0.000244s ]
INFO: [ app_begin ] --START--
INFO: Run Behavior\ReadHtmlCacheBehavior [ RunTime:0.000691s ]
INFO: [ app_begin ] --END-- [ RunTime:0.000914s ]
SQL: SHOW COLUMNS FROM `api_logs` [ RunTime:0.0037s ]
NOTIC: [8] Use of undefined constant ture - assumed 'ture' C:\wamp\www\thinkphp\mysite\Api\Controller\JsonController.class.php 第 25 行.
SQL: SHOW COLUMNS FROM `cnblogs` [ RunTime:0.0036s ]
SQL: SELECT * FROM `cnblogs` WHERE ( 1=1 ) ORDER BY id desc LIMIT 0,10   [ RunTime:0.0007s ]
SQL: SELECT * FROM `cnblogs` WHERE ( 1=1 ) ORDER BY hit desc,id desc LIMIT 10   [ RunTime:0.0005s ]
SQL: SELECT COUNT(1=1) AS tp_count FROM `cnblogs` WHERE ( 1=1 ) LIMIT 1   [ RunTime:0.0002s ]
SQL: INSERT INTO `api_logs` (`ip`,`type`,`incomes`,`returns`,`time_cost`,`created`) VALUES ('127.0.0.1','json','{\"Code\":\"loweringye\",\"Passwd\":\"888888\",\"QueryType\":\"GetPost\",\"tag\":\"\",\"page\":1}','{\"message\":true,\"content\":\"{\\\"post\\\":[{\\\"id\\\":\\\"23\\\",\\\"title\\\":\\\"\\\\u5b66\\\\u4e60php\\\\u7f16\\\\u7a0b\\\",\\\"date\\\":\\\"2014\\\\u5e742\\\\u670818\\\\u65e5  \\\",\\\"content\\\":\\\"\\\\u7a81\\\\u7136\\\\u611f\\\\u89c9\\\\uff0c\\\\u539f\\\\u6765\\\\u5b66\\\\u4e60php\\\\u8bed\\\\u8a00\\\\u6700\\\\u96be\\\\u662f\\\\uff0c\\\\u8981\\\\u7262\\\\u8bb0\\\\u4e00\\\\u5927\\\\u5806\\\\u51fd\\\\u6570\\\\u8bed\\\\u6cd5\\\\uff0c\\\\u7075\\\\u6d3b\\\\u5229\\\\u7528\\\\u51fd\\\\u6570\\\\uff1b\\\\u8bf7\\\\u95ee\\\\uff1a\\\\u6709\\\\u4ec0\\\\u4e48\\\\u6280\\\\u5de7\\\\u65b9\\\\u6cd5\\\\u561b\\\\uff1f\\\"},{\\\"id\\\":\\\"22\\\",\\\"title\\\":\\\"linux\\\\u91cd\\\\u65b0\\\\u589e\\\\u52a0\\\\u786c\\\\u76d8\\\\u5bb9\\\\u91cf\\\",\\\"date\\\":\\\"2015\\\\u5e748\\\\u670829\\\\u65e5  \\\",\\\"content\\\":\\\"1\\\\u3001\\\\u5148\\\\u7528df -h\\\\u67e5\\\\u770b\\\\u786c\\\\u76d8\\\\u4f7f\\\\u7528\\\\u60c5\\\\u51b52\\\\u3001fdisk -l\\\\u67e5\\\\u770b\\\\u5206\\\\u533a\\\\u60c5\\\\u51b5\\\\u8868\\\\u793a\\\\u8fd8\\\\u6ca1\\\\u6709\\\\u6302\\\\u8f7d3\\\\u3001fdisk \\\\\\/dev\\\\\\/vdb\\\\u8fdb\\\\u884c\\\\u5206\\\\u533a4\\\\u3001mkfs...\\\"},{\\\"id\\\":\\\"21\\\",\\\"title\\\":\\\"a\\\\u6807\\\\u7b7e\\\\u62e8\\\\u6253\\\\u7535\\\\u8bdd\\\\u3001\\\\u53d1\\\\u77ed\\\\u4fe1\\\\u3001\\\\u53d1\\\\u90ae\\\\u4ef6\\\",\\\"date\\\":\\\"2015\\\\u5e748\\\\u670831\\\\u65e5  \\\",\\\"content\\\":\\\"1\\\\u3001&lt;a href=&rdquo;tel:xxxx&rdquo;&gt;\\\\u62e8\\\\u6253\\\\u7535\\\\u8bdd&lt;\\\\\\/a&gt;2\\\\u3001&lt;a href=&rdquo;sms:xxxx&rdquo;&gt...\\\"},{\\\"id\\\":\\\"20\\\",\\\"title\\\":\\\"linux\\\\u7cfb\\\\u7edf\\\\u6587\\\\u4ef6\\\\u7684\\\\u989c\\\\u8272\\\\u4ee3\\\\u8868\\\\u7684\\\\u610f\\\\u601d\\\",\\\"date\\\":\\\"2015\\\\u5e749\\\\u670811\\\\u65e5  \\\",\\\"content\\\":\\\"1\\\\u3001\\\\u84dd\\\\u8272\\\\u4ee3\\\\u8868\\\\u76ee\\\\u5f552\\\\u3001\\\\u7eff\\\\u8272\\\\u4ee3\\\\u8868\\\\u53ef\\\\u6267\\\\u884c\\\\u6587\\\\u4ef63\\\\u3001\\\\u7ea2\\\\u8272\\\\u4ee3\\\\u8868\\\\u53ef\\\\u538b\\\\u7f29\\\\u6587\\\\u4ef64\\\\u3001\\\\u767d\\\\u8272\\\\u4ee3\\\\u8868\\\\u5176\\\\u4ed6\\\\u6587\\\\u4ef65\\\\u3001\\\\u6d45\\\\u84dd\\\\u8272\\\\u4ee3\\\\u8868\\\\u94fe\\\\u63a5\\\\u6587\\\\u4ef6...\\\"},{\\\"id\\\":\\\"19\\\",\\\"title\\\":\\\"VMware Workstation 10.0 \\\\u4e0b\\\\u8f7d \\\\u2013 \\\\u6b63\\\\u7248\\\\u5e8f\\\\u5217\\\\u53f7 \\\\u7b80\\\\u4f53\\\\u4e2d\\\\u6587\\\\u5b98\\\\u65b9\\\\u539f\\\\u7248\\\",\\\"date\\\":\\\"2015\\\\u5e749\\\\u670812\\\\u65e5  \\\",\\\"content\\\":\\\"1\\\\u3001https:\\\\\\/\\\\\\/download3.vmware.com\\\\\\/software\\\\\\/wkst\\\\\\/file\\\\\\/VMware-workstation-full-10.0.0-1295980.exe2\\\\u3001h...\\\"},{\\\"id\\\":\\\"18\\\",\\\"title\\\":\\\"\\\\u67e5\\\\u770b MySQL \\\\u6570\\\\u636e\\\\u5e93\\\\u4e2d\\\\u6bcf\\\\u4e2a\\\\u8868\\\\u5360\\\\u7528\\\\u7684\\\\u7a7a\\\\u95f4\\\\u5927\\\\u5c0f\\\",\\\"date\\\":\\\"2015\\\\u5e749\\\\u670818\\\\u65e5  \\\",\\\"content\\\":\\\"TABLE_SCHEMA : \\\\u6570\\\\u636e\\\\u5e93\\\\u540dTABLE_NAME\\\\uff1a\\\\u8868\\\\u540dENGINE\\\\uff1a\\\\u6240\\\\u4f7f\\\\u7528\\\\u7684\\\\u5b58\\\\u50a8\\\\u5f15\\\\u64ceTABLES_ROWS\\\\uff1a\\\\u8bb0\\\\u5f55\\\\u6570DATA_LENGTH\\\\uff1a\\\\u6570...\\\"},{\\\"id\\\":\\\"17\\\",\\\"title\\\":\\\"html5 API\\\",\\\"date\\\":\\\"2015\\\\u5e749\\\\u670820\\\\u65e5  \\\",\\\"content\\\":\\\"1\\\\u3001Canvas\\\\u7ed8\\\\u56fe2\\\\u3001postMessage\\\\u8de8\\\\u57df\\\\u3001\\\\u591a\\\\u7a97\\\\u53e3\\\\u4f20\\\\u8f933\\\\u3001requestAnimationFrame\\\\u52a8\\\\u753b4\\\\u3001PageVisibility API\\\\u9875\\\\u9762...\\\"},{\\\"id\\\":\\\"16\\\",\\\"title\\\":\\\"linux \\\\u547d\\\\u4ee4 \\\\u6539\\\\u53d8\\\\u6307\\\\u5b9a\\\\u76ee\\\\u5f55\\\\u4ee5\\\\u53ca\\\\u5176\\\\u5b50\\\\u76ee\\\\u5f55\\\\u4e0b\\\\u7684\\\\u6240\\\\u6709\\\\u6587\\\\u4ef6\\\\u7684\\\\u62e5\\\\u6709\\\\u8005\\\\u548c\\\\u7fa4\\\\u7ec4\\\",\\\"date\\\":\\\"2015\\\\u5e749\\\\u670823\\\\u65e5  \\\",\\\"content\\\":\\\"chown&nbsp;-R&nbsp;-v \\\\u7ec4:\\\\u7528\\\\u6237 XXX\\\\u76ee\\\\u5f55\\\"},{\\\"id\\\":\\\"15\\\",\\\"title\\\":\\\"nginx\\\\u91cd\\\\u65b0\\\\u52a0\\\\u8f7d\\\\u914d\\\\u7f6e\\\",\\\"date\\\":\\\"2015\\\\u5e7410\\\\u67088\\\\u65e5  \\\",\\\"content\\\":\\\"1\\\\u3001kill -HUP `cat \\\\\\/usr\\\\\\/local\\\\\\/nginx\\\\\\/logs\\\\\\/nginx.pid`2\\\\u3001\\\\\\/usr\\\\\\/local\\\\\\/nginx\\\\\\/sbin\\\\\\/nginx -s reload\\\"},{\\\"id\\\":\\\"14\\\",\\\"title\\\":\\\"linux\\\\u538b\\\\u7f29\\\\u4e0e\\\\u89e3\\\\u538b\\\\u7f29 tar\\\\u547d\\\\u4ee4\\\",\\\"date\\\":\\\"2015\\\\u5e7410\\\\u670815\\\\u65e5  \\\",\\\"content\\\":\\\"#\\\\u538b\\\\u7f29tar&nbsp;-czvf&nbsp;***.tar.gz &nbsp;filetar&nbsp;-cjvf&nbsp;***.tar.bz2&nbsp;file#\\\\u89e3\\\\u538b\\\\u7f29tar...\\\"}],\\\"hit\\\":[{\\\"id\\\":\\\"23\\\",\\\"title\\\":\\\"\\\\u5b66\\\\u4e60php\\\\u7f16\\\\u7a0b\\\"},{\\\"id\\\":\\\"22\\\",\\\"title\\\":\\\"linux\\\\u91cd\\\\u65b0\\\\u589e\\\\u52a0\\\\u786c\\\\u76d8\\\\u5bb9\\\\u91cf\\\"},{\\\"id\\\":\\\"21\\\",\\\"title\\\":\\\"a\\\\u6807\\\\u7b7e\\\\u62e8\\\\u6253\\\\u7535\\\\u8bdd\\\\u3001\\\\u53d1\\\\u77ed\\\\u4fe1\\\\u3001\\\\u53d1\\\\u90ae\\\\u4ef6\\\"},{\\\"id\\\":\\\"20\\\",\\\"title\\\":\\\"linux\\\\u7cfb\\\\u7edf\\\\u6587\\\\u4ef6\\\\u7684\\\\u989c\\\\u8272\\\\u4ee3\\\\u8868\\\\u7684\\\\u610f\\\\u601d\\\"},{\\\"id\\\":\\\"19\\\",\\\"title\\\":\\\"VMware Workstation 10.0 \\\\u4e0b\\\\u8f7d \\\\u2013 \\\\u6b63\\\\u7248\\\\u5e8f\\\\u5217\\\\u53f7 \\\\u7b80\\\\u4f53\\\\u4e2d\\\\u6587\\\\u5b98\\\\u65b9\\\\u539f\\\\u7248\\\"},{\\\"id\\\":\\\"18\\\",\\\"title\\\":\\\"\\\\u67e5\\\\u770b MySQL \\\\u6570\\\\u636e\\\\u5e93\\\\u4e2d\\\\u6bcf\\\\u4e2a\\\\u8868\\\\u5360\\\\u7528\\\\u7684\\\\u7a7a\\\\u95f4\\\\u5927\\\\u5c0f\\\"},{\\\"id\\\":\\\"17\\\",\\\"title\\\":\\\"html5 API\\\"},{\\\"id\\\":\\\"16\\\",\\\"title\\\":\\\"linux \\\\u547d\\\\u4ee4 \\\\u6539\\\\u53d8\\\\u6307\\\\u5b9a\\\\u76ee\\\\u5f55\\\\u4ee5\\\\u53ca\\\\u5176\\\\u5b50\\\\u76ee\\\\u5f55\\\\u4e0b\\\\u7684\\\\u6240\\\\u6709\\\\u6587\\\\u4ef6\\\\u7684\\\\u62e5\\\\u6709\\\\u8005\\\\u548c\\\\u7fa4\\\\u7ec4\\\"},{\\\"id\\\":\\\"15\\\",\\\"title\\\":\\\"nginx\\\\u91cd\\\\u65b0\\\\u52a0\\\\u8f7d\\\\u914d\\\\u7f6e\\\"},{\\\"id\\\":\\\"14\\\",\\\"title\\\":\\\"linux\\\\u538b\\\\u7f29\\\\u4e0e\\\\u89e3\\\\u538b\\\\u7f29 tar\\\\u547d\\\\u4ee4\\\"}],\\\"tag\\\":[\\\"linux\\\",\\\"nginx\\\",\\\"apache\\\",\\\"php\\\",\\\"mysql\\\",\\\"mongodb\\\",\\\"nodejs\\\",\\\"jquery\\\",\\\"html5\\\",\\\"html\\\",\\\"css\\\",\\\"css3\\\",\\\"ajax\\\",\\\"bootstrap\\\",\\\"AngularJS\\\",\\\"vue.js\\\",\\\"python\\\",\\\"xml\\\",\\\"json\\\",\\\"svn\\\",\\\"git\\\",\\\"http\\\",\\\"Redis\\\",\\\"Memcached\\\",\\\"preg\\\",\\\"React\\\",\\\"Foundation\\\",\\\"jQuery UI\\\",\\\"jQuery EasyUI\\\",\\\"jQuery Mobile\\\",\\\"ionic\\\",\\\"hybrid HTML5\\\",\\\"phonegap100\\\"]}\",\"page\":1,\"page_count\":3}','9.065','2016-08-27 16:46:25') [ RunTime:0.0041s ]

