[ 2016-08-23T21:19:20+08:00 ] 127.0.0.1 /Public/Js/maps/swiper.min.js.map
ERR: 无法加载控制器:Public

[ 2016-08-23T21:19:47+08:00 ] 127.0.0.1 /Public/Js/maps/swiper.min.js.map
ERR: 无法加载控制器:Public

[ 2016-08-23T21:25:27+08:00 ] 127.0.0.1 /Public/Js/maps/swiper.min.js.map
ERR: 无法加载控制器:Public

[ 2016-08-23T21:27:18+08:00 ] 127.0.0.1 /Public/Js/maps/swiper.min.js.map
ERR: 无法加载控制器:Public

[ 2016-08-23T21:27:46+08:00 ] 127.0.0.1 /Public/Js/maps/swiper.min.js.map
ERR: 无法加载控制器:Public

[ 2016-08-23T21:28:21+08:00 ] 127.0.0.1 /Public/Js/maps/swiper.min.js.map
ERR: 无法加载控制器:Public

[ 2016-08-23T21:28:44+08:00 ] 127.0.0.1 /Public/Js/maps/swiper.min.js.map
ERR: 无法加载控制器:Public

[ 2016-08-23T21:29:09+08:00 ] 127.0.0.1 /Public/Js/maps/swiper.min.js.map
ERR: 无法加载控制器:Public

[ 2016-08-23T21:29:49+08:00 ] 127.0.0.1 /Public/Js/maps/swiper.min.js.map
ERR: 无法加载控制器:Public

[ 2016-08-23T21:30:39+08:00 ] 127.0.0.1 /Public/Js/maps/swiper.min.js.map
ERR: 无法加载控制器:Public

[ 2016-08-23T21:34:30+08:00 ] 127.0.0.1 /Public/Js/maps/swiper.min.js.map
ERR: 无法加载控制器:Public

[ 2016-08-23T21:37:23+08:00 ] 127.0.0.1 /Public/Js/maps/swiper.min.js.map
ERR: 无法加载控制器:Public

[ 2016-08-23T21:37:32+08:00 ] 127.0.0.1 /Public/Js/maps/swiper.min.js.map
ERR: 无法加载控制器:Public

[ 2016-08-23T21:37:43+08:00 ] 127.0.0.1 /Public/Js/maps/swiper.min.js.map
ERR: 无法加载控制器:Public

[ 2016-08-23T21:37:49+08:00 ] 127.0.0.1 /Public/Js/maps/swiper.min.js.map
ERR: 无法加载控制器:Public

[ 2016-08-23T21:38:09+08:00 ] 127.0.0.1 /Public/Js/maps/swiper.min.js.map
ERR: 无法加载控制器:Public

[ 2016-08-23T21:38:16+08:00 ] 127.0.0.1 /Public/Js/maps/swiper.min.js.map
ERR: 无法加载控制器:Public

[ 2016-08-23T21:40:39+08:00 ] 127.0.0.1 /Public/Js/maps/swiper.min.js.map
ERR: 无法加载控制器:Public

[ 2016-08-23T21:41:34+08:00 ] 127.0.0.1 /Public/Js/maps/swiper.min.js.map
ERR: 无法加载控制器:Public

[ 2016-08-23T21:41:40+08:00 ] 127.0.0.1 /Public/Js/maps/swiper.min.js.map
ERR: 无法加载控制器:Public

[ 2016-08-23T21:42:30+08:00 ] 127.0.0.1 /
INFO: [ app_init ] --START--
INFO: Run Behavior\BuildLiteBehavior [ RunTime:0.000044s ]
INFO: [ app_init ] --END-- [ RunTime:0.000261s ]
INFO: [ app_begin ] --START--
INFO: Run Behavior\ReadHtmlCacheBehavior [ RunTime:0.000825s ]
INFO: [ app_begin ] --END-- [ RunTime:0.001072s ]
INFO: [ view_parse ] --START--
INFO: [ template_filter ] --START--
INFO: Run Behavior\ContentReplaceBehavior [ RunTime:0.000146s ]
INFO: [ template_filter ] --END-- [ RunTime:0.000358s ]
NOTIC: [8] Undefined variable: host C:\wamp\www\thinkphp\mysite\Runtime\Cache\Home\2f1b1a5f63f38278eb6cac2811bb10d6.php 第 38 行.
NOTIC: [8] Undefined variable: host C:\wamp\www\thinkphp\mysite\Runtime\Cache\Home\2f1b1a5f63f38278eb6cac2811bb10d6.php 第 45 行.
INFO: Run Behavior\ParseTemplateBehavior [ RunTime:0.016385s ]
INFO: [ view_parse ] --END-- [ RunTime:0.016587s ]
INFO: [ view_filter ] --START--
INFO: Run Behavior\WriteHtmlCacheBehavior [ RunTime:0.000532s ]
INFO: [ view_filter ] --END-- [ RunTime:0.000722s ]
INFO: [ app_end ] --START--
INFO: Run Behavior\ShowPageTraceBehavior [ RunTime:0.000954s ]
INFO: [ app_end ] --END-- [ RunTime:0.001162s ]

[ 2016-08-23T21:42:31+08:00 ] 127.0.0.1 /Public/Js/maps/swiper.min.js.map
INFO: [ app_init ] --START--
INFO: Run Behavior\BuildLiteBehavior [ RunTime:0.000079s ]
INFO: [ app_init ] --END-- [ RunTime:0.000472s ]
INFO: [ app_begin ] --START--
INFO: Run Behavior\ReadHtmlCacheBehavior [ RunTime:0.001004s ]
INFO: [ app_begin ] --END-- [ RunTime:0.001402s ]
ERR: 无法加载控制器:Public

[ 2016-08-23T21:42:32+08:00 ] 127.0.0.1 /
INFO: [ app_init ] --START--
INFO: Run Behavior\BuildLiteBehavior [ RunTime:0.000091s ]
INFO: [ app_init ] --END-- [ RunTime:0.000525s ]
INFO: [ app_begin ] --START--
INFO: Run Behavior\ReadHtmlCacheBehavior [ RunTime:0.001039s ]
INFO: [ app_begin ] --END-- [ RunTime:0.001428s ]
INFO: [ view_parse ] --START--
INFO: [ template_filter ] --START--
INFO: Run Behavior\ContentReplaceBehavior [ RunTime:0.000255s ]
INFO: [ template_filter ] --END-- [ RunTime:0.000670s ]
NOTIC: [8] Undefined variable: host C:\wamp\www\thinkphp\mysite\Runtime\Cache\Home\2f1b1a5f63f38278eb6cac2811bb10d6.php 第 38 行.
NOTIC: [8] Undefined variable: host C:\wamp\www\thinkphp\mysite\Runtime\Cache\Home\2f1b1a5f63f38278eb6cac2811bb10d6.php 第 45 行.
INFO: Run Behavior\ParseTemplateBehavior [ RunTime:0.026760s ]
INFO: [ view_parse ] --END-- [ RunTime:0.027166s ]
INFO: [ view_filter ] --START--
INFO: Run Behavior\WriteHtmlCacheBehavior [ RunTime:0.000802s ]
INFO: [ view_filter ] --END-- [ RunTime:0.001221s ]
INFO: [ app_end ] --START--
INFO: Run Behavior\ShowPageTraceBehavior [ RunTime:0.002494s ]
INFO: [ app_end ] --END-- [ RunTime:0.002916s ]

[ 2016-08-23T21:42:38+08:00 ] 127.0.0.1 /Public/Js/maps/swiper.min.js.map
ERR: 无法加载控制器:Public

[ 2016-08-23T21:42:40+08:00 ] 127.0.0.1 /
INFO: [ app_init ] --START--
INFO: Run Behavior\BuildLiteBehavior [ RunTime:0.000042s ]
INFO: [ app_init ] --END-- [ RunTime:0.000250s ]
INFO: [ app_begin ] --START--
INFO: Run Behavior\ReadHtmlCacheBehavior [ RunTime:0.000687s ]
INFO: [ app_begin ] --END-- [ RunTime:0.000904s ]
INFO: [ view_parse ] --START--
INFO: [ template_filter ] --START--
INFO: Run Behavior\ContentReplaceBehavior [ RunTime:0.000146s ]
INFO: [ template_filter ] --END-- [ RunTime:0.000362s ]
NOTIC: [8] Undefined variable: host C:\wamp\www\thinkphp\mysite\Runtime\Cache\Home\2f1b1a5f63f38278eb6cac2811bb10d6.php 第 38 行.
NOTIC: [8] Undefined variable: host C:\wamp\www\thinkphp\mysite\Runtime\Cache\Home\2f1b1a5f63f38278eb6cac2811bb10d6.php 第 45 行.
INFO: Run Behavior\ParseTemplateBehavior [ RunTime:0.016813s ]
INFO: [ view_parse ] --END-- [ RunTime:0.017015s ]
INFO: [ view_filter ] --START--
INFO: Run Behavior\WriteHtmlCacheBehavior [ RunTime:0.000425s ]
INFO: [ view_filter ] --END-- [ RunTime:0.000614s ]
INFO: [ app_end ] --START--
INFO: Run Behavior\ShowPageTraceBehavior [ RunTime:0.000931s ]
INFO: [ app_end ] --END-- [ RunTime:0.001267s ]

[ 2016-08-23T21:42:41+08:00 ] 127.0.0.1 /Public/Js/maps/swiper.min.js.map
INFO: [ app_init ] --START--
INFO: Run Behavior\BuildLiteBehavior [ RunTime:0.000058s ]
INFO: [ app_init ] --END-- [ RunTime:0.000350s ]
INFO: [ app_begin ] --START--
INFO: Run Behavior\ReadHtmlCacheBehavior [ RunTime:0.001487s ]
INFO: [ app_begin ] --END-- [ RunTime:0.001917s ]
ERR: 无法加载控制器:Public

[ 2016-08-23T21:42:42+08:00 ] 127.0.0.1 /
INFO: [ app_init ] --START--
INFO: Run Behavior\BuildLiteBehavior [ RunTime:0.000074s ]
INFO: [ app_init ] --END-- [ RunTime:0.000445s ]
INFO: [ app_begin ] --START--
INFO: Run Behavior\ReadHtmlCacheBehavior [ RunTime:0.001285s ]
INFO: [ app_begin ] --END-- [ RunTime:0.001726s ]
INFO: [ view_parse ] --START--
INFO: [ template_filter ] --START--
INFO: Run Behavior\ContentReplaceBehavior [ RunTime:0.000279s ]
INFO: [ template_filter ] --END-- [ RunTime:0.000684s ]
NOTIC: [8] Undefined variable: host C:\wamp\www\thinkphp\mysite\Runtime\Cache\Home\2f1b1a5f63f38278eb6cac2811bb10d6.php 第 38 行.
NOTIC: [8] Undefined variable: host C:\wamp\www\thinkphp\mysite\Runtime\Cache\Home\2f1b1a5f63f38278eb6cac2811bb10d6.php 第 45 行.
INFO: Run Behavior\ParseTemplateBehavior [ RunTime:0.024989s ]
INFO: [ view_parse ] --END-- [ RunTime:0.025282s ]
INFO: [ view_filter ] --START--
INFO: Run Behavior\WriteHtmlCacheBehavior [ RunTime:0.000560s ]
INFO: [ view_filter ] --END-- [ RunTime:0.000751s ]
INFO: [ app_end ] --START--
INFO: Run Behavior\ShowPageTraceBehavior [ RunTime:0.001295s ]
INFO: [ app_end ] --END-- [ RunTime:0.001689s ]

[ 2016-08-23T21:44:29+08:00 ] 127.0.0.1 /
INFO: [ app_init ] --START--
INFO: Run Behavior\BuildLiteBehavior [ RunTime:0.000042s ]
INFO: [ app_init ] --END-- [ RunTime:0.000254s ]
INFO: [ app_begin ] --START--
INFO: Run Behavior\ReadHtmlCacheBehavior [ RunTime:0.001028s ]
INFO: [ app_begin ] --END-- [ RunTime:0.001355s ]
INFO: [ view_parse ] --START--
INFO: [ template_filter ] --START--
INFO: Run Behavior\ContentReplaceBehavior [ RunTime:0.000135s ]
INFO: [ template_filter ] --END-- [ RunTime:0.000349s ]
NOTIC: [8] Undefined variable: host C:\wamp\www\thinkphp\mysite\Runtime\Cache\Home\2f1b1a5f63f38278eb6cac2811bb10d6.php 第 38 行.
NOTIC: [8] Undefined variable: host C:\wamp\www\thinkphp\mysite\Runtime\Cache\Home\2f1b1a5f63f38278eb6cac2811bb10d6.php 第 45 行.
INFO: Run Behavior\ParseTemplateBehavior [ RunTime:0.016221s ]
INFO: [ view_parse ] --END-- [ RunTime:0.016425s ]
INFO: [ view_filter ] --START--
INFO: Run Behavior\WriteHtmlCacheBehavior [ RunTime:0.000521s ]
INFO: [ view_filter ] --END-- [ RunTime:0.000743s ]
INFO: [ app_end ] --START--
INFO: Run Behavior\ShowPageTraceBehavior [ RunTime:0.000875s ]
INFO: [ app_end ] --END-- [ RunTime:0.001095s ]

[ 2016-08-23T21:44:30+08:00 ] 127.0.0.1 /Public/Js/maps/swiper.min.js.map
INFO: [ app_init ] --START--
INFO: Run Behavior\BuildLiteBehavior [ RunTime:0.000077s ]
INFO: [ app_init ] --END-- [ RunTime:0.000477s ]
INFO: [ app_begin ] --START--
INFO: Run Behavior\ReadHtmlCacheBehavior [ RunTime:0.001232s ]
INFO: [ app_begin ] --END-- [ RunTime:0.001640s ]
ERR: 无法加载控制器:Public

[ 2016-08-23T21:44:31+08:00 ] 127.0.0.1 /
INFO: [ app_init ] --START--
INFO: Run Behavior\BuildLiteBehavior [ RunTime:0.000044s ]
INFO: [ app_init ] --END-- [ RunTime:0.000351s ]
INFO: [ app_begin ] --START--
INFO: Run Behavior\ReadHtmlCacheBehavior [ RunTime:0.001279s ]
INFO: [ app_begin ] --END-- [ RunTime:0.001740s ]
INFO: [ view_parse ] --START--
INFO: [ template_filter ] --START--
INFO: Run Behavior\ContentReplaceBehavior [ RunTime:0.000235s ]
INFO: [ template_filter ] --END-- [ RunTime:0.000603s ]
NOTIC: [8] Undefined variable: host C:\wamp\www\thinkphp\mysite\Runtime\Cache\Home\2f1b1a5f63f38278eb6cac2811bb10d6.php 第 38 行.
NOTIC: [8] Undefined variable: host C:\wamp\www\thinkphp\mysite\Runtime\Cache\Home\2f1b1a5f63f38278eb6cac2811bb10d6.php 第 45 行.
INFO: Run Behavior\ParseTemplateBehavior [ RunTime:0.025114s ]
INFO: [ view_parse ] --END-- [ RunTime:0.025524s ]
INFO: [ view_filter ] --START--
INFO: Run Behavior\WriteHtmlCacheBehavior [ RunTime:0.001118s ]
INFO: [ view_filter ] --END-- [ RunTime:0.001477s ]
INFO: [ app_end ] --START--
INFO: Run Behavior\ShowPageTraceBehavior [ RunTime:0.002350s ]
INFO: [ app_end ] --END-- [ RunTime:0.003034s ]

[ 2016-08-23T21:44:50+08:00 ] 127.0.0.1 /
INFO: [ app_init ] --START--
INFO: Run Behavior\BuildLiteBehavior [ RunTime:0.000056s ]
INFO: [ app_init ] --END-- [ RunTime:0.000328s ]
INFO: [ app_begin ] --START--
INFO: Run Behavior\ReadHtmlCacheBehavior [ RunTime:0.000943s ]
INFO: [ app_begin ] --END-- [ RunTime:0.001258s ]
INFO: [ view_parse ] --START--
INFO: [ template_filter ] --START--
INFO: Run Behavior\ContentReplaceBehavior [ RunTime:0.000138s ]
INFO: [ template_filter ] --END-- [ RunTime:0.000352s ]
NOTIC: [8] Undefined variable: host C:\wamp\www\thinkphp\mysite\Runtime\Cache\Home\2f1b1a5f63f38278eb6cac2811bb10d6.php 第 38 行.
NOTIC: [8] Undefined variable: host C:\wamp\www\thinkphp\mysite\Runtime\Cache\Home\2f1b1a5f63f38278eb6cac2811bb10d6.php 第 45 行.
INFO: Run Behavior\ParseTemplateBehavior [ RunTime:0.016475s ]
INFO: [ view_parse ] --END-- [ RunTime:0.016724s ]
INFO: [ view_filter ] --START--
INFO: Run Behavior\WriteHtmlCacheBehavior [ RunTime:0.000634s ]
INFO: [ view_filter ] --END-- [ RunTime:0.000824s ]
INFO: [ app_end ] --START--
INFO: Run Behavior\ShowPageTraceBehavior [ RunTime:0.000895s ]
INFO: [ app_end ] --END-- [ RunTime:0.001137s ]

[ 2016-08-23T21:44:50+08:00 ] 127.0.0.1 /Public/Js/maps/swiper.min.js.map
INFO: [ app_init ] --START--
INFO: Run Behavior\BuildLiteBehavior [ RunTime:0.000073s ]
INFO: [ app_init ] --END-- [ RunTime:0.000445s ]
INFO: [ app_begin ] --START--
INFO: Run Behavior\ReadHtmlCacheBehavior [ RunTime:0.001156s ]
INFO: [ app_begin ] --END-- [ RunTime:0.001571s ]
ERR: 无法加载控制器:Public

[ 2016-08-23T21:44:51+08:00 ] 127.0.0.1 /
INFO: [ app_init ] --START--
INFO: Run Behavior\BuildLiteBehavior [ RunTime:0.000071s ]
INFO: [ app_init ] --END-- [ RunTime:0.000430s ]
INFO: [ app_begin ] --START--
INFO: Run Behavior\ReadHtmlCacheBehavior [ RunTime:0.001008s ]
INFO: [ app_begin ] --END-- [ RunTime:0.001391s ]
INFO: [ view_parse ] --START--
INFO: [ template_filter ] --START--
INFO: Run Behavior\ContentReplaceBehavior [ RunTime:0.000361s ]
INFO: [ template_filter ] --END-- [ RunTime:0.000900s ]
NOTIC: [8] Undefined variable: host C:\wamp\www\thinkphp\mysite\Runtime\Cache\Home\2f1b1a5f63f38278eb6cac2811bb10d6.php 第 38 行.
NOTIC: [8] Undefined variable: host C:\wamp\www\thinkphp\mysite\Runtime\Cache\Home\2f1b1a5f63f38278eb6cac2811bb10d6.php 第 45 行.
INFO: Run Behavior\ParseTemplateBehavior [ RunTime:0.027480s ]
INFO: [ view_parse ] --END-- [ RunTime:0.027853s ]
INFO: [ view_filter ] --START--
INFO: Run Behavior\WriteHtmlCacheBehavior [ RunTime:0.001252s ]
INFO: [ view_filter ] --END-- [ RunTime:0.001676s ]
INFO: [ app_end ] --START--
INFO: Run Behavior\ShowPageTraceBehavior [ RunTime:0.001978s ]
INFO: [ app_end ] --END-- [ RunTime:0.002409s ]

[ 2016-08-23T21:47:03+08:00 ] 127.0.0.1 /111
INFO: [ app_init ] --START--
INFO: Run Behavior\BuildLiteBehavior [ RunTime:0.000042s ]
INFO: [ app_init ] --END-- [ RunTime:0.000250s ]
INFO: [ app_begin ] --START--
INFO: Run Behavior\ReadHtmlCacheBehavior [ RunTime:0.000827s ]
INFO: [ app_begin ] --END-- [ RunTime:0.001057s ]
ERR: 无法加载控制器:111

[ 2016-08-23T21:47:04+08:00 ] 127.0.0.1 /favicon.ico
INFO: [ app_init ] --START--
INFO: Run Behavior\BuildLiteBehavior [ RunTime:0.000076s ]
INFO: [ app_init ] --END-- [ RunTime:0.000454s ]

[ 2016-08-23T21:47:50+08:00 ] 127.0.0.1 /Public/Js/maps/swiper.min.js.map
ERR: 无法加载控制器:Public

[ 2016-08-23T21:47:52+08:00 ] 127.0.0.1 /Public/Js/maps/swiper.min.js.map
ERR: 无法加载控制器:Public

[ 2016-08-23T21:55:21+08:00 ] 127.0.0.1 /Public/Js/maps/swiper.min.js.map
ERR: 无法加载控制器:Public

[ 2016-08-23T21:58:24+08:00 ] 127.0.0.1 /Public/Js/maps/swiper.min.js.map
ERR: 无法加载控制器:Public

[ 2016-08-23T21:58:24+08:00 ] 127.0.0.1 /public/image/ad1.png.html
ERR: 无法加载控制器:Public

[ 2016-08-23T21:58:25+08:00 ] 127.0.0.1 /public/image/ad1.png.html
ERR: 无法加载控制器:Public

[ 2016-08-23T21:58:25+08:00 ] 127.0.0.1 /public/image/ad1.png.html
ERR: 无法加载控制器:Public

[ 2016-08-23T21:58:29+08:00 ] 127.0.0.1 /public/image/ad1.png.html
ERR: 无法加载控制器:Public

[ 2016-08-23T21:58:29+08:00 ] 127.0.0.1 /public/image/ad1.png.html
ERR: 无法加载控制器:Public

[ 2016-08-23T21:58:47+08:00 ] 127.0.0.1 /Public/Js/maps/swiper.min.js.map
ERR: 无法加载控制器:Public

[ 2016-08-23T21:58:47+08:00 ] 127.0.0.1 /public/image/ad1.png.html
ERR: 无法加载控制器:Public

[ 2016-08-23T21:58:48+08:00 ] 127.0.0.1 /public/image/ad1.png.html
ERR: 无法加载控制器:Public

[ 2016-08-23T21:58:48+08:00 ] 127.0.0.1 /public/image/ad1.png.html
ERR: 无法加载控制器:Public

[ 2016-08-23T21:58:52+08:00 ] 127.0.0.1 /public/image/ad1.png.html
ERR: 无法加载控制器:Public

[ 2016-08-23T21:58:53+08:00 ] 127.0.0.1 /public/image/ad1.png.html
ERR: 无法加载控制器:Public

[ 2016-08-23T21:58:57+08:00 ] 127.0.0.1 /Public/Js/maps/swiper.min.js.map
ERR: 无法加载控制器:Public

[ 2016-08-23T22:00:30+08:00 ] 127.0.0.1 /Public/Js/maps/swiper.min.js.map
ERR: 无法加载控制器:Public

[ 2016-08-23T22:02:10+08:00 ] 127.0.0.1 /Public/Js/maps/swiper.min.js.map
ERR: 无法加载控制器:Public

[ 2016-08-23T22:02:22+08:00 ] 127.0.0.1 /Public/Js/maps/swiper.min.js.map
ERR: 无法加载控制器:Public

[ 2016-08-23T22:02:56+08:00 ] 127.0.0.1 /Public/Js/maps/swiper.min.js.map
ERR: 无法加载控制器:Public

[ 2016-08-23T22:03:58+08:00 ] 127.0.0.1 /
INFO: [ app_init ] --START--
INFO: Run Behavior\BuildLiteBehavior [ RunTime:0.000080s ]
INFO: [ app_init ] --END-- [ RunTime:0.000481s ]
INFO: [ app_begin ] --START--
INFO: Run Behavior\ReadHtmlCacheBehavior [ RunTime:0.000912s ]
INFO: [ app_begin ] --END-- [ RunTime:0.001134s ]
INFO: [ view_parse ] --START--
INFO: [ template_filter ] --START--
INFO: Run Behavior\ContentReplaceBehavior [ RunTime:0.000166s ]
INFO: [ template_filter ] --END-- [ RunTime:0.000542s ]
NOTIC: [8] Undefined variable: host C:\wamp\www\thinkphp\mysite\Runtime\Cache\Home\2f1b1a5f63f38278eb6cac2811bb10d6.php 第 38 行.
NOTIC: [8] Undefined variable: host C:\wamp\www\thinkphp\mysite\Runtime\Cache\Home\2f1b1a5f63f38278eb6cac2811bb10d6.php 第 45 行.
INFO: Run Behavior\ParseTemplateBehavior [ RunTime:0.021614s ]
INFO: [ view_parse ] --END-- [ RunTime:0.021843s ]
INFO: [ view_filter ] --START--
INFO: Run Behavior\WriteHtmlCacheBehavior [ RunTime:0.000551s ]
INFO: [ view_filter ] --END-- [ RunTime:0.000742s ]
INFO: [ app_end ] --START--
INFO: Run Behavior\ShowPageTraceBehavior [ RunTime:0.001124s ]
INFO: [ app_end ] --END-- [ RunTime:0.001458s ]

[ 2016-08-23T22:03:59+08:00 ] 127.0.0.1 /Public/Js/maps/swiper.min.js.map
INFO: [ app_init ] --START--
INFO: Run Behavior\BuildLiteBehavior [ RunTime:0.000044s ]
INFO: [ app_init ] --END-- [ RunTime:0.000292s ]
INFO: [ app_begin ] --START--
INFO: Run Behavior\ReadHtmlCacheBehavior [ RunTime:0.001546s ]
INFO: [ app_begin ] --END-- [ RunTime:0.001967s ]
ERR: 无法加载控制器:Public

[ 2016-08-23T22:04:00+08:00 ] 127.0.0.1 /
INFO: [ app_init ] --START--
INFO: Run Behavior\BuildLiteBehavior [ RunTime:0.000083s ]
INFO: [ app_init ] --END-- [ RunTime:0.000526s ]
INFO: [ app_begin ] --START--
INFO: Run Behavior\ReadHtmlCacheBehavior [ RunTime:0.001214s ]
INFO: [ app_begin ] --END-- [ RunTime:0.001733s ]
INFO: [ view_parse ] --START--
INFO: [ template_filter ] --START--
INFO: Run Behavior\ContentReplaceBehavior [ RunTime:0.000238s ]
INFO: [ template_filter ] --END-- [ RunTime:0.000632s ]
NOTIC: [8] Undefined variable: host C:\wamp\www\thinkphp\mysite\Runtime\Cache\Home\2f1b1a5f63f38278eb6cac2811bb10d6.php 第 38 行.
NOTIC: [8] Undefined variable: host C:\wamp\www\thinkphp\mysite\Runtime\Cache\Home\2f1b1a5f63f38278eb6cac2811bb10d6.php 第 45 行.
INFO: Run Behavior\ParseTemplateBehavior [ RunTime:0.030928s ]
INFO: [ view_parse ] --END-- [ RunTime:0.031247s ]
INFO: [ view_filter ] --START--
INFO: Run Behavior\WriteHtmlCacheBehavior [ RunTime:0.000633s ]
INFO: [ view_filter ] --END-- [ RunTime:0.000829s ]
INFO: [ app_end ] --START--
INFO: Run Behavior\ShowPageTraceBehavior [ RunTime:0.001436s ]
INFO: [ app_end ] --END-- [ RunTime:0.001763s ]

[ 2016-08-23T22:04:01+08:00 ] 127.0.0.1 /11
INFO: [ app_init ] --START--
INFO: Run Behavior\BuildLiteBehavior [ RunTime:0.000078s ]
INFO: [ app_init ] --END-- [ RunTime:0.000480s ]
INFO: [ app_begin ] --START--
INFO: Run Behavior\ReadHtmlCacheBehavior [ RunTime:0.000705s ]
INFO: [ app_begin ] --END-- [ RunTime:0.000915s ]
ERR: 无法加载控制器:11

[ 2016-08-23T22:04:18+08:00 ] 127.0.0.1 /Public/Js/maps/swiper.min.js.map
ERR: 无法加载控制器:Public

[ 2016-08-23T22:05:14+08:00 ] 127.0.0.1 /Public/Js/maps/swiper.min.js.map
ERR: 无法加载控制器:Public

[ 2016-08-23T22:05:17+08:00 ] 127.0.0.1 /11
ERR: 无法加载控制器:11

[ 2016-08-23T22:05:29+08:00 ] 127.0.0.1 /Public/Js/maps/swiper.min.js.map
ERR: 无法加载控制器:Public

[ 2016-08-23T22:05:42+08:00 ] 127.0.0.1 /Public/Js/maps/swiper.min.js.map
ERR: 无法加载控制器:Public

[ 2016-08-23T22:11:19+08:00 ] 127.0.0.1 /Public/Js/maps/swiper.min.js.map
ERR: 无法加载控制器:Public

[ 2016-08-23T22:11:24+08:00 ] 127.0.0.1 /Public/Js/maps/swiper.min.js.map
ERR: 无法加载控制器:Public

[ 2016-08-23T22:11:36+08:00 ] 127.0.0.1 /Public/Js/maps/swiper.min.js.map
ERR: 无法加载控制器:Public

[ 2016-08-23T22:12:50+08:00 ] 127.0.0.1 /Public/Js/maps/swiper.min.js.map
ERR: 无法加载控制器:Public

[ 2016-08-23T22:15:14+08:00 ] 127.0.0.1 /Public/Js/maps/swiper.min.js.map
ERR: 无法加载控制器:Public

[ 2016-08-23T22:15:39+08:00 ] 127.0.0.1 /Public/Js/maps/swiper.min.js.map
ERR: 无法加载控制器:Public

[ 2016-08-23T22:15:54+08:00 ] 127.0.0.1 /Public/Js/maps/swiper.min.js.map
ERR: 无法加载控制器:Public

[ 2016-08-23T22:16:42+08:00 ] 127.0.0.1 /Public/Js/maps/swiper.min.js.map
ERR: 无法加载控制器:Public

[ 2016-08-23T22:17:14+08:00 ] 127.0.0.1 /Public/Js/maps/swiper.min.js.map
ERR: 无法加载控制器:Public

[ 2016-08-23T22:17:38+08:00 ] 127.0.0.1 /Public/Js/maps/swiper.min.js.map
ERR: 无法加载控制器:Public

[ 2016-08-23T22:17:47+08:00 ] 127.0.0.1 /Public/Js/maps/swiper.min.js.map
ERR: 无法加载控制器:Public

[ 2016-08-23T22:18:20+08:00 ] 127.0.0.1 /Public/Js/maps/swiper.min.js.map
ERR: 无法加载控制器:Public

[ 2016-08-23T22:18:33+08:00 ] 127.0.0.1 /Public/Js/maps/swiper.min.js.map
ERR: 无法加载控制器:Public

[ 2016-08-23T22:18:48+08:00 ] 127.0.0.1 /Public/Js/maps/swiper.min.js.map
ERR: 无法加载控制器:Public

[ 2016-08-23T22:19:15+08:00 ] 127.0.0.1 /Public/Js/maps/swiper.min.js.map
ERR: 无法加载控制器:Public

[ 2016-08-23T22:20:31+08:00 ] 127.0.0.1 /Public/Js/maps/swiper.min.js.map
ERR: 无法加载控制器:Public

[ 2016-08-23T22:21:58+08:00 ] 127.0.0.1 /Public/Js/maps/swiper.min.js.map
ERR: 无法加载控制器:Public

[ 2016-08-23T22:22:11+08:00 ] 127.0.0.1 /Public/Js/maps/swiper.min.js.map
ERR: 无法加载控制器:Public

[ 2016-08-23T23:28:44+08:00 ] 127.0.0.1 /api/request
ERR: 无法加载控制器:Api

[ 2016-08-23T23:28:53+08:00 ] 127.0.0.1 /api/wexin
ERR: 无法加载控制器:Api

[ 2016-08-23T23:29:04+08:00 ] 127.0.0.1 /api/wexin
ERR: 无法加载控制器:Api

[ 2016-08-23T23:29:11+08:00 ] 127.0.0.1 /api/wexin
ERR: 无法加载控制器:Api

[ 2016-08-23T23:29:18+08:00 ] 127.0.0.1 /api/weixin
ERR: 无法加载控制器:Api

[ 2016-08-23T23:29:20+08:00 ] 127.0.0.1 /api/weixin
ERR: 无法加载控制器:Api

[ 2016-08-23T23:29:30+08:00 ] 127.0.0.1 /api/weixin
ERR: 无法加载控制器:Api

[ 2016-08-23T23:29:31+08:00 ] 127.0.0.1 /api/weixin
ERR: 无法加载控制器:Api

[ 2016-08-23T23:29:46+08:00 ] 127.0.0.1 /api/weixin
ERR: 无法加载控制器:Api

[ 2016-08-23T23:29:48+08:00 ] 127.0.0.1 /api/weixin
ERR: 无法加载控制器:Api

[ 2016-08-23T23:40:53+08:00 ] 127.0.0.1 /api/weixin
INFO: [ app_init ] --START--
INFO: Run Behavior\BuildLiteBehavior [ RunTime:0.000041s ]
INFO: [ app_init ] --END-- [ RunTime:0.000252s ]
INFO: [ app_begin ] --START--
INFO: Run Behavior\ReadHtmlCacheBehavior [ RunTime:0.000812s ]
INFO: [ app_begin ] --END-- [ RunTime:0.001030s ]
ERR: 无法加载控制器:Api

[ 2016-08-23T23:50:22+08:00 ] 127.0.0.1 /
INFO: [ app_init ] --START--
INFO: Run Behavior\BuildLiteBehavior [ RunTime:0.000041s ]
INFO: [ app_init ] --END-- [ RunTime:0.000245s ]
INFO: [ app_begin ] --START--
INFO: Run Behavior\ReadHtmlCacheBehavior [ RunTime:0.000890s ]
INFO: [ app_begin ] --END-- [ RunTime:0.001178s ]

[ 2016-08-23T23:50:32+08:00 ] 127.0.0.1 /
INFO: [ app_init ] --START--
INFO: Run Behavior\BuildLiteBehavior [ RunTime:0.000041s ]
INFO: [ app_init ] --END-- [ RunTime:0.000240s ]
INFO: [ app_begin ] --START--
INFO: Run Behavior\ReadHtmlCacheBehavior [ RunTime:0.001229s ]
INFO: [ app_begin ] --END-- [ RunTime:0.001628s ]

[ 2016-08-23T23:51:07+08:00 ] 127.0.0.1 /
INFO: [ app_init ] --START--
INFO: Run Behavior\BuildLiteBehavior [ RunTime:0.000081s ]
INFO: [ app_init ] --END-- [ RunTime:0.000466s ]
INFO: [ app_begin ] --START--
INFO: Run Behavior\ReadHtmlCacheBehavior [ RunTime:0.000972s ]
INFO: [ app_begin ] --END-- [ RunTime:0.001385s ]

[ 2016-08-23T23:51:08+08:00 ] 127.0.0.1 /
INFO: [ app_init ] --START--
INFO: Run Behavior\BuildLiteBehavior [ RunTime:0.000042s ]
INFO: [ app_init ] --END-- [ RunTime:0.000244s ]
INFO: [ app_begin ] --START--
INFO: Run Behavior\ReadHtmlCacheBehavior [ RunTime:0.000650s ]
INFO: [ app_begin ] --END-- [ RunTime:0.000863s ]

[ 2016-08-23T23:51:09+08:00 ] 127.0.0.1 /
INFO: [ app_init ] --START--
INFO: Run Behavior\BuildLiteBehavior [ RunTime:0.000044s ]
INFO: [ app_init ] --END-- [ RunTime:0.000271s ]
INFO: [ app_begin ] --START--
INFO: Run Behavior\ReadHtmlCacheBehavior [ RunTime:0.000711s ]
INFO: [ app_begin ] --END-- [ RunTime:0.000935s ]

[ 2016-08-23T23:51:09+08:00 ] 127.0.0.1 /
INFO: [ app_init ] --START--
INFO: Run Behavior\BuildLiteBehavior [ RunTime:0.000043s ]
INFO: [ app_init ] --END-- [ RunTime:0.000313s ]
INFO: [ app_begin ] --START--
INFO: Run Behavior\ReadHtmlCacheBehavior [ RunTime:0.001115s ]
INFO: [ app_begin ] --END-- [ RunTime:0.001541s ]

[ 2016-08-23T23:51:39+08:00 ] 127.0.0.1 /
INFO: [ app_init ] --START--
INFO: Run Behavior\BuildLiteBehavior [ RunTime:0.000042s ]
INFO: [ app_init ] --END-- [ RunTime:0.000247s ]
INFO: [ app_begin ] --START--
INFO: Run Behavior\ReadHtmlCacheBehavior [ RunTime:0.000674s ]
INFO: [ app_begin ] --END-- [ RunTime:0.000898s ]

[ 2016-08-23T23:54:05+08:00 ] 127.0.0.1 /
INFO: [ app_init ] --START--
INFO: Run Behavior\BuildLiteBehavior [ RunTime:0.000041s ]
INFO: [ app_init ] --END-- [ RunTime:0.000244s ]
INFO: [ app_begin ] --START--
INFO: Run Behavior\ReadHtmlCacheBehavior [ RunTime:0.000651s ]
INFO: [ app_begin ] --END-- [ RunTime:0.000863s ]

[ 2016-08-23T23:54:07+08:00 ] 127.0.0.1 /
INFO: [ app_init ] --START--
INFO: Run Behavior\BuildLiteBehavior [ RunTime:0.000076s ]
INFO: [ app_init ] --END-- [ RunTime:0.000338s ]
INFO: [ app_begin ] --START--
INFO: Run Behavior\ReadHtmlCacheBehavior [ RunTime:0.000651s ]
INFO: [ app_begin ] --END-- [ RunTime:0.000862s ]

[ 2016-08-23T23:54:31+08:00 ] 127.0.0.1 /
INFO: [ app_init ] --START--
INFO: Run Behavior\BuildLiteBehavior [ RunTime:0.000041s ]
INFO: [ app_init ] --END-- [ RunTime:0.000256s ]
INFO: [ app_begin ] --START--
INFO: Run Behavior\ReadHtmlCacheBehavior [ RunTime:0.000700s ]
INFO: [ app_begin ] --END-- [ RunTime:0.000927s ]

[ 2016-08-23T23:54:42+08:00 ] 127.0.0.1 /
INFO: [ app_init ] --START--
INFO: Run Behavior\BuildLiteBehavior [ RunTime:0.000066s ]
INFO: [ app_init ] --END-- [ RunTime:0.000277s ]
INFO: [ app_begin ] --START--
INFO: Run Behavior\ReadHtmlCacheBehavior [ RunTime:0.000856s ]
INFO: [ app_begin ] --END-- [ RunTime:0.001073s ]

[ 2016-08-23T23:55:15+08:00 ] 127.0.0.1 /
INFO: [ app_init ] --START--
INFO: Run Behavior\BuildLiteBehavior [ RunTime:0.000041s ]
INFO: [ app_init ] --END-- [ RunTime:0.000244s ]
INFO: [ app_begin ] --START--
INFO: Run Behavior\ReadHtmlCacheBehavior [ RunTime:0.000641s ]
INFO: [ app_begin ] --END-- [ RunTime:0.000851s ]

[ 2016-08-23T23:56:19+08:00 ] 127.0.0.1 /
INFO: [ app_init ] --START--
INFO: Run Behavior\BuildLiteBehavior [ RunTime:0.000041s ]
INFO: [ app_init ] --END-- [ RunTime:0.000244s ]
INFO: [ app_begin ] --START--
INFO: Run Behavior\ReadHtmlCacheBehavior [ RunTime:0.000705s ]
INFO: [ app_begin ] --END-- [ RunTime:0.000917s ]
INFO: [ view_parse ] --START--
INFO: [ template_filter ] --START--
INFO: Run Behavior\ContentReplaceBehavior [ RunTime:0.000138s ]
INFO: [ template_filter ] --END-- [ RunTime:0.000344s ]
NOTIC: [8] Undefined variable: host C:\wamp\www\thinkphp\mysite\Runtime\Cache\Home\2f1b1a5f63f38278eb6cac2811bb10d6.php 第 36 行.
NOTIC: [8] Undefined variable: host C:\wamp\www\thinkphp\mysite\Runtime\Cache\Home\2f1b1a5f63f38278eb6cac2811bb10d6.php 第 43 行.
INFO: Run Behavior\ParseTemplateBehavior [ RunTime:0.015373s ]
INFO: [ view_parse ] --END-- [ RunTime:0.015679s ]
INFO: [ view_filter ] --START--
INFO: Run Behavior\WriteHtmlCacheBehavior [ RunTime:0.000730s ]
INFO: [ view_filter ] --END-- [ RunTime:0.000999s ]
INFO: [ app_end ] --START--
INFO: Run Behavior\ShowPageTraceBehavior [ RunTime:0.001450s ]
INFO: [ app_end ] --END-- [ RunTime:0.001965s ]

[ 2016-08-23T23:56:20+08:00 ] 127.0.0.1 /
INFO: [ app_init ] --START--
INFO: Run Behavior\BuildLiteBehavior [ RunTime:0.000054s ]
INFO: [ app_init ] --END-- [ RunTime:0.000270s ]
INFO: [ app_begin ] --START--
INFO: Run Behavior\ReadHtmlCacheBehavior [ RunTime:0.001480s ]
INFO: [ app_begin ] --END-- [ RunTime:0.001900s ]
INFO: [ view_parse ] --START--
INFO: [ template_filter ] --START--
INFO: Run Behavior\ContentReplaceBehavior [ RunTime:0.000216s ]
INFO: [ template_filter ] --END-- [ RunTime:0.000562s ]
NOTIC: [8] Undefined variable: host C:\wamp\www\thinkphp\mysite\Runtime\Cache\Home\2f1b1a5f63f38278eb6cac2811bb10d6.php 第 36 行.
NOTIC: [8] Undefined variable: host C:\wamp\www\thinkphp\mysite\Runtime\Cache\Home\2f1b1a5f63f38278eb6cac2811bb10d6.php 第 43 行.
INFO: Run Behavior\ParseTemplateBehavior [ RunTime:0.022498s ]
INFO: [ view_parse ] --END-- [ RunTime:0.022804s ]
INFO: [ view_filter ] --START--
INFO: Run Behavior\WriteHtmlCacheBehavior [ RunTime:0.001348s ]
INFO: [ view_filter ] --END-- [ RunTime:0.001719s ]
INFO: [ app_end ] --START--
INFO: Run Behavior\ShowPageTraceBehavior [ RunTime:0.001162s ]
INFO: [ app_end ] --END-- [ RunTime:0.001414s ]

[ 2016-08-23T23:56:35+08:00 ] 127.0.0.1 /
INFO: [ app_init ] --START--
INFO: Run Behavior\BuildLiteBehavior [ RunTime:0.000048s ]
INFO: [ app_init ] --END-- [ RunTime:0.000277s ]
INFO: [ app_begin ] --START--
INFO: Run Behavior\ReadHtmlCacheBehavior [ RunTime:0.000709s ]
INFO: [ app_begin ] --END-- [ RunTime:0.000927s ]

[ 2016-08-23T23:56:38+08:00 ] 127.0.0.1 /
INFO: [ app_init ] --START--
INFO: Run Behavior\BuildLiteBehavior [ RunTime:0.000040s ]
INFO: [ app_init ] --END-- [ RunTime:0.000254s ]
INFO: [ app_begin ] --START--
INFO: Run Behavior\ReadHtmlCacheBehavior [ RunTime:0.000635s ]
INFO: [ app_begin ] --END-- [ RunTime:0.000842s ]

[ 2016-08-23T23:56:45+08:00 ] 127.0.0.1 /
INFO: [ app_init ] --START--
INFO: Run Behavior\BuildLiteBehavior [ RunTime:0.000042s ]
INFO: [ app_init ] --END-- [ RunTime:0.000246s ]
INFO: [ app_begin ] --START--
INFO: Run Behavior\ReadHtmlCacheBehavior [ RunTime:0.000831s ]
INFO: [ app_begin ] --END-- [ RunTime:0.001042s ]

[ 2016-08-23T23:56:52+08:00 ] 127.0.0.1 /
INFO: [ app_init ] --START--
INFO: Run Behavior\BuildLiteBehavior [ RunTime:0.000041s ]
INFO: [ app_init ] --END-- [ RunTime:0.000244s ]
INFO: [ app_begin ] --START--
INFO: Run Behavior\ReadHtmlCacheBehavior [ RunTime:0.000640s ]
INFO: [ app_begin ] --END-- [ RunTime:0.000851s ]

[ 2016-08-23T23:56:59+08:00 ] 127.0.0.1 /
INFO: [ app_init ] --START--
INFO: Run Behavior\BuildLiteBehavior [ RunTime:0.000041s ]
INFO: [ app_init ] --END-- [ RunTime:0.000241s ]
INFO: [ app_begin ] --START--
INFO: Run Behavior\ReadHtmlCacheBehavior [ RunTime:0.001119s ]
INFO: [ app_begin ] --END-- [ RunTime:0.001435s ]
INFO: [ view_parse ] --START--
INFO: [ template_filter ] --START--
INFO: Run Behavior\ContentReplaceBehavior [ RunTime:0.000411s ]
INFO: [ template_filter ] --END-- [ RunTime:0.000937s ]
NOTIC: [8] Undefined variable: host C:\wamp\www\thinkphp\mysite\Runtime\Cache\Home\2f1b1a5f63f38278eb6cac2811bb10d6.php 第 36 行.
NOTIC: [8] Undefined variable: host C:\wamp\www\thinkphp\mysite\Runtime\Cache\Home\2f1b1a5f63f38278eb6cac2811bb10d6.php 第 43 行.
INFO: Run Behavior\ParseTemplateBehavior [ RunTime:0.015137s ]
INFO: [ view_parse ] --END-- [ RunTime:0.015348s ]
INFO: [ view_filter ] --START--
INFO: Run Behavior\WriteHtmlCacheBehavior [ RunTime:0.000594s ]
INFO: [ view_filter ] --END-- [ RunTime:0.000779s ]
INFO: [ app_end ] --START--
INFO: Run Behavior\ShowPageTraceBehavior [ RunTime:0.000918s ]
INFO: [ app_end ] --END-- [ RunTime:0.001142s ]

[ 2016-08-23T23:56:59+08:00 ] 127.0.0.1 /
INFO: [ app_init ] --START--
INFO: Run Behavior\BuildLiteBehavior [ RunTime:0.000075s ]
INFO: [ app_init ] --END-- [ RunTime:0.000450s ]
INFO: [ app_begin ] --START--
INFO: Run Behavior\ReadHtmlCacheBehavior [ RunTime:0.000697s ]
INFO: [ app_begin ] --END-- [ RunTime:0.000918s ]
INFO: [ view_parse ] --START--
INFO: [ template_filter ] --START--
INFO: Run Behavior\ContentReplaceBehavior [ RunTime:0.000133s ]
INFO: [ template_filter ] --END-- [ RunTime:0.000340s ]
NOTIC: [8] Undefined variable: host C:\wamp\www\thinkphp\mysite\Runtime\Cache\Home\2f1b1a5f63f38278eb6cac2811bb10d6.php 第 36 行.
NOTIC: [8] Undefined variable: host C:\wamp\www\thinkphp\mysite\Runtime\Cache\Home\2f1b1a5f63f38278eb6cac2811bb10d6.php 第 43 行.
INFO: Run Behavior\ParseTemplateBehavior [ RunTime:0.018773s ]
INFO: [ view_parse ] --END-- [ RunTime:0.018971s ]
INFO: [ view_filter ] --START--
INFO: Run Behavior\WriteHtmlCacheBehavior [ RunTime:0.000523s ]
INFO: [ view_filter ] --END-- [ RunTime:0.000731s ]
INFO: [ app_end ] --START--
INFO: Run Behavior\ShowPageTraceBehavior [ RunTime:0.001088s ]
INFO: [ app_end ] --END-- [ RunTime:0.001384s ]

[ 2016-08-23T23:57:08+08:00 ] 127.0.0.1 /Public/Js/maps/swiper.min.js.map
INFO: [ app_init ] --START--
INFO: Run Behavior\BuildLiteBehavior [ RunTime:0.000044s ]
INFO: [ app_init ] --END-- [ RunTime:0.000267s ]
INFO: [ app_begin ] --START--
INFO: Run Behavior\ReadHtmlCacheBehavior [ RunTime:0.000690s ]
INFO: [ app_begin ] --END-- [ RunTime:0.000910s ]
ERR: 无法加载控制器:Public

[ 2016-08-23T23:57:17+08:00 ] 127.0.0.1 /
INFO: [ app_init ] --START--
INFO: Run Behavior\BuildLiteBehavior [ RunTime:0.000073s ]
INFO: [ app_init ] --END-- [ RunTime:0.000450s ]
INFO: [ app_begin ] --START--
INFO: Run Behavior\ReadHtmlCacheBehavior [ RunTime:0.001018s ]
INFO: [ app_begin ] --END-- [ RunTime:0.001335s ]
INFO: [ view_parse ] --START--
INFO: [ template_filter ] --START--
INFO: Run Behavior\ContentReplaceBehavior [ RunTime:0.000730s ]
INFO: [ template_filter ] --END-- [ RunTime:0.001157s ]
NOTIC: [8] Undefined variable: host C:\wamp\www\thinkphp\mysite\Runtime\Cache\Home\2f1b1a5f63f38278eb6cac2811bb10d6.php 第 36 行.
NOTIC: [8] Undefined variable: host C:\wamp\www\thinkphp\mysite\Runtime\Cache\Home\2f1b1a5f63f38278eb6cac2811bb10d6.php 第 43 行.
INFO: Run Behavior\ParseTemplateBehavior [ RunTime:0.023054s ]
INFO: [ view_parse ] --END-- [ RunTime:0.023386s ]
INFO: [ view_filter ] --START--
INFO: Run Behavior\WriteHtmlCacheBehavior [ RunTime:0.000665s ]
INFO: [ view_filter ] --END-- [ RunTime:0.001087s ]
INFO: [ app_end ] --START--
INFO: Run Behavior\ShowPageTraceBehavior [ RunTime:0.005689s ]
INFO: [ app_end ] --END-- [ RunTime:0.006062s ]

[ 2016-08-23T23:57:18+08:00 ] 127.0.0.1 /Public/Js/maps/swiper.min.js.map
INFO: [ app_init ] --START--
INFO: Run Behavior\BuildLiteBehavior [ RunTime:0.000043s ]
INFO: [ app_init ] --END-- [ RunTime:0.000255s ]
INFO: [ app_begin ] --START--
INFO: Run Behavior\ReadHtmlCacheBehavior [ RunTime:0.001916s ]
INFO: [ app_begin ] --END-- [ RunTime:0.002546s ]
ERR: 无法加载控制器:Public

[ 2016-08-23T23:57:19+08:00 ] 127.0.0.1 /
INFO: [ app_init ] --START--
INFO: Run Behavior\BuildLiteBehavior [ RunTime:0.000083s ]
INFO: [ app_init ] --END-- [ RunTime:0.000522s ]
INFO: [ app_begin ] --START--
INFO: Run Behavior\ReadHtmlCacheBehavior [ RunTime:0.001185s ]
INFO: [ app_begin ] --END-- [ RunTime:0.001594s ]
INFO: [ view_parse ] --START--
INFO: [ template_filter ] --START--
INFO: Run Behavior\ContentReplaceBehavior [ RunTime:0.000236s ]
INFO: [ template_filter ] --END-- [ RunTime:0.000609s ]
NOTIC: [8] Undefined variable: host C:\wamp\www\thinkphp\mysite\Runtime\Cache\Home\2f1b1a5f63f38278eb6cac2811bb10d6.php 第 36 行.
NOTIC: [8] Undefined variable: host C:\wamp\www\thinkphp\mysite\Runtime\Cache\Home\2f1b1a5f63f38278eb6cac2811bb10d6.php 第 43 行.
INFO: Run Behavior\ParseTemplateBehavior [ RunTime:0.022883s ]
INFO: [ view_parse ] --END-- [ RunTime:0.023241s ]
INFO: [ view_filter ] --START--
INFO: Run Behavior\WriteHtmlCacheBehavior [ RunTime:0.000888s ]
INFO: [ view_filter ] --END-- [ RunTime:0.001236s ]
INFO: [ app_end ] --START--
INFO: Run Behavior\ShowPageTraceBehavior [ RunTime:0.001822s ]
INFO: [ app_end ] --END-- [ RunTime:0.002220s ]

[ 2016-08-23T23:57:24+08:00 ] 127.0.0.1 /
INFO: [ app_init ] --START--
INFO: Run Behavior\BuildLiteBehavior [ RunTime:0.000042s ]
INFO: [ app_init ] --END-- [ RunTime:0.000244s ]
INFO: [ app_begin ] --START--
INFO: Run Behavior\ReadHtmlCacheBehavior [ RunTime:0.000630s ]
INFO: [ app_begin ] --END-- [ RunTime:0.000841s ]
INFO: [ view_parse ] --START--
INFO: [ template_filter ] --START--
INFO: Run Behavior\ContentReplaceBehavior [ RunTime:0.000179s ]
INFO: [ template_filter ] --END-- [ RunTime:0.000475s ]
NOTIC: [8] Undefined variable: host C:\wamp\www\thinkphp\mysite\Runtime\Cache\Home\2f1b1a5f63f38278eb6cac2811bb10d6.php 第 36 行.
NOTIC: [8] Undefined variable: host C:\wamp\www\thinkphp\mysite\Runtime\Cache\Home\2f1b1a5f63f38278eb6cac2811bb10d6.php 第 43 行.
INFO: Run Behavior\ParseTemplateBehavior [ RunTime:0.013189s ]
INFO: [ view_parse ] --END-- [ RunTime:0.013388s ]
INFO: [ view_filter ] --START--
INFO: Run Behavior\WriteHtmlCacheBehavior [ RunTime:0.000397s ]
INFO: [ view_filter ] --END-- [ RunTime:0.000582s ]
INFO: [ app_end ] --START--
INFO: Run Behavior\ShowPageTraceBehavior [ RunTime:0.000698s ]
INFO: [ app_end ] --END-- [ RunTime:0.000930s ]

[ 2016-08-23T23:57:26+08:00 ] 127.0.0.1 /
INFO: [ app_init ] --START--
INFO: Run Behavior\BuildLiteBehavior [ RunTime:0.000072s ]
INFO: [ app_init ] --END-- [ RunTime:0.000432s ]
INFO: [ app_begin ] --START--
INFO: Run Behavior\ReadHtmlCacheBehavior [ RunTime:0.000931s ]
INFO: [ app_begin ] --END-- [ RunTime:0.001179s ]
INFO: [ view_parse ] --START--
INFO: [ template_filter ] --START--
INFO: Run Behavior\ContentReplaceBehavior [ RunTime:0.000178s ]
INFO: [ template_filter ] --END-- [ RunTime:0.000475s ]
NOTIC: [8] Undefined variable: host C:\wamp\www\thinkphp\mysite\Runtime\Cache\Home\2f1b1a5f63f38278eb6cac2811bb10d6.php 第 36 行.
NOTIC: [8] Undefined variable: host C:\wamp\www\thinkphp\mysite\Runtime\Cache\Home\2f1b1a5f63f38278eb6cac2811bb10d6.php 第 43 行.
INFO: Run Behavior\ParseTemplateBehavior [ RunTime:0.014941s ]
INFO: [ view_parse ] --END-- [ RunTime:0.015216s ]
INFO: [ view_filter ] --START--
INFO: Run Behavior\WriteHtmlCacheBehavior [ RunTime:0.000407s ]
INFO: [ view_filter ] --END-- [ RunTime:0.000605s ]
INFO: [ app_end ] --START--
INFO: Run Behavior\ShowPageTraceBehavior [ RunTime:0.000918s ]
INFO: [ app_end ] --END-- [ RunTime:0.001174s ]

