[ 2016-07-23T12:38:27+08:00 ] 127.0.0.1 /admin/advert/add.html
INFO: [ app_begin ] --START--
INFO: Run Behavior\ReadHtmlCacheBehavior [ RunTime:0.001602s ]
INFO: [ app_begin ] --END-- [ RunTime:0.002799s ]
SQL: SHOW COLUMNS FROM `clients` [ RunTime:0.0065s ]
SQL: SELECT * FROM `clients` WHERE ( status='opened' AND host='www.tp.com' ) LIMIT 1   [ RunTime:0.0012s ]
SQL: SHOW COLUMNS FROM `adverts` [ RunTime:0.0058s ]
INFO: [ view_parse ] --START--
INFO: [ template_filter ] --START--
INFO: Run Behavior\ContentReplaceBehavior [ RunTime:0.000225s ]
INFO: [ template_filter ] --END-- [ RunTime:0.000557s ]
NOTIC: [8] Undefined index: id C:\wamp\www\thinkphp\mysite\Runtime\Cache\Admin\347492398395929161b535d8324009de.php 第 16 行.
NOTIC: [8] Undefined index: name C:\wamp\www\thinkphp\mysite\Runtime\Cache\Admin\347492398395929161b535d8324009de.php 第 20 行.
NOTIC: [8] Undefined index: url C:\wamp\www\thinkphp\mysite\Runtime\Cache\Admin\347492398395929161b535d8324009de.php 第 26 行.
NOTIC: [8] Undefined index: image_url C:\wamp\www\thinkphp\mysite\Runtime\Cache\Admin\347492398395929161b535d8324009de.php 第 32 行.
INFO: Run Behavior\ParseTemplateBehavior [ RunTime:0.017969s ]
INFO: [ view_parse ] --END-- [ RunTime:0.018201s ]
INFO: [ view_filter ] --START--
INFO: Run Behavior\WriteHtmlCacheBehavior [ RunTime:0.000929s ]
INFO: [ view_filter ] --END-- [ RunTime:0.001202s ]
INFO: [ app_end ] --START--
INFO: Run Behavior\ShowPageTraceBehavior [ RunTime:0.001500s ]
INFO: [ app_end ] --END-- [ RunTime:0.001833s ]

[ 2016-07-23T12:38:33+08:00 ] 127.0.0.1 /admin/upload/img
INFO: [ app_begin ] --START--
INFO: Run Behavior\ReadHtmlCacheBehavior [ RunTime:0.001644s ]
INFO: [ app_begin ] --END-- [ RunTime:0.003283s ]
SQL: SHOW COLUMNS FROM `clients` [ RunTime:0.0076s ]
SQL: SELECT * FROM `clients` WHERE ( status='opened' AND host='www.tp.com' ) LIMIT 1   [ RunTime:0.0008s ]
NOTIC: [2] call_user_func() expects parameter 1 to be a valid callback, no array or string given C:\wamp\www\thinkphp\ThinkPHP\Library\Think\Upload.class.php 第 170 行.

[ 2016-07-23T12:38:52+08:00 ] 127.0.0.1 /admin/advert/add.html
INFO: [ app_begin ] --START--
INFO: Run Behavior\ReadHtmlCacheBehavior [ RunTime:0.001576s ]
INFO: [ app_begin ] --END-- [ RunTime:0.002850s ]
SQL: SHOW COLUMNS FROM `clients` [ RunTime:0.0053s ]
SQL: SELECT * FROM `clients` WHERE ( status='opened' AND host='www.tp.com' ) LIMIT 1   [ RunTime:0.0009s ]
SQL: SHOW COLUMNS FROM `adverts` [ RunTime:0.0056s ]
INFO: [ view_parse ] --START--
INFO: [ template_filter ] --START--
INFO: Run Behavior\ContentReplaceBehavior [ RunTime:0.000210s ]
INFO: [ template_filter ] --END-- [ RunTime:0.000542s ]
NOTIC: [8] Undefined index: id C:\wamp\www\thinkphp\mysite\Runtime\Cache\Admin\347492398395929161b535d8324009de.php 第 16 行.
NOTIC: [8] Undefined index: name C:\wamp\www\thinkphp\mysite\Runtime\Cache\Admin\347492398395929161b535d8324009de.php 第 20 行.
NOTIC: [8] Undefined index: url C:\wamp\www\thinkphp\mysite\Runtime\Cache\Admin\347492398395929161b535d8324009de.php 第 26 行.
NOTIC: [8] Undefined index: image_url C:\wamp\www\thinkphp\mysite\Runtime\Cache\Admin\347492398395929161b535d8324009de.php 第 32 行.
INFO: Run Behavior\ParseTemplateBehavior [ RunTime:0.017746s ]
INFO: [ view_parse ] --END-- [ RunTime:0.017927s ]
INFO: [ view_filter ] --START--
INFO: Run Behavior\WriteHtmlCacheBehavior [ RunTime:0.000684s ]
INFO: [ view_filter ] --END-- [ RunTime:0.000838s ]
INFO: [ app_end ] --START--
INFO: Run Behavior\ShowPageTraceBehavior [ RunTime:0.001146s ]
INFO: [ app_end ] --END-- [ RunTime:0.001411s ]

