[ 2016-08-28T13:02:55+08:00 ] 127.0.0.1 /admin/
INFO: [ app_init ] --START--
INFO: Run Behavior\BuildLiteBehavior [ RunTime:0.000044s ]
INFO: [ app_init ] --END-- [ RunTime:0.000261s ]
INFO: [ app_begin ] --START--
INFO: Run Behavior\ReadHtmlCacheBehavior [ RunTime:0.001038s ]
INFO: [ app_begin ] --END-- [ RunTime:0.001267s ]

[ 2016-08-28T13:02:55+08:00 ] 127.0.0.1 /admin/main/login.html
INFO: [ app_init ] --START--
INFO: Run Behavior\BuildLiteBehavior [ RunTime:0.000043s ]
INFO: [ app_init ] --END-- [ RunTime:0.000254s ]
INFO: [ app_begin ] --START--
INFO: Run Behavior\ReadHtmlCacheBehavior [ RunTime:0.000661s ]
INFO: [ app_begin ] --END-- [ RunTime:0.000883s ]
SQL: SHOW COLUMNS FROM `clients` [ RunTime:0.0160s ]
SQL: SELECT * FROM `clients` WHERE ( status='opened' AND host='www.tp.com' ) LIMIT 1   [ RunTime:0.0014s ]
SQL: SHOW COLUMNS FROM `clients` [ RunTime:0.0040s ]
INFO: [ view_parse ] --START--
INFO: [ template_filter ] --START--
INFO: Run Behavior\ContentReplaceBehavior [ RunTime:0.000463s ]
INFO: [ template_filter ] --END-- [ RunTime:0.000675s ]
INFO: Run Behavior\ParseTemplateBehavior [ RunTime:0.010768s ]
INFO: [ view_parse ] --END-- [ RunTime:0.011021s ]
INFO: [ view_filter ] --START--
INFO: Run Behavior\WriteHtmlCacheBehavior [ RunTime:0.000641s ]
INFO: [ view_filter ] --END-- [ RunTime:0.000842s ]
INFO: [ app_end ] --START--
INFO: Run Behavior\ShowPageTraceBehavior [ RunTime:0.000835s ]
INFO: [ app_end ] --END-- [ RunTime:0.001024s ]

[ 2016-08-28T13:03:01+08:00 ] 127.0.0.1 /admin/main/login.html
INFO: [ app_init ] --START--
INFO: Run Behavior\BuildLiteBehavior [ RunTime:0.000043s ]
INFO: [ app_init ] --END-- [ RunTime:0.000294s ]
INFO: [ app_begin ] --START--
INFO: Run Behavior\ReadHtmlCacheBehavior [ RunTime:0.000629s ]
INFO: [ app_begin ] --END-- [ RunTime:0.000845s ]
SQL: SHOW COLUMNS FROM `clients` [ RunTime:0.0039s ]
SQL: SELECT * FROM `clients` WHERE ( status='opened' AND host='www.tp.com' ) LIMIT 1   [ RunTime:0.0005s ]
SQL: SHOW COLUMNS FROM `clients` [ RunTime:0.0041s ]
SQL: SHOW COLUMNS FROM `clients` [ RunTime:0.0039s ]
SQL: SELECT `id` FROM `clients` WHERE ( code='admin' ) LIMIT 1   [ RunTime:0.0004s ]
SQL: SELECT `password` FROM `clients` WHERE ( code='admin' ) LIMIT 1   [ RunTime:0.0002s ]
NOTIC: [8] Undefined index: auto C:\wamp\www\thinkphp\ThinkPHP\Library\Think\Model.class.php 第 1128 行.

[ 2016-08-28T13:03:01+08:00 ] 127.0.0.1 /admin.html
INFO: [ app_init ] --START--
INFO: Run Behavior\BuildLiteBehavior [ RunTime:0.000043s ]
INFO: [ app_init ] --END-- [ RunTime:0.000254s ]
INFO: [ app_begin ] --START--
INFO: Run Behavior\ReadHtmlCacheBehavior [ RunTime:0.000689s ]
INFO: [ app_begin ] --END-- [ RunTime:0.000917s ]
SQL: SHOW COLUMNS FROM `clients` [ RunTime:0.0045s ]
SQL: SELECT * FROM `clients` WHERE ( status='opened' AND host='www.tp.com' ) LIMIT 1   [ RunTime:0.0005s ]
SQL: SHOW COLUMNS FROM `clients` [ RunTime:0.0038s ]
INFO: [ view_parse ] --START--
INFO: [ template_filter ] --START--
INFO: Run Behavior\ContentReplaceBehavior [ RunTime:0.000159s ]
INFO: [ template_filter ] --END-- [ RunTime:0.000362s ]
INFO: Run Behavior\ParseTemplateBehavior [ RunTime:0.023257s ]
INFO: [ view_parse ] --END-- [ RunTime:0.023482s ]
INFO: [ view_filter ] --START--
INFO: Run Behavior\WriteHtmlCacheBehavior [ RunTime:0.000671s ]
INFO: [ view_filter ] --END-- [ RunTime:0.000858s ]
INFO: [ app_end ] --START--
INFO: Run Behavior\ShowPageTraceBehavior [ RunTime:0.001076s ]
INFO: [ app_end ] --END-- [ RunTime:0.001320s ]

[ 2016-08-28T13:03:01+08:00 ] 127.0.0.1 /admin.html
INFO: [ app_init ] --START--
INFO: Run Behavior\BuildLiteBehavior [ RunTime:0.000039s ]
INFO: [ app_init ] --END-- [ RunTime:0.000242s ]
INFO: [ app_begin ] --START--
INFO: Run Behavior\ReadHtmlCacheBehavior [ RunTime:0.001045s ]
INFO: [ app_begin ] --END-- [ RunTime:0.001354s ]
SQL: SHOW COLUMNS FROM `clients` [ RunTime:0.0051s ]
SQL: SELECT * FROM `clients` WHERE ( status='opened' AND host='www.tp.com' ) LIMIT 1   [ RunTime:0.0005s ]
SQL: SHOW COLUMNS FROM `clients` [ RunTime:0.0039s ]
INFO: [ view_parse ] --START--
INFO: [ template_filter ] --START--
INFO: Run Behavior\ContentReplaceBehavior [ RunTime:0.000187s ]
INFO: [ template_filter ] --END-- [ RunTime:0.000417s ]
INFO: Run Behavior\ParseTemplateBehavior [ RunTime:0.026345s ]
INFO: [ view_parse ] --END-- [ RunTime:0.026578s ]
INFO: [ view_filter ] --START--
INFO: Run Behavior\WriteHtmlCacheBehavior [ RunTime:0.000461s ]
INFO: [ view_filter ] --END-- [ RunTime:0.000650s ]
INFO: [ app_end ] --START--
INFO: Run Behavior\ShowPageTraceBehavior [ RunTime:0.000779s ]
INFO: [ app_end ] --END-- [ RunTime:0.001103s ]

[ 2016-08-28T13:03:07+08:00 ] 127.0.0.1 /admin/index/set.html
INFO: [ app_init ] --START--
INFO: Run Behavior\BuildLiteBehavior [ RunTime:0.000076s ]
INFO: [ app_init ] --END-- [ RunTime:0.000450s ]
INFO: [ app_begin ] --START--
INFO: Run Behavior\ReadHtmlCacheBehavior [ RunTime:0.000641s ]
INFO: [ app_begin ] --END-- [ RunTime:0.000871s ]
SQL: SHOW COLUMNS FROM `clients` [ RunTime:0.0059s ]
SQL: SELECT * FROM `clients` WHERE ( status='opened' AND host='www.tp.com' ) LIMIT 1   [ RunTime:0.0005s ]
SQL: SHOW COLUMNS FROM `clients` [ RunTime:0.0038s ]
INFO: [ view_parse ] --START--
INFO: [ template_filter ] --START--
INFO: Run Behavior\ContentReplaceBehavior [ RunTime:0.000165s ]
INFO: [ template_filter ] --END-- [ RunTime:0.000383s ]
INFO: Run Behavior\ParseTemplateBehavior [ RunTime:0.022508s ]
INFO: [ view_parse ] --END-- [ RunTime:0.022735s ]
INFO: [ view_filter ] --START--
INFO: Run Behavior\WriteHtmlCacheBehavior [ RunTime:0.000402s ]
INFO: [ view_filter ] --END-- [ RunTime:0.000594s ]
INFO: [ app_end ] --START--
INFO: Run Behavior\ShowPageTraceBehavior [ RunTime:0.000999s ]
INFO: [ app_end ] --END-- [ RunTime:0.001252s ]

[ 2016-08-28T13:03:08+08:00 ] 127.0.0.1 /admin/index/set.html
INFO: [ app_init ] --START--
INFO: Run Behavior\BuildLiteBehavior [ RunTime:0.000042s ]
INFO: [ app_init ] --END-- [ RunTime:0.000285s ]
INFO: [ app_begin ] --START--
INFO: Run Behavior\ReadHtmlCacheBehavior [ RunTime:0.000671s ]
INFO: [ app_begin ] --END-- [ RunTime:0.000894s ]
SQL: SHOW COLUMNS FROM `clients` [ RunTime:0.0062s ]
SQL: SELECT * FROM `clients` WHERE ( status='opened' AND host='www.tp.com' ) LIMIT 1   [ RunTime:0.0006s ]
SQL: SHOW COLUMNS FROM `clients` [ RunTime:0.0045s ]
INFO: [ view_parse ] --START--
INFO: [ template_filter ] --START--
INFO: Run Behavior\ContentReplaceBehavior [ RunTime:0.000260s ]
INFO: [ template_filter ] --END-- [ RunTime:0.000626s ]
INFO: Run Behavior\ParseTemplateBehavior [ RunTime:0.027095s ]
INFO: [ view_parse ] --END-- [ RunTime:0.027342s ]
INFO: [ view_filter ] --START--
INFO: Run Behavior\WriteHtmlCacheBehavior [ RunTime:0.000501s ]
INFO: [ view_filter ] --END-- [ RunTime:0.000688s ]
INFO: [ app_end ] --START--
INFO: Run Behavior\ShowPageTraceBehavior [ RunTime:0.000717s ]
INFO: [ app_end ] --END-- [ RunTime:0.000998s ]

[ 2016-08-28T13:03:09+08:00 ] 127.0.0.1 /admin/link/add.html
INFO: [ app_init ] --START--
INFO: Run Behavior\BuildLiteBehavior [ RunTime:0.000077s ]
INFO: [ app_init ] --END-- [ RunTime:0.000470s ]
INFO: [ app_begin ] --START--
INFO: Run Behavior\ReadHtmlCacheBehavior [ RunTime:0.001171s ]
INFO: [ app_begin ] --END-- [ RunTime:0.001476s ]
SQL: SHOW COLUMNS FROM `clients` [ RunTime:0.0042s ]
SQL: SELECT * FROM `clients` WHERE ( status='opened' AND host='www.tp.com' ) LIMIT 1   [ RunTime:0.0006s ]
SQL: SHOW COLUMNS FROM `links` [ RunTime:0.0103s ]
INFO: [ view_parse ] --START--
INFO: [ template_filter ] --START--
INFO: Run Behavior\ContentReplaceBehavior [ RunTime:0.000152s ]
INFO: [ template_filter ] --END-- [ RunTime:0.000356s ]
NOTIC: [8] Undefined index: id C:\wamp\www\thinkphp\mysite\Runtime\Cache\Admin\721ee9ac459563ef563f8871ccb5c907.php 第 16 行.
NOTIC: [8] Undefined index: name C:\wamp\www\thinkphp\mysite\Runtime\Cache\Admin\721ee9ac459563ef563f8871ccb5c907.php 第 20 行.
NOTIC: [8] Undefined index: url C:\wamp\www\thinkphp\mysite\Runtime\Cache\Admin\721ee9ac459563ef563f8871ccb5c907.php 第 26 行.
NOTIC: [8] Undefined index: image_url C:\wamp\www\thinkphp\mysite\Runtime\Cache\Admin\721ee9ac459563ef563f8871ccb5c907.php 第 32 行.
INFO: Run Behavior\ParseTemplateBehavior [ RunTime:0.015125s ]
INFO: [ view_parse ] --END-- [ RunTime:0.015303s ]
INFO: [ view_filter ] --START--
INFO: Run Behavior\WriteHtmlCacheBehavior [ RunTime:0.000426s ]
INFO: [ view_filter ] --END-- [ RunTime:0.000576s ]
INFO: [ app_end ] --START--
INFO: Run Behavior\ShowPageTraceBehavior [ RunTime:0.000633s ]
INFO: [ app_end ] --END-- [ RunTime:0.000795s ]

[ 2016-08-28T13:03:12+08:00 ] 127.0.0.1 /admin/advert/list.html
INFO: [ app_init ] --START--
INFO: Run Behavior\BuildLiteBehavior [ RunTime:0.000041s ]
INFO: [ app_init ] --END-- [ RunTime:0.000243s ]
INFO: [ app_begin ] --START--
INFO: Run Behavior\ReadHtmlCacheBehavior [ RunTime:0.000704s ]
INFO: [ app_begin ] --END-- [ RunTime:0.000971s ]
SQL: SHOW COLUMNS FROM `clients` [ RunTime:0.0040s ]
SQL: SELECT * FROM `clients` WHERE ( status='opened' AND host='www.tp.com' ) LIMIT 1   [ RunTime:0.0005s ]
SQL: SHOW COLUMNS FROM `adverts` [ RunTime:0.0064s ]
SQL: SELECT COUNT(*) AS tp_count FROM `adverts` WHERE ( client_id=1 ) LIMIT 1   [ RunTime:0.0004s ]
SQL: SELECT * FROM `adverts` WHERE ( client_id=1 ) LIMIT 0,10   [ RunTime:0.0003s ]
INFO: [ view_parse ] --START--
INFO: [ template_filter ] --START--
INFO: Run Behavior\ContentReplaceBehavior [ RunTime:0.000126s ]
INFO: [ template_filter ] --END-- [ RunTime:0.000341s ]
INFO: Run Behavior\ParseTemplateBehavior [ RunTime:0.018750s ]
INFO: [ view_parse ] --END-- [ RunTime:0.018957s ]
INFO: [ view_filter ] --START--
INFO: Run Behavior\WriteHtmlCacheBehavior [ RunTime:0.000407s ]
INFO: [ view_filter ] --END-- [ RunTime:0.000592s ]
INFO: [ app_end ] --START--
INFO: Run Behavior\ShowPageTraceBehavior [ RunTime:0.000655s ]
INFO: [ app_end ] --END-- [ RunTime:0.000842s ]

[ 2016-08-28T13:03:13+08:00 ] 127.0.0.1 /Admin/Advert/index
INFO: [ app_init ] --START--
INFO: Run Behavior\BuildLiteBehavior [ RunTime:0.000068s ]
INFO: [ app_init ] --END-- [ RunTime:0.000824s ]
INFO: [ app_begin ] --START--
INFO: Run Behavior\ReadHtmlCacheBehavior [ RunTime:0.001062s ]
INFO: [ app_begin ] --END-- [ RunTime:0.001489s ]
SQL: SHOW COLUMNS FROM `clients` [ RunTime:0.0049s ]
SQL: SELECT * FROM `clients` WHERE ( status='opened' AND host='www.tp.com' ) LIMIT 1   [ RunTime:0.0006s ]
SQL: SHOW COLUMNS FROM `adverts` [ RunTime:0.0048s ]
SQL: SELECT COUNT(*) AS tp_count FROM `adverts` WHERE ( client_id=1 ) LIMIT 1   [ RunTime:0.0004s ]
SQL: SELECT * FROM `adverts` WHERE ( client_id=1 ) LIMIT 0,10   [ RunTime:0.0007s ]
INFO: [ view_parse ] --START--
INFO: [ template_filter ] --START--
INFO: Run Behavior\ContentReplaceBehavior [ RunTime:0.000922s ]
INFO: [ template_filter ] --END-- [ RunTime:0.001212s ]
INFO: Run Behavior\ParseTemplateBehavior [ RunTime:0.028040s ]
INFO: [ view_parse ] --END-- [ RunTime:0.028466s ]
INFO: [ view_filter ] --START--
INFO: Run Behavior\WriteHtmlCacheBehavior [ RunTime:0.000521s ]
INFO: [ view_filter ] --END-- [ RunTime:0.000810s ]
INFO: [ app_end ] --START--
INFO: Run Behavior\ShowPageTraceBehavior [ RunTime:0.000660s ]
INFO: [ app_end ] --END-- [ RunTime:0.000881s ]

[ 2016-08-28T13:03:13+08:00 ] 127.0.0.1 /admin/advert/list.html
INFO: [ app_init ] --START--
INFO: Run Behavior\BuildLiteBehavior [ RunTime:0.000042s ]
INFO: [ app_init ] --END-- [ RunTime:0.000258s ]
INFO: [ app_begin ] --START--
INFO: Run Behavior\ReadHtmlCacheBehavior [ RunTime:0.000847s ]
INFO: [ app_begin ] --END-- [ RunTime:0.001140s ]
SQL: SHOW COLUMNS FROM `clients` [ RunTime:0.0044s ]
SQL: SELECT * FROM `clients` WHERE ( status='opened' AND host='www.tp.com' ) LIMIT 1   [ RunTime:0.0006s ]
SQL: SHOW COLUMNS FROM `adverts` [ RunTime:0.0042s ]
SQL: SELECT COUNT(*) AS tp_count FROM `adverts` WHERE ( client_id=1 ) LIMIT 1   [ RunTime:0.0004s ]
SQL: SELECT * FROM `adverts` WHERE ( client_id=1 ) LIMIT 0,10   [ RunTime:0.0004s ]
INFO: [ view_parse ] --START--
INFO: [ template_filter ] --START--
INFO: Run Behavior\ContentReplaceBehavior [ RunTime:0.000158s ]
INFO: [ template_filter ] --END-- [ RunTime:0.000375s ]
INFO: Run Behavior\ParseTemplateBehavior [ RunTime:0.017925s ]
INFO: [ view_parse ] --END-- [ RunTime:0.018133s ]
INFO: [ view_filter ] --START--
INFO: Run Behavior\WriteHtmlCacheBehavior [ RunTime:0.000458s ]
INFO: [ view_filter ] --END-- [ RunTime:0.000691s ]
INFO: [ app_end ] --START--
INFO: Run Behavior\ShowPageTraceBehavior [ RunTime:0.001042s ]
INFO: [ app_end ] --END-- [ RunTime:0.001315s ]

[ 2016-08-28T13:03:15+08:00 ] 127.0.0.1 /admin/post/list.html
INFO: [ app_init ] --START--
INFO: Run Behavior\BuildLiteBehavior [ RunTime:0.000041s ]
INFO: [ app_init ] --END-- [ RunTime:0.000243s ]
INFO: [ app_begin ] --START--
INFO: Run Behavior\ReadHtmlCacheBehavior [ RunTime:0.000688s ]
INFO: [ app_begin ] --END-- [ RunTime:0.000966s ]
SQL: SHOW COLUMNS FROM `clients` [ RunTime:0.0051s ]
SQL: SELECT * FROM `clients` WHERE ( status='opened' AND host='www.tp.com' ) LIMIT 1   [ RunTime:0.0006s ]
SQL: SHOW COLUMNS FROM `posts` [ RunTime:0.0076s ]
SQL: SHOW COLUMNS FROM `post_types` [ RunTime:0.0072s ]
SQL: SELECT COUNT(*) AS tp_count FROM `posts` WHERE ( client_id=1 ) LIMIT 1   [ RunTime:0.0004s ]
SQL: SELECT * FROM `posts` WHERE ( client_id=1 )  [ RunTime:0.0005s ]
SQL: SELECT * FROM `post_types` WHERE ( status='opened' AND client_id=1 )  [ RunTime:0.0004s ]
INFO: [ view_parse ] --START--
INFO: [ template_filter ] --START--
INFO: Run Behavior\ContentReplaceBehavior [ RunTime:0.000220s ]
INFO: [ template_filter ] --END-- [ RunTime:0.000571s ]
INFO: Run Behavior\ParseTemplateBehavior [ RunTime:0.022791s ]
INFO: [ view_parse ] --END-- [ RunTime:0.023068s ]
INFO: [ view_filter ] --START--
INFO: Run Behavior\WriteHtmlCacheBehavior [ RunTime:0.000416s ]
INFO: [ view_filter ] --END-- [ RunTime:0.000602s ]
INFO: [ app_end ] --START--
INFO: Run Behavior\ShowPageTraceBehavior [ RunTime:0.000636s ]
INFO: [ app_end ] --END-- [ RunTime:0.000826s ]

[ 2016-08-28T13:03:15+08:00 ] 127.0.0.1 /admin/post/list.html
INFO: [ app_init ] --START--
INFO: Run Behavior\BuildLiteBehavior [ RunTime:0.000040s ]
INFO: [ app_init ] --END-- [ RunTime:0.000244s ]
INFO: [ app_begin ] --START--
INFO: Run Behavior\ReadHtmlCacheBehavior [ RunTime:0.000628s ]
INFO: [ app_begin ] --END-- [ RunTime:0.000848s ]
SQL: SHOW COLUMNS FROM `clients` [ RunTime:0.0052s ]
SQL: SELECT * FROM `clients` WHERE ( status='opened' AND host='www.tp.com' ) LIMIT 1   [ RunTime:0.0008s ]
SQL: SHOW COLUMNS FROM `posts` [ RunTime:0.0055s ]
SQL: SHOW COLUMNS FROM `post_types` [ RunTime:0.0039s ]
SQL: SELECT COUNT(*) AS tp_count FROM `posts` WHERE ( client_id=1 ) LIMIT 1   [ RunTime:0.0003s ]
SQL: SELECT * FROM `posts` WHERE ( client_id=1 )  [ RunTime:0.0004s ]
SQL: SELECT * FROM `post_types` WHERE ( status='opened' AND client_id=1 )  [ RunTime:0.0003s ]
INFO: [ view_parse ] --START--
INFO: [ template_filter ] --START--
INFO: Run Behavior\ContentReplaceBehavior [ RunTime:0.000175s ]
INFO: [ template_filter ] --END-- [ RunTime:0.000421s ]
INFO: Run Behavior\ParseTemplateBehavior [ RunTime:0.018134s ]
INFO: [ view_parse ] --END-- [ RunTime:0.018350s ]
INFO: [ view_filter ] --START--
INFO: Run Behavior\WriteHtmlCacheBehavior [ RunTime:0.000506s ]
INFO: [ view_filter ] --END-- [ RunTime:0.000693s ]
INFO: [ app_end ] --START--
INFO: Run Behavior\ShowPageTraceBehavior [ RunTime:0.000636s ]
INFO: [ app_end ] --END-- [ RunTime:0.000841s ]

[ 2016-08-28T13:03:15+08:00 ] 127.0.0.1 /admin/post/list.html
INFO: [ app_init ] --START--
INFO: Run Behavior\BuildLiteBehavior [ RunTime:0.000042s ]
INFO: [ app_init ] --END-- [ RunTime:0.000293s ]
INFO: [ app_begin ] --START--
INFO: Run Behavior\ReadHtmlCacheBehavior [ RunTime:0.000655s ]
INFO: [ app_begin ] --END-- [ RunTime:0.000903s ]
SQL: SHOW COLUMNS FROM `clients` [ RunTime:0.0045s ]
SQL: SELECT * FROM `clients` WHERE ( status='opened' AND host='www.tp.com' ) LIMIT 1   [ RunTime:0.0006s ]
SQL: SHOW COLUMNS FROM `posts` [ RunTime:0.0040s ]
SQL: SHOW COLUMNS FROM `post_types` [ RunTime:0.0039s ]
SQL: SELECT COUNT(*) AS tp_count FROM `posts` WHERE ( client_id=1 ) LIMIT 1   [ RunTime:0.0004s ]
SQL: SELECT * FROM `posts` WHERE ( client_id=1 )  [ RunTime:0.0003s ]
SQL: SELECT * FROM `post_types` WHERE ( status='opened' AND client_id=1 )  [ RunTime:0.0003s ]
INFO: [ view_parse ] --START--
INFO: [ template_filter ] --START--
INFO: Run Behavior\ContentReplaceBehavior [ RunTime:0.000224s ]
INFO: [ template_filter ] --END-- [ RunTime:0.000574s ]
INFO: Run Behavior\ParseTemplateBehavior [ RunTime:0.019644s ]
INFO: [ view_parse ] --END-- [ RunTime:0.019860s ]
INFO: [ view_filter ] --START--
INFO: Run Behavior\WriteHtmlCacheBehavior [ RunTime:0.000475s ]
INFO: [ view_filter ] --END-- [ RunTime:0.000706s ]
INFO: [ app_end ] --START--
INFO: Run Behavior\ShowPageTraceBehavior [ RunTime:0.000640s ]
INFO: [ app_end ] --END-- [ RunTime:0.000833s ]

[ 2016-08-28T13:03:16+08:00 ] 127.0.0.1 /admin/post/list.html
INFO: [ app_init ] --START--
INFO: Run Behavior\BuildLiteBehavior [ RunTime:0.000040s ]
INFO: [ app_init ] --END-- [ RunTime:0.000239s ]
INFO: [ app_begin ] --START--
INFO: Run Behavior\ReadHtmlCacheBehavior [ RunTime:0.000708s ]
INFO: [ app_begin ] --END-- [ RunTime:0.000923s ]
SQL: SHOW COLUMNS FROM `clients` [ RunTime:0.0066s ]
SQL: SELECT * FROM `clients` WHERE ( status='opened' AND host='www.tp.com' ) LIMIT 1   [ RunTime:0.0006s ]
SQL: SHOW COLUMNS FROM `posts` [ RunTime:0.0043s ]
SQL: SHOW COLUMNS FROM `post_types` [ RunTime:0.0049s ]
SQL: SELECT COUNT(*) AS tp_count FROM `posts` WHERE ( client_id=1 ) LIMIT 1   [ RunTime:0.0004s ]
SQL: SELECT * FROM `posts` WHERE ( client_id=1 )  [ RunTime:0.0005s ]
SQL: SELECT * FROM `post_types` WHERE ( status='opened' AND client_id=1 )  [ RunTime:0.0004s ]
INFO: [ view_parse ] --START--
INFO: [ template_filter ] --START--
INFO: Run Behavior\ContentReplaceBehavior [ RunTime:0.000132s ]
INFO: [ template_filter ] --END-- [ RunTime:0.000353s ]
INFO: Run Behavior\ParseTemplateBehavior [ RunTime:0.017519s ]
INFO: [ view_parse ] --END-- [ RunTime:0.017825s ]
INFO: [ view_filter ] --START--
INFO: Run Behavior\WriteHtmlCacheBehavior [ RunTime:0.000417s ]
INFO: [ view_filter ] --END-- [ RunTime:0.000610s ]
INFO: [ app_end ] --START--
INFO: Run Behavior\ShowPageTraceBehavior [ RunTime:0.000634s ]
INFO: [ app_end ] --END-- [ RunTime:0.000824s ]

[ 2016-08-28T13:03:18+08:00 ] 127.0.0.1 /admin/post/list.html
INFO: [ app_init ] --START--
INFO: Run Behavior\BuildLiteBehavior [ RunTime:0.000041s ]
INFO: [ app_init ] --END-- [ RunTime:0.000244s ]
INFO: [ app_begin ] --START--
INFO: Run Behavior\ReadHtmlCacheBehavior [ RunTime:0.000715s ]
INFO: [ app_begin ] --END-- [ RunTime:0.000926s ]
SQL: SHOW COLUMNS FROM `clients` [ RunTime:0.0064s ]
SQL: SELECT * FROM `clients` WHERE ( status='opened' AND host='www.tp.com' ) LIMIT 1   [ RunTime:0.0006s ]
SQL: SHOW COLUMNS FROM `posts` [ RunTime:0.0043s ]
SQL: SHOW COLUMNS FROM `post_types` [ RunTime:0.0037s ]
SQL: SELECT COUNT(*) AS tp_count FROM `posts` WHERE ( client_id=1 ) LIMIT 1   [ RunTime:0.0004s ]
SQL: SELECT * FROM `posts` WHERE ( client_id=1 )  [ RunTime:0.0004s ]
SQL: SELECT * FROM `post_types` WHERE ( status='opened' AND client_id=1 )  [ RunTime:0.0003s ]
INFO: [ view_parse ] --START--
INFO: [ template_filter ] --START--
INFO: Run Behavior\ContentReplaceBehavior [ RunTime:0.000134s ]
INFO: [ template_filter ] --END-- [ RunTime:0.000353s ]
INFO: Run Behavior\ParseTemplateBehavior [ RunTime:0.017728s ]
INFO: [ view_parse ] --END-- [ RunTime:0.018216s ]
INFO: [ view_filter ] --START--
INFO: Run Behavior\WriteHtmlCacheBehavior [ RunTime:0.000603s ]
INFO: [ view_filter ] --END-- [ RunTime:0.000912s ]
INFO: [ app_end ] --START--
INFO: Run Behavior\ShowPageTraceBehavior [ RunTime:0.000702s ]
INFO: [ app_end ] --END-- [ RunTime:0.000896s ]

[ 2016-08-28T13:03:19+08:00 ] 127.0.0.1 /admin/post/list.html
INFO: [ app_init ] --START--
INFO: Run Behavior\BuildLiteBehavior [ RunTime:0.000041s ]
INFO: [ app_init ] --END-- [ RunTime:0.000247s ]
INFO: [ app_begin ] --START--
INFO: Run Behavior\ReadHtmlCacheBehavior [ RunTime:0.000685s ]
INFO: [ app_begin ] --END-- [ RunTime:0.000909s ]
SQL: SHOW COLUMNS FROM `clients` [ RunTime:0.0048s ]
SQL: SELECT * FROM `clients` WHERE ( status='opened' AND host='www.tp.com' ) LIMIT 1   [ RunTime:0.0006s ]
SQL: SHOW COLUMNS FROM `posts` [ RunTime:0.0039s ]
SQL: SHOW COLUMNS FROM `post_types` [ RunTime:0.0037s ]
SQL: SELECT COUNT(*) AS tp_count FROM `posts` WHERE ( client_id=1 ) LIMIT 1   [ RunTime:0.0003s ]
SQL: SELECT * FROM `posts` WHERE ( client_id=1 )  [ RunTime:0.0005s ]
SQL: SELECT * FROM `post_types` WHERE ( status='opened' AND client_id=1 )  [ RunTime:0.0003s ]
INFO: [ view_parse ] --START--
INFO: [ template_filter ] --START--
INFO: Run Behavior\ContentReplaceBehavior [ RunTime:0.000134s ]
INFO: [ template_filter ] --END-- [ RunTime:0.000355s ]
INFO: Run Behavior\ParseTemplateBehavior [ RunTime:0.018251s ]
INFO: [ view_parse ] --END-- [ RunTime:0.018470s ]
INFO: [ view_filter ] --START--
INFO: Run Behavior\WriteHtmlCacheBehavior [ RunTime:0.000516s ]
INFO: [ view_filter ] --END-- [ RunTime:0.000704s ]
INFO: [ app_end ] --START--
INFO: Run Behavior\ShowPageTraceBehavior [ RunTime:0.000837s ]
INFO: [ app_end ] --END-- [ RunTime:0.001111s ]

[ 2016-08-28T13:03:19+08:00 ] 127.0.0.1 /admin/post/list.html
INFO: [ app_init ] --START--
INFO: Run Behavior\BuildLiteBehavior [ RunTime:0.000040s ]
INFO: [ app_init ] --END-- [ RunTime:0.000253s ]
INFO: [ app_begin ] --START--
INFO: Run Behavior\ReadHtmlCacheBehavior [ RunTime:0.000648s ]
INFO: [ app_begin ] --END-- [ RunTime:0.000861s ]
SQL: SHOW COLUMNS FROM `clients` [ RunTime:0.0049s ]
SQL: SELECT * FROM `clients` WHERE ( status='opened' AND host='www.tp.com' ) LIMIT 1   [ RunTime:0.0006s ]
SQL: SHOW COLUMNS FROM `posts` [ RunTime:0.0041s ]
SQL: SHOW COLUMNS FROM `post_types` [ RunTime:0.0038s ]
SQL: SELECT COUNT(*) AS tp_count FROM `posts` WHERE ( client_id=1 ) LIMIT 1   [ RunTime:0.0003s ]
SQL: SELECT * FROM `posts` WHERE ( client_id=1 )  [ RunTime:0.0003s ]
SQL: SELECT * FROM `post_types` WHERE ( status='opened' AND client_id=1 )  [ RunTime:0.0003s ]
INFO: [ view_parse ] --START--
INFO: [ template_filter ] --START--
INFO: Run Behavior\ContentReplaceBehavior [ RunTime:0.000134s ]
INFO: [ template_filter ] --END-- [ RunTime:0.000368s ]
INFO: Run Behavior\ParseTemplateBehavior [ RunTime:0.016708s ]
INFO: [ view_parse ] --END-- [ RunTime:0.016933s ]
INFO: [ view_filter ] --START--
INFO: Run Behavior\WriteHtmlCacheBehavior [ RunTime:0.000441s ]
INFO: [ view_filter ] --END-- [ RunTime:0.000628s ]
INFO: [ app_end ] --START--
INFO: Run Behavior\ShowPageTraceBehavior [ RunTime:0.000620s ]
INFO: [ app_end ] --END-- [ RunTime:0.000807s ]

[ 2016-08-28T13:03:20+08:00 ] 127.0.0.1 /admin/post/list.html
INFO: [ app_init ] --START--
INFO: Run Behavior\BuildLiteBehavior [ RunTime:0.000044s ]
INFO: [ app_init ] --END-- [ RunTime:0.000251s ]
INFO: [ app_begin ] --START--
INFO: Run Behavior\ReadHtmlCacheBehavior [ RunTime:0.000806s ]
INFO: [ app_begin ] --END-- [ RunTime:0.001059s ]
SQL: SHOW COLUMNS FROM `clients` [ RunTime:0.0053s ]
SQL: SELECT * FROM `clients` WHERE ( status='opened' AND host='www.tp.com' ) LIMIT 1   [ RunTime:0.0006s ]
SQL: SHOW COLUMNS FROM `posts` [ RunTime:0.0046s ]
SQL: SHOW COLUMNS FROM `post_types` [ RunTime:0.0039s ]
SQL: SELECT COUNT(*) AS tp_count FROM `posts` WHERE ( client_id=1 ) LIMIT 1   [ RunTime:0.0004s ]
SQL: SELECT * FROM `posts` WHERE ( client_id=1 )  [ RunTime:0.0005s ]
SQL: SELECT * FROM `post_types` WHERE ( status='opened' AND client_id=1 )  [ RunTime:0.0003s ]
INFO: [ view_parse ] --START--
INFO: [ template_filter ] --START--
INFO: Run Behavior\ContentReplaceBehavior [ RunTime:0.000133s ]
INFO: [ template_filter ] --END-- [ RunTime:0.000353s ]
INFO: Run Behavior\ParseTemplateBehavior [ RunTime:0.018517s ]
INFO: [ view_parse ] --END-- [ RunTime:0.018813s ]
INFO: [ view_filter ] --START--
INFO: Run Behavior\WriteHtmlCacheBehavior [ RunTime:0.000454s ]
INFO: [ view_filter ] --END-- [ RunTime:0.000700s ]
INFO: [ app_end ] --START--
INFO: Run Behavior\ShowPageTraceBehavior [ RunTime:0.000649s ]
INFO: [ app_end ] --END-- [ RunTime:0.000842s ]

[ 2016-08-28T13:03:21+08:00 ] 127.0.0.1 /admin/advert/add.html
INFO: [ app_init ] --START--
INFO: Run Behavior\BuildLiteBehavior [ RunTime:0.000041s ]
INFO: [ app_init ] --END-- [ RunTime:0.000246s ]
INFO: [ app_begin ] --START--
INFO: Run Behavior\ReadHtmlCacheBehavior [ RunTime:0.000648s ]
INFO: [ app_begin ] --END-- [ RunTime:0.000826s ]
SQL: SHOW COLUMNS FROM `clients` [ RunTime:0.0048s ]
SQL: SELECT * FROM `clients` WHERE ( status='opened' AND host='www.tp.com' ) LIMIT 1   [ RunTime:0.0007s ]
SQL: SHOW COLUMNS FROM `adverts` [ RunTime:0.0042s ]
INFO: [ view_parse ] --START--
INFO: [ template_filter ] --START--
INFO: Run Behavior\ContentReplaceBehavior [ RunTime:0.000124s ]
INFO: [ template_filter ] --END-- [ RunTime:0.000321s ]
NOTIC: [8] Undefined index: id C:\wamp\www\thinkphp\mysite\Runtime\Cache\Admin\347492398395929161b535d8324009de.php 第 16 行.
NOTIC: [8] Undefined index: name C:\wamp\www\thinkphp\mysite\Runtime\Cache\Admin\347492398395929161b535d8324009de.php 第 20 行.
NOTIC: [8] Undefined index: url C:\wamp\www\thinkphp\mysite\Runtime\Cache\Admin\347492398395929161b535d8324009de.php 第 26 行.
NOTIC: [8] Undefined index: image_url C:\wamp\www\thinkphp\mysite\Runtime\Cache\Admin\347492398395929161b535d8324009de.php 第 32 行.
INFO: Run Behavior\ParseTemplateBehavior [ RunTime:0.013314s ]
INFO: [ view_parse ] --END-- [ RunTime:0.013489s ]
INFO: [ view_filter ] --START--
INFO: Run Behavior\WriteHtmlCacheBehavior [ RunTime:0.000408s ]
INFO: [ view_filter ] --END-- [ RunTime:0.000559s ]
INFO: [ app_end ] --START--
INFO: Run Behavior\ShowPageTraceBehavior [ RunTime:0.000616s ]
INFO: [ app_end ] --END-- [ RunTime:0.000769s ]

[ 2016-08-28T13:03:24+08:00 ] 127.0.0.1 /admin/advert/list.html
INFO: [ app_init ] --START--
INFO: Run Behavior\BuildLiteBehavior [ RunTime:0.000060s ]
INFO: [ app_init ] --END-- [ RunTime:0.000263s ]
INFO: [ app_begin ] --START--
INFO: Run Behavior\ReadHtmlCacheBehavior [ RunTime:0.000701s ]
INFO: [ app_begin ] --END-- [ RunTime:0.000909s ]
SQL: SHOW COLUMNS FROM `clients` [ RunTime:0.0047s ]
SQL: SELECT * FROM `clients` WHERE ( status='opened' AND host='www.tp.com' ) LIMIT 1   [ RunTime:0.0006s ]
SQL: SHOW COLUMNS FROM `adverts` [ RunTime:0.0034s ]
SQL: SELECT COUNT(*) AS tp_count FROM `adverts` WHERE ( client_id=1 ) LIMIT 1   [ RunTime:0.0003s ]
SQL: SELECT * FROM `adverts` WHERE ( client_id=1 ) LIMIT 0,10   [ RunTime:0.0004s ]
INFO: [ view_parse ] --START--
INFO: [ template_filter ] --START--
INFO: Run Behavior\ContentReplaceBehavior [ RunTime:0.000126s ]
INFO: [ template_filter ] --END-- [ RunTime:0.000341s ]
INFO: Run Behavior\ParseTemplateBehavior [ RunTime:0.018034s ]
INFO: [ view_parse ] --END-- [ RunTime:0.018248s ]
INFO: [ view_filter ] --START--
INFO: Run Behavior\WriteHtmlCacheBehavior [ RunTime:0.000429s ]
INFO: [ view_filter ] --END-- [ RunTime:0.000612s ]
INFO: [ app_end ] --START--
INFO: Run Behavior\ShowPageTraceBehavior [ RunTime:0.000627s ]
INFO: [ app_end ] --END-- [ RunTime:0.000827s ]

[ 2016-08-28T13:03:25+08:00 ] 127.0.0.1 /Admin/Advert/index
INFO: [ app_init ] --START--
INFO: Run Behavior\BuildLiteBehavior [ RunTime:0.000077s ]
INFO: [ app_init ] --END-- [ RunTime:0.000455s ]
INFO: [ app_begin ] --START--
INFO: Run Behavior\ReadHtmlCacheBehavior [ RunTime:0.001510s ]
INFO: [ app_begin ] --END-- [ RunTime:0.001977s ]
SQL: SHOW COLUMNS FROM `clients` [ RunTime:0.0062s ]
SQL: SELECT * FROM `clients` WHERE ( status='opened' AND host='www.tp.com' ) LIMIT 1   [ RunTime:0.0009s ]
SQL: SHOW COLUMNS FROM `adverts` [ RunTime:0.0055s ]
SQL: SELECT COUNT(*) AS tp_count FROM `adverts` WHERE ( client_id=1 ) LIMIT 1   [ RunTime:0.0004s ]
SQL: SELECT * FROM `adverts` WHERE ( client_id=1 ) LIMIT 0,10   [ RunTime:0.0006s ]
INFO: [ view_parse ] --START--
INFO: [ template_filter ] --START--
INFO: Run Behavior\ContentReplaceBehavior [ RunTime:0.000127s ]
INFO: [ template_filter ] --END-- [ RunTime:0.000365s ]
INFO: Run Behavior\ParseTemplateBehavior [ RunTime:0.030152s ]
INFO: [ view_parse ] --END-- [ RunTime:0.030470s ]
INFO: [ view_filter ] --START--
INFO: Run Behavior\WriteHtmlCacheBehavior [ RunTime:0.000506s ]
INFO: [ view_filter ] --END-- [ RunTime:0.000793s ]
INFO: [ app_end ] --START--
INFO: Run Behavior\ShowPageTraceBehavior [ RunTime:0.000864s ]
INFO: [ app_end ] --END-- [ RunTime:0.001207s ]

[ 2016-08-28T13:03:25+08:00 ] 127.0.0.1 /admin/advert/list.html
INFO: [ app_init ] --START--
INFO: Run Behavior\BuildLiteBehavior [ RunTime:0.000042s ]
INFO: [ app_init ] --END-- [ RunTime:0.000253s ]
INFO: [ app_begin ] --START--
INFO: Run Behavior\ReadHtmlCacheBehavior [ RunTime:0.000914s ]
INFO: [ app_begin ] --END-- [ RunTime:0.001156s ]
SQL: SHOW COLUMNS FROM `clients` [ RunTime:0.0050s ]
SQL: SELECT * FROM `clients` WHERE ( status='opened' AND host='www.tp.com' ) LIMIT 1   [ RunTime:0.0006s ]
SQL: SHOW COLUMNS FROM `adverts` [ RunTime:0.0039s ]
SQL: SELECT COUNT(*) AS tp_count FROM `adverts` WHERE ( client_id=1 ) LIMIT 1   [ RunTime:0.0004s ]
SQL: SELECT * FROM `adverts` WHERE ( client_id=1 ) LIMIT 0,10   [ RunTime:0.0005s ]
INFO: [ view_parse ] --START--
INFO: [ template_filter ] --START--
INFO: Run Behavior\ContentReplaceBehavior [ RunTime:0.000125s ]
INFO: [ template_filter ] --END-- [ RunTime:0.000339s ]
INFO: Run Behavior\ParseTemplateBehavior [ RunTime:0.018142s ]
INFO: [ view_parse ] --END-- [ RunTime:0.018418s ]
INFO: [ view_filter ] --START--
INFO: Run Behavior\WriteHtmlCacheBehavior [ RunTime:0.000402s ]
INFO: [ view_filter ] --END-- [ RunTime:0.000588s ]
INFO: [ app_end ] --START--
INFO: Run Behavior\ShowPageTraceBehavior [ RunTime:0.000623s ]
INFO: [ app_end ] --END-- [ RunTime:0.000811s ]

[ 2016-08-28T13:03:26+08:00 ] 127.0.0.1 /admin/link/list.html
INFO: [ app_init ] --START--
INFO: Run Behavior\BuildLiteBehavior [ RunTime:0.000043s ]
INFO: [ app_init ] --END-- [ RunTime:0.000320s ]
INFO: [ app_begin ] --START--
INFO: Run Behavior\ReadHtmlCacheBehavior [ RunTime:0.000663s ]
INFO: [ app_begin ] --END-- [ RunTime:0.000862s ]
SQL: SHOW COLUMNS FROM `clients` [ RunTime:0.0048s ]
SQL: SELECT * FROM `clients` WHERE ( status='opened' AND host='www.tp.com' ) LIMIT 1   [ RunTime:0.0006s ]
SQL: SHOW COLUMNS FROM `links` [ RunTime:0.0038s ]
SQL: SELECT COUNT(*) AS tp_count FROM `links` WHERE ( client_id=1 ) LIMIT 1   [ RunTime:0.0004s ]
SQL: SELECT * FROM `links` WHERE ( client_id=1 )  [ RunTime:0.0004s ]
INFO: [ view_parse ] --START--
INFO: [ template_filter ] --START--
INFO: Run Behavior\ContentReplaceBehavior [ RunTime:0.000126s ]
INFO: [ template_filter ] --END-- [ RunTime:0.000374s ]
INFO: Run Behavior\ParseTemplateBehavior [ RunTime:0.019379s ]
INFO: [ view_parse ] --END-- [ RunTime:0.019633s ]
INFO: [ view_filter ] --START--
INFO: Run Behavior\WriteHtmlCacheBehavior [ RunTime:0.000497s ]
INFO: [ view_filter ] --END-- [ RunTime:0.000685s ]
INFO: [ app_end ] --START--
INFO: Run Behavior\ShowPageTraceBehavior [ RunTime:0.000921s ]
INFO: [ app_end ] --END-- [ RunTime:0.001245s ]

[ 2016-08-28T13:03:27+08:00 ] 127.0.0.1 /admin/link/list.html
INFO: [ app_init ] --START--
INFO: Run Behavior\BuildLiteBehavior [ RunTime:0.000082s ]
INFO: [ app_init ] --END-- [ RunTime:0.000478s ]
INFO: [ app_begin ] --START--
INFO: Run Behavior\ReadHtmlCacheBehavior [ RunTime:0.001101s ]
INFO: [ app_begin ] --END-- [ RunTime:0.001503s ]
SQL: SHOW COLUMNS FROM `clients` [ RunTime:0.0047s ]
SQL: SELECT * FROM `clients` WHERE ( status='opened' AND host='www.tp.com' ) LIMIT 1   [ RunTime:0.0006s ]
SQL: SHOW COLUMNS FROM `links` [ RunTime:0.0038s ]
SQL: SELECT COUNT(*) AS tp_count FROM `links` WHERE ( client_id=1 ) LIMIT 1   [ RunTime:0.0003s ]
SQL: SELECT * FROM `links` WHERE ( client_id=1 )  [ RunTime:0.0005s ]
INFO: [ view_parse ] --START--
INFO: [ template_filter ] --START--
INFO: Run Behavior\ContentReplaceBehavior [ RunTime:0.000210s ]
INFO: [ template_filter ] --END-- [ RunTime:0.000575s ]
INFO: Run Behavior\ParseTemplateBehavior [ RunTime:0.020521s ]
INFO: [ view_parse ] --END-- [ RunTime:0.020776s ]
INFO: [ view_filter ] --START--
INFO: Run Behavior\WriteHtmlCacheBehavior [ RunTime:0.000486s ]
INFO: [ view_filter ] --END-- [ RunTime:0.000676s ]
INFO: [ app_end ] --START--
INFO: Run Behavior\ShowPageTraceBehavior [ RunTime:0.000727s ]
INFO: [ app_end ] --END-- [ RunTime:0.000942s ]

[ 2016-08-28T13:03:29+08:00 ] 127.0.0.1 /admin/link/list.html
INFO: [ app_init ] --START--
INFO: Run Behavior\BuildLiteBehavior [ RunTime:0.000040s ]
INFO: [ app_init ] --END-- [ RunTime:0.000243s ]
INFO: [ app_begin ] --START--
INFO: Run Behavior\ReadHtmlCacheBehavior [ RunTime:0.000637s ]
INFO: [ app_begin ] --END-- [ RunTime:0.000862s ]
SQL: SHOW COLUMNS FROM `clients` [ RunTime:0.0065s ]
SQL: SELECT * FROM `clients` WHERE ( status='opened' AND host='www.tp.com' ) LIMIT 1   [ RunTime:0.0006s ]
SQL: SHOW COLUMNS FROM `links` [ RunTime:0.0039s ]
SQL: SELECT COUNT(*) AS tp_count FROM `links` WHERE ( client_id=1 ) LIMIT 1   [ RunTime:0.0003s ]
SQL: SELECT * FROM `links` WHERE ( client_id=1 )  [ RunTime:0.0003s ]
INFO: [ view_parse ] --START--
INFO: [ template_filter ] --START--
INFO: Run Behavior\ContentReplaceBehavior [ RunTime:0.000125s ]
INFO: [ template_filter ] --END-- [ RunTime:0.000340s ]
INFO: Run Behavior\ParseTemplateBehavior [ RunTime:0.017611s ]
INFO: [ view_parse ] --END-- [ RunTime:0.017831s ]
INFO: [ view_filter ] --START--
INFO: Run Behavior\WriteHtmlCacheBehavior [ RunTime:0.000390s ]
INFO: [ view_filter ] --END-- [ RunTime:0.000574s ]
INFO: [ app_end ] --START--
INFO: Run Behavior\ShowPageTraceBehavior [ RunTime:0.000619s ]
INFO: [ app_end ] --END-- [ RunTime:0.000817s ]

[ 2016-08-28T13:03:30+08:00 ] 127.0.0.1 /admin/link/list.html
INFO: [ app_init ] --START--
INFO: Run Behavior\BuildLiteBehavior [ RunTime:0.000040s ]
INFO: [ app_init ] --END-- [ RunTime:0.000243s ]
INFO: [ app_begin ] --START--
INFO: Run Behavior\ReadHtmlCacheBehavior [ RunTime:0.000963s ]
INFO: [ app_begin ] --END-- [ RunTime:0.001244s ]
SQL: SHOW COLUMNS FROM `clients` [ RunTime:0.0040s ]
SQL: SELECT * FROM `clients` WHERE ( status='opened' AND host='www.tp.com' ) LIMIT 1   [ RunTime:0.0005s ]
SQL: SHOW COLUMNS FROM `links` [ RunTime:0.0038s ]
SQL: SELECT COUNT(*) AS tp_count FROM `links` WHERE ( client_id=1 ) LIMIT 1   [ RunTime:0.0005s ]
SQL: SELECT * FROM `links` WHERE ( client_id=1 )  [ RunTime:0.0004s ]
INFO: [ view_parse ] --START--
INFO: [ template_filter ] --START--
INFO: Run Behavior\ContentReplaceBehavior [ RunTime:0.000124s ]
INFO: [ template_filter ] --END-- [ RunTime:0.000338s ]
INFO: Run Behavior\ParseTemplateBehavior [ RunTime:0.017204s ]
INFO: [ view_parse ] --END-- [ RunTime:0.017458s ]
INFO: [ view_filter ] --START--
INFO: Run Behavior\WriteHtmlCacheBehavior [ RunTime:0.000460s ]
INFO: [ view_filter ] --END-- [ RunTime:0.000646s ]
INFO: [ app_end ] --START--
INFO: Run Behavior\ShowPageTraceBehavior [ RunTime:0.000699s ]
INFO: [ app_end ] --END-- [ RunTime:0.000897s ]

[ 2016-08-28T13:03:33+08:00 ] 127.0.0.1 /admin/link/list.html
INFO: [ app_init ] --START--
INFO: Run Behavior\BuildLiteBehavior [ RunTime:0.000086s ]
INFO: [ app_init ] --END-- [ RunTime:0.000518s ]
INFO: [ app_begin ] --START--
INFO: Run Behavior\ReadHtmlCacheBehavior [ RunTime:0.000712s ]
INFO: [ app_begin ] --END-- [ RunTime:0.000939s ]
SQL: SHOW COLUMNS FROM `clients` [ RunTime:0.0073s ]
SQL: SELECT * FROM `clients` WHERE ( status='opened' AND host='www.tp.com' ) LIMIT 1   [ RunTime:0.0007s ]
SQL: SHOW COLUMNS FROM `links` [ RunTime:0.0049s ]
SQL: SELECT COUNT(*) AS tp_count FROM `links` WHERE ( client_id=1 ) LIMIT 1   [ RunTime:0.0004s ]
SQL: SELECT * FROM `links` WHERE ( client_id=1 )  [ RunTime:0.0004s ]
INFO: [ view_parse ] --START--
INFO: [ template_filter ] --START--
INFO: Run Behavior\ContentReplaceBehavior [ RunTime:0.000141s ]
INFO: [ template_filter ] --END-- [ RunTime:0.000365s ]
INFO: Run Behavior\ParseTemplateBehavior [ RunTime:0.019051s ]
INFO: [ view_parse ] --END-- [ RunTime:0.019271s ]
INFO: [ view_filter ] --START--
INFO: Run Behavior\WriteHtmlCacheBehavior [ RunTime:0.000499s ]
INFO: [ view_filter ] --END-- [ RunTime:0.000685s ]
INFO: [ app_end ] --START--
INFO: Run Behavior\ShowPageTraceBehavior [ RunTime:0.000635s ]
INFO: [ app_end ] --END-- [ RunTime:0.000826s ]

[ 2016-08-28T13:03:37+08:00 ] 127.0.0.1 /admin/link/edit/5
INFO: [ app_init ] --START--
INFO: Run Behavior\BuildLiteBehavior [ RunTime:0.000042s ]
INFO: [ app_init ] --END-- [ RunTime:0.000260s ]
INFO: [ app_begin ] --START--
INFO: Run Behavior\ReadHtmlCacheBehavior [ RunTime:0.000735s ]
INFO: [ app_begin ] --END-- [ RunTime:0.000911s ]
SQL: SHOW COLUMNS FROM `clients` [ RunTime:0.0064s ]
SQL: SELECT * FROM `clients` WHERE ( status='opened' AND host='www.tp.com' ) LIMIT 1   [ RunTime:0.0006s ]
SQL: SHOW COLUMNS FROM `links` [ RunTime:0.0055s ]
SQL: SELECT * FROM `links` WHERE ( id=5 ) LIMIT 1   [ RunTime:0.0005s ]
INFO: [ view_parse ] --START--
INFO: [ template_filter ] --START--
INFO: Run Behavior\ContentReplaceBehavior [ RunTime:0.000116s ]
INFO: [ template_filter ] --END-- [ RunTime:0.000295s ]
INFO: Run Behavior\ParseTemplateBehavior [ RunTime:0.012535s ]
INFO: [ view_parse ] --END-- [ RunTime:0.012822s ]
INFO: [ view_filter ] --START--
INFO: Run Behavior\WriteHtmlCacheBehavior [ RunTime:0.000650s ]
INFO: [ view_filter ] --END-- [ RunTime:0.000928s ]
INFO: [ app_end ] --START--
INFO: Run Behavior\ShowPageTraceBehavior [ RunTime:0.001026s ]
INFO: [ app_end ] --END-- [ RunTime:0.001220s ]

[ 2016-08-28T13:03:40+08:00 ] 127.0.0.1 /admin/link/list.html
INFO: [ app_init ] --START--
INFO: Run Behavior\BuildLiteBehavior [ RunTime:0.000041s ]
INFO: [ app_init ] --END-- [ RunTime:0.000244s ]
INFO: [ app_begin ] --START--
INFO: Run Behavior\ReadHtmlCacheBehavior [ RunTime:0.000654s ]
INFO: [ app_begin ] --END-- [ RunTime:0.000865s ]
SQL: SHOW COLUMNS FROM `clients` [ RunTime:0.0058s ]
SQL: SELECT * FROM `clients` WHERE ( status='opened' AND host='www.tp.com' ) LIMIT 1   [ RunTime:0.0005s ]
SQL: SHOW COLUMNS FROM `links` [ RunTime:0.0041s ]
SQL: SELECT COUNT(*) AS tp_count FROM `links` WHERE ( client_id=1 ) LIMIT 1   [ RunTime:0.0003s ]
SQL: SELECT * FROM `links` WHERE ( client_id=1 )  [ RunTime:0.0003s ]
INFO: [ view_parse ] --START--
INFO: [ template_filter ] --START--
INFO: Run Behavior\ContentReplaceBehavior [ RunTime:0.000125s ]
INFO: [ template_filter ] --END-- [ RunTime:0.000341s ]
INFO: Run Behavior\ParseTemplateBehavior [ RunTime:0.016999s ]
INFO: [ view_parse ] --END-- [ RunTime:0.017214s ]
INFO: [ view_filter ] --START--
INFO: Run Behavior\WriteHtmlCacheBehavior [ RunTime:0.000396s ]
INFO: [ view_filter ] --END-- [ RunTime:0.000582s ]
INFO: [ app_end ] --START--
INFO: Run Behavior\ShowPageTraceBehavior [ RunTime:0.000618s ]
INFO: [ app_end ] --END-- [ RunTime:0.000843s ]

[ 2016-08-28T13:27:59+08:00 ] 127.0.0.1 /admin/
INFO: [ app_init ] --START--
INFO: Run Behavior\BuildLiteBehavior [ RunTime:0.000086s ]
INFO: [ app_init ] --END-- [ RunTime:0.000512s ]
INFO: [ app_begin ] --START--
INFO: Run Behavior\ReadHtmlCacheBehavior [ RunTime:0.000738s ]
INFO: [ app_begin ] --END-- [ RunTime:0.000972s ]
SQL: SHOW COLUMNS FROM `clients` [ RunTime:0.0070s ]
SQL: SELECT * FROM `clients` WHERE ( status='opened' AND host='www.tp.com' ) LIMIT 1   [ RunTime:0.0009s ]
SQL: SHOW COLUMNS FROM `clients` [ RunTime:0.0043s ]
INFO: [ view_parse ] --START--
INFO: [ template_filter ] --START--
INFO: Run Behavior\ContentReplaceBehavior [ RunTime:0.000166s ]
INFO: [ template_filter ] --END-- [ RunTime:0.000413s ]
INFO: Run Behavior\ParseTemplateBehavior [ RunTime:0.027218s ]
INFO: [ view_parse ] --END-- [ RunTime:0.027439s ]
INFO: [ view_filter ] --START--
INFO: Run Behavior\WriteHtmlCacheBehavior [ RunTime:0.000616s ]
INFO: [ view_filter ] --END-- [ RunTime:0.000813s ]
INFO: [ app_end ] --START--
INFO: Run Behavior\ShowPageTraceBehavior [ RunTime:0.001075s ]
INFO: [ app_end ] --END-- [ RunTime:0.001364s ]

[ 2016-08-28T13:28:00+08:00 ] 127.0.0.1 /admin/
INFO: [ app_init ] --START--
INFO: Run Behavior\BuildLiteBehavior [ RunTime:0.000040s ]
INFO: [ app_init ] --END-- [ RunTime:0.000242s ]
INFO: [ app_begin ] --START--
INFO: Run Behavior\ReadHtmlCacheBehavior [ RunTime:0.001110s ]
INFO: [ app_begin ] --END-- [ RunTime:0.001515s ]
SQL: SHOW COLUMNS FROM `clients` [ RunTime:0.0058s ]
SQL: SELECT * FROM `clients` WHERE ( status='opened' AND host='www.tp.com' ) LIMIT 1   [ RunTime:0.0006s ]
SQL: SHOW COLUMNS FROM `clients` [ RunTime:0.0054s ]
INFO: [ view_parse ] --START--
INFO: [ template_filter ] --START--
INFO: Run Behavior\ContentReplaceBehavior [ RunTime:0.000167s ]
INFO: [ template_filter ] --END-- [ RunTime:0.000401s ]
INFO: Run Behavior\ParseTemplateBehavior [ RunTime:0.023345s ]
INFO: [ view_parse ] --END-- [ RunTime:0.023653s ]
INFO: [ view_filter ] --START--
INFO: Run Behavior\WriteHtmlCacheBehavior [ RunTime:0.000670s ]
INFO: [ view_filter ] --END-- [ RunTime:0.000934s ]
INFO: [ app_end ] --START--
INFO: Run Behavior\ShowPageTraceBehavior [ RunTime:0.000818s ]
INFO: [ app_end ] --END-- [ RunTime:0.001051s ]

[ 2016-08-28T13:28:02+08:00 ] 127.0.0.1 /admin/advert/add.html
INFO: [ app_init ] --START--
INFO: Run Behavior\BuildLiteBehavior [ RunTime:0.000076s ]
INFO: [ app_init ] --END-- [ RunTime:0.000464s ]
INFO: [ app_begin ] --START--
INFO: Run Behavior\ReadHtmlCacheBehavior [ RunTime:0.001209s ]
INFO: [ app_begin ] --END-- [ RunTime:0.001589s ]
SQL: SHOW COLUMNS FROM `clients` [ RunTime:0.0057s ]
SQL: SELECT * FROM `clients` WHERE ( status='opened' AND host='www.tp.com' ) LIMIT 1   [ RunTime:0.0006s ]
SQL: SHOW COLUMNS FROM `adverts` [ RunTime:0.0045s ]
INFO: [ view_parse ] --START--
INFO: [ template_filter ] --START--
INFO: Run Behavior\ContentReplaceBehavior [ RunTime:0.000366s ]
INFO: [ template_filter ] --END-- [ RunTime:0.001092s ]
NOTIC: [8] Undefined index: id C:\wamp\www\thinkphp\mysite\Runtime\Cache\Admin\347492398395929161b535d8324009de.php 第 16 行.
NOTIC: [8] Undefined index: name C:\wamp\www\thinkphp\mysite\Runtime\Cache\Admin\347492398395929161b535d8324009de.php 第 20 行.
NOTIC: [8] Undefined index: url C:\wamp\www\thinkphp\mysite\Runtime\Cache\Admin\347492398395929161b535d8324009de.php 第 26 行.
NOTIC: [8] Undefined index: image_url C:\wamp\www\thinkphp\mysite\Runtime\Cache\Admin\347492398395929161b535d8324009de.php 第 32 行.
INFO: Run Behavior\ParseTemplateBehavior [ RunTime:0.019930s ]
INFO: [ view_parse ] --END-- [ RunTime:0.020170s ]
INFO: [ view_filter ] --START--
INFO: Run Behavior\WriteHtmlCacheBehavior [ RunTime:0.000437s ]
INFO: [ view_filter ] --END-- [ RunTime:0.000595s ]
INFO: [ app_end ] --START--
INFO: Run Behavior\ShowPageTraceBehavior [ RunTime:0.000606s ]
INFO: [ app_end ] --END-- [ RunTime:0.000760s ]

[ 2016-08-28T13:28:05+08:00 ] 127.0.0.1 /admin/advert/list.html
INFO: [ app_init ] --START--
INFO: Run Behavior\BuildLiteBehavior [ RunTime:0.000040s ]
INFO: [ app_init ] --END-- [ RunTime:0.000273s ]
INFO: [ app_begin ] --START--
INFO: Run Behavior\ReadHtmlCacheBehavior [ RunTime:0.000764s ]
INFO: [ app_begin ] --END-- [ RunTime:0.001031s ]
SQL: SHOW COLUMNS FROM `clients` [ RunTime:0.0040s ]
SQL: SELECT * FROM `clients` WHERE ( status='opened' AND host='www.tp.com' ) LIMIT 1   [ RunTime:0.0005s ]
SQL: SHOW COLUMNS FROM `adverts` [ RunTime:0.0051s ]
SQL: SELECT COUNT(*) AS tp_count FROM `adverts` WHERE ( client_id=1 ) LIMIT 1   [ RunTime:0.0013s ]
SQL: SELECT * FROM `adverts` WHERE ( client_id=1 ) LIMIT 0,10   [ RunTime:0.0004s ]
INFO: [ view_parse ] --START--
INFO: [ template_filter ] --START--
INFO: Run Behavior\ContentReplaceBehavior [ RunTime:0.000124s ]
INFO: [ template_filter ] --END-- [ RunTime:0.000341s ]
INFO: Run Behavior\ParseTemplateBehavior [ RunTime:0.019262s ]
INFO: [ view_parse ] --END-- [ RunTime:0.019668s ]
INFO: [ view_filter ] --START--
INFO: Run Behavior\WriteHtmlCacheBehavior [ RunTime:0.000746s ]
INFO: [ view_filter ] --END-- [ RunTime:0.001067s ]
INFO: [ app_end ] --START--
INFO: Run Behavior\ShowPageTraceBehavior [ RunTime:0.001324s ]
INFO: [ app_end ] --END-- [ RunTime:0.001725s ]

[ 2016-08-28T13:28:05+08:00 ] 127.0.0.1 /Admin/Advert/index
INFO: [ app_init ] --START--
INFO: Run Behavior\BuildLiteBehavior [ RunTime:0.000075s ]
INFO: [ app_init ] --END-- [ RunTime:0.000430s ]
INFO: [ app_begin ] --START--
INFO: Run Behavior\ReadHtmlCacheBehavior [ RunTime:0.001428s ]
INFO: [ app_begin ] --END-- [ RunTime:0.001864s ]
SQL: SHOW COLUMNS FROM `clients` [ RunTime:0.0048s ]
SQL: SELECT * FROM `clients` WHERE ( status='opened' AND host='www.tp.com' ) LIMIT 1   [ RunTime:0.0005s ]
SQL: SHOW COLUMNS FROM `adverts` [ RunTime:0.0053s ]
SQL: SELECT COUNT(*) AS tp_count FROM `adverts` WHERE ( client_id=1 ) LIMIT 1   [ RunTime:0.0004s ]
SQL: SELECT * FROM `adverts` WHERE ( client_id=1 ) LIMIT 0,10   [ RunTime:0.0005s ]
INFO: [ view_parse ] --START--
INFO: [ template_filter ] --START--
INFO: Run Behavior\ContentReplaceBehavior [ RunTime:0.000236s ]
INFO: [ template_filter ] --END-- [ RunTime:0.001289s ]
INFO: Run Behavior\ParseTemplateBehavior [ RunTime:0.032434s ]
INFO: [ view_parse ] --END-- [ RunTime:0.032709s ]
INFO: [ view_filter ] --START--
INFO: Run Behavior\WriteHtmlCacheBehavior [ RunTime:0.000526s ]
INFO: [ view_filter ] --END-- [ RunTime:0.000778s ]
INFO: [ app_end ] --START--
INFO: Run Behavior\ShowPageTraceBehavior [ RunTime:0.000653s ]
INFO: [ app_end ] --END-- [ RunTime:0.000845s ]

[ 2016-08-28T13:28:05+08:00 ] 127.0.0.1 /admin/advert/list.html
INFO: [ app_init ] --START--
INFO: Run Behavior\BuildLiteBehavior [ RunTime:0.000039s ]
INFO: [ app_init ] --END-- [ RunTime:0.000260s ]
INFO: [ app_begin ] --START--
INFO: Run Behavior\ReadHtmlCacheBehavior [ RunTime:0.000649s ]
INFO: [ app_begin ] --END-- [ RunTime:0.000872s ]
SQL: SHOW COLUMNS FROM `clients` [ RunTime:0.0070s ]
SQL: SELECT * FROM `clients` WHERE ( status='opened' AND host='www.tp.com' ) LIMIT 1   [ RunTime:0.0006s ]
SQL: SHOW COLUMNS FROM `adverts` [ RunTime:0.0041s ]
SQL: SELECT COUNT(*) AS tp_count FROM `adverts` WHERE ( client_id=1 ) LIMIT 1   [ RunTime:0.0005s ]
SQL: SELECT * FROM `adverts` WHERE ( client_id=1 ) LIMIT 0,10   [ RunTime:0.0005s ]
INFO: [ view_parse ] --START--
INFO: [ template_filter ] --START--
INFO: Run Behavior\ContentReplaceBehavior [ RunTime:0.000122s ]
INFO: [ template_filter ] --END-- [ RunTime:0.000336s ]
INFO: Run Behavior\ParseTemplateBehavior [ RunTime:0.019649s ]
INFO: [ view_parse ] --END-- [ RunTime:0.019939s ]
INFO: [ view_filter ] --START--
INFO: Run Behavior\WriteHtmlCacheBehavior [ RunTime:0.000394s ]
INFO: [ view_filter ] --END-- [ RunTime:0.000590s ]
INFO: [ app_end ] --START--
INFO: Run Behavior\ShowPageTraceBehavior [ RunTime:0.000614s ]
INFO: [ app_end ] --END-- [ RunTime:0.000815s ]

[ 2016-08-28T13:28:06+08:00 ] 127.0.0.1 /admin/post_type/list.html
INFO: [ app_init ] --START--
INFO: Run Behavior\BuildLiteBehavior [ RunTime:0.000041s ]
INFO: [ app_init ] --END-- [ RunTime:0.000243s ]
INFO: [ app_begin ] --START--
INFO: Run Behavior\ReadHtmlCacheBehavior [ RunTime:0.000961s ]
INFO: [ app_begin ] --END-- [ RunTime:0.001319s ]
SQL: SHOW COLUMNS FROM `clients` [ RunTime:0.0045s ]
SQL: SELECT * FROM `clients` WHERE ( status='opened' AND host='www.tp.com' ) LIMIT 1   [ RunTime:0.0005s ]
SQL: SHOW COLUMNS FROM `post_types` [ RunTime:0.0040s ]
SQL: SELECT COUNT(*) AS tp_count FROM `post_types` WHERE ( client_id=1 ) LIMIT 1   [ RunTime:0.0006s ]
SQL: SELECT * FROM `post_types` WHERE ( client_id=1 )  [ RunTime:0.0005s ]
INFO: [ view_parse ] --START--
INFO: [ template_filter ] --START--
INFO: Run Behavior\ContentReplaceBehavior [ RunTime:0.000208s ]
INFO: [ template_filter ] --END-- [ RunTime:0.000575s ]
INFO: Run Behavior\ParseTemplateBehavior [ RunTime:0.017995s ]
INFO: [ view_parse ] --END-- [ RunTime:0.018218s ]
INFO: [ view_filter ] --START--
INFO: Run Behavior\WriteHtmlCacheBehavior [ RunTime:0.000489s ]
INFO: [ view_filter ] --END-- [ RunTime:0.000675s ]
INFO: [ app_end ] --START--
INFO: Run Behavior\ShowPageTraceBehavior [ RunTime:0.000637s ]
INFO: [ app_end ] --END-- [ RunTime:0.000827s ]

[ 2016-08-28T13:28:07+08:00 ] 127.0.0.1 /admin/post_type/list.html
INFO: [ app_init ] --START--
INFO: Run Behavior\BuildLiteBehavior [ RunTime:0.000042s ]
INFO: [ app_init ] --END-- [ RunTime:0.000261s ]
INFO: [ app_begin ] --START--
INFO: Run Behavior\ReadHtmlCacheBehavior [ RunTime:0.001041s ]
INFO: [ app_begin ] --END-- [ RunTime:0.001448s ]
SQL: SHOW COLUMNS FROM `clients` [ RunTime:0.0053s ]
SQL: SELECT * FROM `clients` WHERE ( status='opened' AND host='www.tp.com' ) LIMIT 1   [ RunTime:0.0008s ]
SQL: SHOW COLUMNS FROM `post_types` [ RunTime:0.0051s ]
SQL: SELECT COUNT(*) AS tp_count FROM `post_types` WHERE ( client_id=1 ) LIMIT 1   [ RunTime:0.0004s ]
SQL: SELECT * FROM `post_types` WHERE ( client_id=1 )  [ RunTime:0.0005s ]
INFO: [ view_parse ] --START--
INFO: [ template_filter ] --START--
INFO: Run Behavior\ContentReplaceBehavior [ RunTime:0.000150s ]
INFO: [ template_filter ] --END-- [ RunTime:0.000614s ]
INFO: Run Behavior\ParseTemplateBehavior [ RunTime:0.017658s ]
INFO: [ view_parse ] --END-- [ RunTime:0.017885s ]
INFO: [ view_filter ] --START--
INFO: Run Behavior\WriteHtmlCacheBehavior [ RunTime:0.000444s ]
INFO: [ view_filter ] --END-- [ RunTime:0.000629s ]
INFO: [ app_end ] --START--
INFO: Run Behavior\ShowPageTraceBehavior [ RunTime:0.000632s ]
INFO: [ app_end ] --END-- [ RunTime:0.000899s ]

[ 2016-08-28T13:28:08+08:00 ] 127.0.0.1 /admin/post_type/list.html
INFO: [ app_init ] --START--
INFO: Run Behavior\BuildLiteBehavior [ RunTime:0.000076s ]
INFO: [ app_init ] --END-- [ RunTime:0.000438s ]
INFO: [ app_begin ] --START--
INFO: Run Behavior\ReadHtmlCacheBehavior [ RunTime:0.000754s ]
INFO: [ app_begin ] --END-- [ RunTime:0.001072s ]
SQL: SHOW COLUMNS FROM `clients` [ RunTime:0.0061s ]
SQL: SELECT * FROM `clients` WHERE ( status='opened' AND host='www.tp.com' ) LIMIT 1   [ RunTime:0.0005s ]
SQL: SHOW COLUMNS FROM `post_types` [ RunTime:0.0036s ]
SQL: SELECT COUNT(*) AS tp_count FROM `post_types` WHERE ( client_id=1 ) LIMIT 1   [ RunTime:0.0003s ]
SQL: SELECT * FROM `post_types` WHERE ( client_id=1 )  [ RunTime:0.0003s ]
INFO: [ view_parse ] --START--
INFO: [ template_filter ] --START--
INFO: Run Behavior\ContentReplaceBehavior [ RunTime:0.000125s ]
INFO: [ template_filter ] --END-- [ RunTime:0.000342s ]
INFO: Run Behavior\ParseTemplateBehavior [ RunTime:0.017852s ]
INFO: [ view_parse ] --END-- [ RunTime:0.018070s ]
INFO: [ view_filter ] --START--
INFO: Run Behavior\WriteHtmlCacheBehavior [ RunTime:0.000520s ]
INFO: [ view_filter ] --END-- [ RunTime:0.000728s ]
INFO: [ app_end ] --START--
INFO: Run Behavior\ShowPageTraceBehavior [ RunTime:0.000743s ]
INFO: [ app_end ] --END-- [ RunTime:0.000958s ]

[ 2016-08-28T13:28:09+08:00 ] 127.0.0.1 /admin/post_type/add.html
INFO: [ app_init ] --START--
INFO: Run Behavior\BuildLiteBehavior [ RunTime:0.000069s ]
INFO: [ app_init ] --END-- [ RunTime:0.000355s ]
INFO: [ app_begin ] --START--
INFO: Run Behavior\ReadHtmlCacheBehavior [ RunTime:0.000662s ]
INFO: [ app_begin ] --END-- [ RunTime:0.000836s ]
SQL: SHOW COLUMNS FROM `clients` [ RunTime:0.0064s ]
SQL: SELECT * FROM `clients` WHERE ( status='opened' AND host='www.tp.com' ) LIMIT 1   [ RunTime:0.0006s ]
SQL: SHOW COLUMNS FROM `post_types` [ RunTime:0.0037s ]
INFO: [ view_parse ] --START--
INFO: [ template_filter ] --START--
INFO: Run Behavior\ContentReplaceBehavior [ RunTime:0.000113s ]
INFO: [ template_filter ] --END-- [ RunTime:0.000304s ]
NOTIC: [8] Undefined index: id C:\wamp\www\thinkphp\mysite\Runtime\Cache\Admin\ff295fa1d21a3509761d765425cd260c.php 第 16 行.
NOTIC: [8] Undefined index: name C:\wamp\www\thinkphp\mysite\Runtime\Cache\Admin\ff295fa1d21a3509761d765425cd260c.php 第 20 行.
NOTIC: [8] Undefined index: url_name C:\wamp\www\thinkphp\mysite\Runtime\Cache\Admin\ff295fa1d21a3509761d765425cd260c.php 第 24 行.
INFO: Run Behavior\ParseTemplateBehavior [ RunTime:0.014763s ]
INFO: [ view_parse ] --END-- [ RunTime:0.014935s ]
INFO: [ view_filter ] --START--
INFO: Run Behavior\WriteHtmlCacheBehavior [ RunTime:0.000400s ]
INFO: [ view_filter ] --END-- [ RunTime:0.000559s ]
INFO: [ app_end ] --START--
INFO: Run Behavior\ShowPageTraceBehavior [ RunTime:0.000651s ]
INFO: [ app_end ] --END-- [ RunTime:0.000807s ]

