[ 2016-07-05T21:56:10+08:00 ] 127.0.0.1 /admin/index/set.html
ERR: XML标签语法错误

[ 2016-07-05T22:28:02+08:00 ] 127.0.0.1 /admin/index/set.html
INFO: [ app_begin ] --START--
INFO: Run Behavior\ReadHtmlCacheBehavior [ RunTime:0.000614s ]
INFO: [ app_begin ] --END-- [ RunTime:0.001280s ]
SQL: SHOW COLUMNS FROM `clients` [ RunTime:0.0060s ]
SQL: SELECT * FROM `clients` WHERE ( status='opened' AND host='www.tp.com' ) LIMIT 1   [ RunTime:0.0006s ]
SQL: SHOW COLUMNS FROM `clients` [ RunTime:0.0037s ]
INFO: [ view_parse ] --START--
INFO: [ template_filter ] --START--
INFO: Run Behavior\ContentReplaceBehavior [ RunTime:0.000129s ]
INFO: [ template_filter ] --END-- [ RunTime:0.000300s ]
INFO: Run Behavior\ParseTemplateBehavior [ RunTime:0.019976s ]
INFO: [ view_parse ] --END-- [ RunTime:0.020220s ]
INFO: [ view_filter ] --START--
INFO: Run Behavior\WriteHtmlCacheBehavior [ RunTime:0.000855s ]
INFO: [ view_filter ] --END-- [ RunTime:0.001130s ]
INFO: [ app_end ] --START--
INFO: Run Behavior\ShowPageTraceBehavior [ RunTime:0.001111s ]
INFO: [ app_end ] --END-- [ RunTime:0.001343s ]

[ 2016-07-05T22:31:02+08:00 ] 127.0.0.1 /admin/index/set.html
INFO: [ app_begin ] --START--
INFO: Run Behavior\ReadHtmlCacheBehavior [ RunTime:0.000903s ]
INFO: [ app_begin ] --END-- [ RunTime:0.001746s ]
SQL: SHOW COLUMNS FROM `clients` [ RunTime:0.0074s ]
SQL: SELECT * FROM `clients` WHERE ( status='opened' AND host='www.tp.com' ) LIMIT 1   [ RunTime:0.0007s ]
SQL: SHOW COLUMNS FROM `clients` [ RunTime:0.0059s ]
INFO: [ view_parse ] --START--
INFO: [ template_filter ] --START--
INFO: Run Behavior\ContentReplaceBehavior [ RunTime:0.000262s ]
INFO: [ template_filter ] --END-- [ RunTime:0.000584s ]
INFO: Run Behavior\ParseTemplateBehavior [ RunTime:0.029535s ]
INFO: [ view_parse ] --END-- [ RunTime:0.029866s ]
INFO: [ view_filter ] --START--
INFO: Run Behavior\WriteHtmlCacheBehavior [ RunTime:0.000971s ]
INFO: [ view_filter ] --END-- [ RunTime:0.001323s ]
INFO: [ app_end ] --START--
INFO: Run Behavior\ShowPageTraceBehavior [ RunTime:0.001096s ]
INFO: [ app_end ] --END-- [ RunTime:0.001790s ]

[ 2016-07-05T22:31:02+08:00 ] 127.0.0.1 /admin/index/path_to_your_image_proccessing_file.php
INFO: [ app_begin ] --START--
INFO: Run Behavior\ReadHtmlCacheBehavior [ RunTime:0.001318s ]
INFO: [ app_begin ] --END-- [ RunTime:0.002370s ]
SQL: SHOW COLUMNS FROM `clients` [ RunTime:0.0061s ]
SQL: SELECT * FROM `clients` WHERE ( status='opened' AND host='www.tp.com' ) LIMIT 1   [ RunTime:0.0007s ]
ERR: 非法操作:path_to_your_image_proccessing_file.php

[ 2016-07-05T22:31:03+08:00 ] 127.0.0.1 /admin/index/path_to_your_image_proccessing_file.php
INFO: [ app_begin ] --START--
INFO: Run Behavior\ReadHtmlCacheBehavior [ RunTime:0.000950s ]
INFO: [ app_begin ] --END-- [ RunTime:0.001809s ]
SQL: SHOW COLUMNS FROM `clients` [ RunTime:0.0064s ]
SQL: SELECT * FROM `clients` WHERE ( status='opened' AND host='www.tp.com' ) LIMIT 1   [ RunTime:0.0007s ]
ERR: 非法操作:path_to_your_image_proccessing_file.php

[ 2016-07-05T22:40:50+08:00 ] 127.0.0.1 /admin/index/img_crop_to_file.php
INFO: [ app_begin ] --START--
INFO: Run Behavior\ReadHtmlCacheBehavior [ RunTime:0.001852s ]
INFO: [ app_begin ] --END-- [ RunTime:0.003284s ]
SQL: SHOW COLUMNS FROM `clients` [ RunTime:0.0047s ]
SQL: SELECT * FROM `clients` WHERE ( status='opened' AND host='www.tp.com' ) LIMIT 1   [ RunTime:0.0005s ]
ERR: 非法操作:img_crop_to_file.php

